[INFO] 2021-07-06 19:10:57.877 org.apache.dolphinscheduler.service.zk.ZookeeperOperator:[87] - zookeeper registry center init, server lists is: localhost:2181.
[INFO] 2021-07-06 19:10:57.934 org.apache.curator.utils.Compatibility:[48] - Running in ZooKeeper 3.4.x compatibility mode
[INFO] 2021-07-06 19:10:57.935 org.apache.curator.utils.Compatibility:[61] - Using emulated InjectSessionExpiration
[INFO] 2021-07-06 19:10:57.964 org.apache.curator.framework.imps.CuratorFrameworkImpl:[308] - Starting
[INFO] 2021-07-06 19:10:57.982 org.apache.zookeeper.ZooKeeper:[100] - Client environment:zookeeper.version=3.4.14-4c25d480e66aadd371de8bd2fd8da255ac140bcf, built on 03/06/2019 16:18 GMT
[INFO] 2021-07-06 19:10:57.982 org.apache.zookeeper.ZooKeeper:[100] - Client environment:host.name=localhost
[INFO] 2021-07-06 19:10:57.983 org.apache.zookeeper.ZooKeeper:[100] - Client environment:java.version=11.0.8
[INFO] 2021-07-06 19:10:57.983 org.apache.zookeeper.ZooKeeper:[100] - Client environment:java.vendor=JetBrains s.r.o.
[INFO] 2021-07-06 19:10:57.983 org.apache.zookeeper.ZooKeeper:[100] - Client environment:java.home=/Applications/IntelliJ IDEA.app/Contents/jbr/Contents/Home
[INFO] 2021-07-06 19:10:57.983 org.apache.zookeeper.ZooKeeper:[100] - Client environment:java.class.path=/Users/kirin/Program/IDEAProjects/apache-dolphinscheduler-1.3.6-src/dolphinscheduler-server/target/classes:/Users/kirin/Program/IDEAProjects/apache-dolphinscheduler-1.3.6-src/dolphinscheduler-common/target/classes:/Users/kirin/Program/IDEAProjects/apache-dolphinscheduler-1.3.6-src/dolphinscheduler-plugin-api/target/classes:/Users/kirin/.m2/repository/commons-io/commons-io/2.4/commons-io-2.4.jar:/Users/kirin/.m2/repository/com/alibaba/fastjson/1.2.61/fastjson-1.2.61.jar:/Users/kirin/.m2/repository/commons-configuration/commons-configuration/1.10/commons-configuration-1.10.jar:/Users/kirin/.m2/repository/commons-lang/commons-lang/2.6/commons-lang-2.6.jar:/Users/kirin/.m2/repository/com/fasterxml/jackson/core/jackson-annotations/2.9.10/jackson-annotations-2.9.10.jar:/Users/kirin/.m2/repository/com/fasterxml/jackson/core/jackson-databind/2.9.10/jackson-databind-2.9.10.jar:/Users/kirin/.m2/repository/org/apache/commons/commons-collections4/4.1/commons-collections4-4.1.jar:/Users/kirin/.m2/repository/org/apache/hadoop/hadoop-common/2.7.3/hadoop-common-2.7.3.jar:/Users/kirin/.m2/repository/org/apache/hadoop/hadoop-annotations/2.7.3/hadoop-annotations-2.7.3.jar:/Users/kirin/.m2/repository/commons-cli/commons-cli/1.2/commons-cli-1.2.jar:/Users/kirin/.m2/repository/commons-collections/commons-collections/3.2.2/commons-collections-3.2.2.jar:/Users/kirin/.m2/repository/org/mortbay/jetty/jetty/6.1.26/jetty-6.1.26.jar:/Users/kirin/.m2/repository/org/mortbay/jetty/jetty-util/6.1.26/jetty-util-6.1.26.jar:/Users/kirin/.m2/repository/net/java/dev/jets3t/jets3t/0.9.0/jets3t-0.9.0.jar:/Users/kirin/.m2/repository/com/jamesmurty/utils/java-xmlbuilder/0.4/java-xmlbuilder-0.4.jar:/Users/kirin/.m2/repository/com/google/protobuf/protobuf-java/2.5.0/protobuf-java-2.5.0.jar:/Users/kirin/.m2/repository/org/apache/hadoop/hadoop-auth/2.7.3/hadoop-auth-2.7.3.jar:/Users/kirin/.m2/repository/org/apache/directory/server/apacheds-kerberos-codec/2.0.0-M15/apacheds-kerberos-codec-2.0.0-M15.jar:/Users/kirin/.m2/repository/org/apache/directory/server/apacheds-i18n/2.0.0-M15/apacheds-i18n-2.0.0-M15.jar:/Users/kirin/.m2/repository/org/apache/directory/api/api-asn1-api/1.0.0-M20/api-asn1-api-1.0.0-M20.jar:/Users/kirin/.m2/repository/org/apache/directory/api/api-util/1.0.0-M20/api-util-1.0.0-M20.jar:/Users/kirin/.m2/repository/com/jcraft/jsch/0.1.42/jsch-0.1.42.jar:/Users/kirin/.m2/repository/org/apache/htrace/htrace-core/3.1.0-incubating/htrace-core-3.1.0-incubating.jar:/Users/kirin/.m2/repository/org/apache/commons/commons-compress/1.4.1/commons-compress-1.4.1.jar:/Users/kirin/.m2/repository/org/apache/hadoop/hadoop-client/2.7.3/hadoop-client-2.7.3.jar:/Users/kirin/.m2/repository/org/apache/hadoop/hadoop-mapreduce-client-app/2.7.3/hadoop-mapreduce-client-app-2.7.3.jar:/Users/kirin/.m2/repository/org/apache/hadoop/hadoop-mapreduce-client-common/2.7.3/hadoop-mapreduce-client-common-2.7.3.jar:/Users/kirin/.m2/repository/org/apache/hadoop/hadoop-yarn-client/2.7.3/hadoop-yarn-client-2.7.3.jar:/Users/kirin/.m2/repository/org/apache/hadoop/hadoop-yarn-server-common/2.7.3/hadoop-yarn-server-common-2.7.3.jar:/Users/kirin/.m2/repository/org/apache/hadoop/hadoop-yarn-api/2.7.3/hadoop-yarn-api-2.7.3.jar:/Users/kirin/.m2/repository/org/apache/hadoop/hadoop-mapreduce-client-core/2.7.3/hadoop-mapreduce-client-core-2.7.3.jar:/Users/kirin/.m2/repository/org/apache/hadoop/hadoop-yarn-common/2.7.3/hadoop-yarn-common-2.7.3.jar:/Users/kirin/.m2/repository/org/apache/hadoop/hadoop-mapreduce-client-jobclient/2.7.3/hadoop-mapreduce-client-jobclient-2.7.3.jar:/Users/kirin/.m2/repository/org/apache/hadoop/hadoop-hdfs/2.7.3/hadoop-hdfs-2.7.3.jar:/Users/kirin/.m2/repository/commons-daemon/commons-daemon/1.0.13/commons-daemon-1.0.13.jar:/Users/kirin/.m2/repository/org/codehaus/jackson/jackson-core-asl/1.9.13/jackson-core-asl-1.9.13.jar:/Users/kirin/.m2/repository/org/codehaus/jackson/jackson-mapper-asl/1.9.13/jackson-mapper-asl-1.9.13.jar:/Users/kirin/.m2/repository/xerces/xercesImpl/2.9.1/xercesImpl-2.9.1.jar:/Users/kirin/.m2/repository/xml-apis/xml-apis/1.4.01/xml-apis-1.4.01.jar:/Users/kirin/.m2/repository/org/apache/hadoop/hadoop-aws/2.7.3/hadoop-aws-2.7.3.jar:/Users/kirin/.m2/repository/com/amazonaws/aws-java-sdk/1.7.4/aws-java-sdk-1.7.4.jar:/Users/kirin/.m2/repository/joda-time/joda-time/2.10.8/joda-time-2.10.8.jar:/Users/kirin/.m2/repository/org/postgresql/postgresql/42.1.4/postgresql-42.1.4.jar:/Users/kirin/.m2/repository/org/apache/hive/hive-jdbc/2.1.0/hive-jdbc-2.1.0.jar:/Users/kirin/.m2/repository/org/apache/hive/hive-common/2.1.0/hive-common-2.1.0.jar:/Users/kirin/.m2/repository/org/apache/hive/hive-storage-api/2.1.0/hive-storage-api-2.1.0.jar:/Users/kirin/.m2/repository/org/apache/hive/hive-orc/2.1.0/hive-orc-2.1.0.jar:/Users/kirin/.m2/repository/org/iq80/snappy/snappy/0.2/snappy-0.2.jar:/Users/kirin/.m2/repository/org/apache/logging/log4j/log4j-1.2-api/2.11.2/log4j-1.2-api-2.11.2.jar:/Users/kirin/.m2/repository/org/apache/hive/hive-service/2.1.0/hive-service-2.1.0.jar:/Users/kirin/.m2/repository/net/sf/jpam/jpam/1.1/jpam-1.1.jar:/Users/kirin/.m2/repository/org/apache/thrift/libfb303/0.9.3/libfb303-0.9.3.jar:/Users/kirin/.m2/repository/org/jamon/jamon-runtime/2.3.1/jamon-runtime-2.3.1.jar:/Users/kirin/.m2/repository/org/apache/hive/hive-serde/2.1.0/hive-serde-2.1.0.jar:/Users/kirin/.m2/repository/net/sf/opencsv/opencsv/2.3/opencsv-2.3.jar:/Users/kirin/.m2/repository/org/apache/parquet/parquet-hadoop-bundle/1.8.1/parquet-hadoop-bundle-1.8.1.jar:/Users/kirin/.m2/repository/org/apache/hive/hive-metastore/2.1.0/hive-metastore-2.1.0.jar:/Users/kirin/.m2/repository/javolution/javolution/5.5.1/javolution-5.5.1.jar:/Users/kirin/.m2/repository/com/jolbox/bonecp/0.8.0.RELEASE/bonecp-0.8.0.RELEASE.jar:/Users/kirin/.m2/repository/org/apache/derby/derby/10.14.2.0/derby-10.14.2.0.jar:/Users/kirin/.m2/repository/org/datanucleus/datanucleus-api-jdo/4.2.1/datanucleus-api-jdo-4.2.1.jar:/Users/kirin/.m2/repository/org/datanucleus/datanucleus-core/4.1.6/datanucleus-core-4.1.6.jar:/Users/kirin/.m2/repository/org/datanucleus/datanucleus-rdbms/4.1.7/datanucleus-rdbms-4.1.7.jar:/Users/kirin/.m2/repository/commons-pool/commons-pool/1.6/commons-pool-1.6.jar:/Users/kirin/.m2/repository/commons-dbcp/commons-dbcp/1.4/commons-dbcp-1.4.jar:/Users/kirin/.m2/repository/javax/jdo/jdo-api/3.0.1/jdo-api-3.0.1.jar:/Users/kirin/.m2/repository/javax/transaction/jta/1.1/jta-1.1.jar:/Users/kirin/.m2/repository/org/datanucleus/javax.jdo/3.2.0-m3/javax.jdo-3.2.0-m3.jar:/Users/kirin/.m2/repository/javax/transaction/transaction-api/1.1/transaction-api-1.1.jar:/Users/kirin/.m2/repository/co/cask/tephra/tephra-api/0.6.0/tephra-api-0.6.0.jar:/Users/kirin/.m2/repository/org/apache/hive/hive-service-rpc/2.1.0/hive-service-rpc-2.1.0.jar:/Users/kirin/.m2/repository/org/apache/thrift/libthrift/0.9.3/libthrift-0.9.3.jar:/Users/kirin/.m2/repository/ch/qos/logback/logback-classic/1.2.3/logback-classic-1.2.3.jar:/Users/kirin/.m2/repository/ch/qos/logback/logback-core/1.2.3/logback-core-1.2.3.jar:/Users/kirin/.m2/repository/com/github/oshi/oshi-core/3.9.1/oshi-core-3.9.1.jar:/Users/kirin/.m2/repository/net/java/dev/jna/jna-platform/4.5.2/jna-platform-4.5.2.jar:/Users/kirin/.m2/repository/net/java/dev/jna/jna/4.5.2/jna-4.5.2.jar:/Users/kirin/.m2/repository/ru/yandex/clickhouse/clickhouse-jdbc/0.1.52/clickhouse-jdbc-0.1.52.jar:/Users/kirin/.m2/repository/org/apache/httpcomponents/httpmime/4.5.13/httpmime-4.5.13.jar:/Users/kirin/.m2/repository/net/jpountz/lz4/lz4/1.3.0/lz4-1.3.0.jar:/Users/kirin/.m2/repository/com/microsoft/sqlserver/mssql-jdbc/6.1.0.jre8/mssql-jdbc-6.1.0.jre8.jar:/Users/kirin/.m2/repository/com/baomidou/mybatis-plus-annotation/3.2.0/mybatis-plus-annotation-3.2.0.jar:/Users/kirin/.m2/repository/org/mybatis/mybatis/3.5.2/mybatis-3.5.2.jar:/Users/kirin/.m2/repository/org/apache/skywalking/apm-toolkit-logback-1.x/8.4.0/apm-toolkit-logback-1.x-8.4.0.jar:/Users/kirin/Program/IDEAProjects/apache-dolphinscheduler-1.3.6-src/dolphinscheduler-dao/target/classes:/Users/kirin/.m2/repository/com/baomidou/mybatis-plus/3.2.0/mybatis-plus-3.2.0.jar:/Users/kirin/.m2/repository/com/baomidou/mybatis-plus-extension/3.2.0/mybatis-plus-extension-3.2.0.jar:/Users/kirin/.m2/repository/com/baomidou/mybatis-plus-core/3.2.0/mybatis-plus-core-3.2.0.jar:/Users/kirin/.m2/repository/com/github/jsqlparser/jsqlparser/2.1/jsqlparser-2.1.jar:/Users/kirin/.m2/repository/org/mybatis/mybatis-spring/2.0.2/mybatis-spring-2.0.2.jar:/Users/kirin/.m2/repository/com/baomidou/mybatis-plus-boot-starter/3.2.0/mybatis-plus-boot-starter-3.2.0.jar:/Users/kirin/.m2/repository/org/springframework/boot/spring-boot-autoconfigure/2.1.18.RELEASE/spring-boot-autoconfigure-2.1.18.RELEASE.jar:/Users/kirin/.m2/repository/org/springframework/boot/spring-boot/2.1.18.RELEASE/spring-boot-2.1.18.RELEASE.jar:/Users/kirin/.m2/repository/org/springframework/spring-context/5.1.19.RELEASE/spring-context-5.1.19.RELEASE.jar:/Users/kirin/.m2/repository/org/springframework/spring-aop/5.1.19.RELEASE/spring-aop-5.1.19.RELEASE.jar:/Users/kirin/.m2/repository/org/springframework/spring-expression/5.1.19.RELEASE/spring-expression-5.1.19.RELEASE.jar:/Users/kirin/.m2/repository/org/springframework/boot/spring-boot-starter-jdbc/2.1.18.RELEASE/spring-boot-starter-jdbc-2.1.18.RELEASE.jar:/Users/kirin/.m2/repository/org/springframework/boot/spring-boot-starter/2.1.18.RELEASE/spring-boot-starter-2.1.18.RELEASE.jar:/Users/kirin/.m2/repository/javax/annotation/javax.annotation-api/1.3.2/javax.annotation-api-1.3.2.jar:/Users/kirin/.m2/repository/com/zaxxer/HikariCP/3.2.0/HikariCP-3.2.0.jar:/Users/kirin/.m2/repository/org/springframework/spring-jdbc/5.1.19.RELEASE/spring-jdbc-5.1.19.RELEASE.jar:/Users/kirin/.m2/repository/org/springframework/spring-beans/5.1.19.RELEASE/spring-beans-5.1.19.RELEASE.jar:/Users/kirin/.m2/repository/org/springframework/spring-tx/5.1.19.RELEASE/spring-tx-5.1.19.RELEASE.jar:/Users/kirin/.m2/repository/mysql/mysql-connector-java/8.0.23/mysql-connector-java-8.0.23.jar:/Users/kirin/.m2/repository/com/h2database/h2/1.4.200/h2-1.4.200.jar:/Users/kirin/.m2/repository/com/alibaba/druid/1.1.14/druid-1.1.14.jar:/Users/kirin/.m2/repository/commons-httpclient/commons-httpclient/3.0.1/commons-httpclient-3.0.1.jar:/Users/kirin/.m2/repository/com/cronutils/cron-utils/5.0.5/cron-utils-5.0.5.jar:/Users/kirin/.m2/repository/org/yaml/snakeyaml/1.23/snakeyaml-1.23.jar:/Users/kirin/Program/IDEAProjects/apache-dolphinscheduler-1.3.6-src/dolphinscheduler-service/target/classes:/Users/kirin/Program/IDEAProjects/apache-dolphinscheduler-1.3.6-src/dolphinscheduler-remote/target/classes:/Users/kirin/.m2/repository/io/netty/netty-all/4.1.53.Final/netty-all-4.1.53.Final.jar:/Users/kirin/.m2/repository/org/apache/curator/curator-client/4.3.0/curator-client-4.3.0.jar:/Users/kirin/.m2/repository/org/quartz-scheduler/quartz/2.3.0/quartz-2.3.0.jar:/Users/kirin/.m2/repository/org/apache/logging/log4j/log4j-core/2.11.2/log4j-core-2.11.2.jar:/Users/kirin/.m2/repository/org/apache/logging/log4j/log4j-api/2.11.2/log4j-api-2.11.2.jar:/Users/kirin/.m2/repository/org/quartz-scheduler/quartz-jobs/2.3.0/quartz-jobs-2.3.0.jar:/Users/kirin/.m2/repository/org/apache/curator/curator-framework/4.3.0/curator-framework-4.3.0.jar:/Users/kirin/.m2/repository/org/apache/curator/curator-recipes/4.3.0/curator-recipes-4.3.0.jar:/Users/kirin/.m2/repository/org/apache/zookeeper/zookeeper/3.4.14/zookeeper-3.4.14.jar:/Users/kirin/.m2/repository/org/slf4j/slf4j-api/1.7.5/slf4j-api-1.7.5.jar:/Users/kirin/.m2/repository/log4j/log4j/1.2.17/log4j-1.2.17.jar:/Users/kirin/.m2/repository/jline/jline/0.9.94/jline-0.9.94.jar:/Users/kirin/.m2/repository/org/apache/yetus/audience-annotations/0.5.0/audience-annotations-0.5.0.jar:/Users/kirin/.m2/repository/org/apache/httpcomponents/httpclient/4.4.1/httpclient-4.4.1.jar:/Users/kirin/.m2/repository/commons-logging/commons-logging/1.1.1/commons-logging-1.1.1.jar:/Users/kirin/.m2/repository/commons-codec/commons-codec/1.6/commons-codec-1.6.jar:/Users/kirin/.m2/repository/org/apache/httpcomponents/httpcore/4.4.1/httpcore-4.4.1.jar:/Users/kirin/Program/IDEAProjects/apache-dolphinscheduler-1.3.6-src/dolphinscheduler-alert/target/classes:/Users/kirin/.m2/repository/org/apache/commons/commons-email/1.5/commons-email-1.5.jar:/Users/kirin/.m2/repository/com/sun/mail/javax.mail/1.6.2/javax.mail-1.6.2.jar:/Users/kirin/.m2/repository/javax/activation/activation/1.1/activation-1.1.jar:/Users/kirin/.m2/repository/com/fasterxml/jackson/core/jackson-core/2.9.10/jackson-core-2.9.10.jar:/Users/kirin/.m2/repository/com/google/guava/guava/20.0/guava-20.0.jar:/Users/kirin/.m2/repository/org/apache/poi/poi/3.17/poi-3.17.jar:/Users/kirin/.m2/repository/org/springframework/spring-core/5.1.19.RELEASE/spring-core-5.1.19.RELEASE.jar:/Users/kirin/.m2/repository/org/springframework/spring-jcl/5.1.19.RELEASE/spring-jcl-5.1.19.RELEASE.jar
[INFO] 2021-07-06 19:10:57.984 org.apache.zookeeper.ZooKeeper:[100] - Client environment:java.library.path=/Users/kirin/Library/Java/Extensions:/Library/Java/Extensions:/Network/Library/Java/Extensions:/System/Library/Java/Extensions:/usr/lib/java:.
[INFO] 2021-07-06 19:10:57.990 org.apache.zookeeper.ZooKeeper:[100] - Client environment:java.io.tmpdir=/var/folders/75/c1ln5b850l50lzyj_4x1hk7w0000gn/T/
[INFO] 2021-07-06 19:10:57.990 org.apache.zookeeper.ZooKeeper:[100] - Client environment:java.compiler=<NA>
[INFO] 2021-07-06 19:10:57.990 org.apache.zookeeper.ZooKeeper:[100] - Client environment:os.name=Mac OS X
[INFO] 2021-07-06 19:10:57.991 org.apache.zookeeper.ZooKeeper:[100] - Client environment:os.arch=x86_64
[INFO] 2021-07-06 19:10:57.991 org.apache.zookeeper.ZooKeeper:[100] - Client environment:os.version=10.15.7
[INFO] 2021-07-06 19:10:57.991 org.apache.zookeeper.ZooKeeper:[100] - Client environment:user.name=kirin
[INFO] 2021-07-06 19:10:57.991 org.apache.zookeeper.ZooKeeper:[100] - Client environment:user.home=/Users/kirin
[INFO] 2021-07-06 19:10:57.992 org.apache.zookeeper.ZooKeeper:[100] - Client environment:user.dir=/Users/kirin/Program/IDEAProjects/apache-dolphinscheduler-1.3.6-src
[INFO] 2021-07-06 19:10:57.993 org.apache.zookeeper.ZooKeeper:[442] - Initiating client connection, connectString=localhost:2181 sessionTimeout=60000 watcher=org.apache.curator.ConnectionState@1f87607c
[INFO] 2021-07-06 19:10:58.013 org.apache.curator.framework.imps.CuratorFrameworkImpl:[356] - Default schema
[INFO] 2021-07-06 19:10:58.013 org.apache.zookeeper.ClientCnxn:[1025] - Opening socket connection to server localhost/127.0.0.1:2181. Will not attempt to authenticate using SASL (unknown error)
[INFO] 2021-07-06 19:10:58.022 org.apache.zookeeper.ClientCnxn:[879] - Socket connection established to localhost/127.0.0.1:2181, initiating session
[INFO] 2021-07-06 19:10:58.060 org.apache.zookeeper.ClientCnxn:[1299] - Session establishment complete on server localhost/127.0.0.1:2181, sessionid = 0x1001f3024340024, negotiated timeout = 40000
[INFO] 2021-07-06 19:10:58.067 org.apache.curator.framework.state.ConnectionStateManager:[251] - State change: CONNECTED
[INFO] 2021-07-06 19:10:58.075 org.apache.dolphinscheduler.service.zk.ZookeeperCachedOperator:[55] - add listener to zk path: /dolphinscheduler
[INFO] 2021-07-06 19:10:58.176 org.apache.dolphinscheduler.service.zk.ZookeeperOperator:[87] - zookeeper registry center init, server lists is: localhost:2181.
[INFO] 2021-07-06 19:10:58.176 org.apache.curator.framework.imps.CuratorFrameworkImpl:[308] - Starting
[INFO] 2021-07-06 19:10:58.177 org.apache.zookeeper.ZooKeeper:[442] - Initiating client connection, connectString=localhost:2181 sessionTimeout=60000 watcher=org.apache.curator.ConnectionState@4f59a516
[INFO] 2021-07-06 19:10:58.178 org.apache.curator.framework.imps.CuratorFrameworkImpl:[356] - Default schema
[INFO] 2021-07-06 19:10:58.178 org.apache.zookeeper.ClientCnxn:[1025] - Opening socket connection to server localhost/127.0.0.1:2181. Will not attempt to authenticate using SASL (unknown error)
[INFO] 2021-07-06 19:10:58.178 org.apache.zookeeper.ClientCnxn:[879] - Socket connection established to localhost/127.0.0.1:2181, initiating session
[INFO] 2021-07-06 19:10:58.204 org.apache.zookeeper.ClientCnxn:[1299] - Session establishment complete on server localhost/127.0.0.1:2181, sessionid = 0x1001f3024340025, negotiated timeout = 40000
[INFO] 2021-07-06 19:10:58.205 org.apache.curator.framework.state.ConnectionStateManager:[251] - State change: CONNECTED
[INFO] 2021-07-06 19:10:58.205 org.apache.dolphinscheduler.service.zk.ZookeeperCachedOperator:[55] - add listener to zk path: /dolphinscheduler
[INFO] 2021-07-06 19:10:58.408 org.apache.dolphinscheduler.remote.NettyRemotingServer:[171] - NettyRemotingServer bind success at port : 5678
[INFO] 2021-07-06 19:10:58.515 org.apache.dolphinscheduler.server.master.registry.MasterRegistry:[108] - master node : 192.168.31.249:5678 registry to ZK successfully with heartBeatInterval : 10s
[INFO] 2021-07-06 19:10:58.593 org.apache.dolphinscheduler.service.zk.AbstractZKClient:[315] - initialize server nodes success.
[INFO] 2021-07-06 19:10:58.596 org.apache.dolphinscheduler.server.master.zk.ZKMasterClient:[144] - MASTER node deleted : null
[INFO] 2021-07-06 19:10:58.624 org.apache.dolphinscheduler.server.master.zk.ZKMasterClient:[353] - start master failover ...
[INFO] 2021-07-06 19:10:59.093 com.alibaba.druid.pool.DruidDataSource:[991] - {dataSource-1} inited
[INFO] 2021-07-06 19:10:59.131 org.apache.dolphinscheduler.server.master.zk.ZKMasterClient:[357] - failover process list size:0 
[INFO] 2021-07-06 19:10:59.131 org.apache.dolphinscheduler.server.master.zk.ZKMasterClient:[368] - master failover end
[INFO] 2021-07-06 19:10:59.158 org.apache.dolphinscheduler.server.master.zk.ZKMasterClient:[144] - WORKER node deleted : null
[INFO] 2021-07-06 19:10:59.194 org.apache.dolphinscheduler.server.master.zk.ZKMasterClient:[319] - start worker[null] failover ...
[INFO] 2021-07-06 19:10:59.205 org.apache.dolphinscheduler.server.master.zk.ZKMasterClient:[344] - end worker[null] failover ...
[INFO] 2021-07-06 19:10:59.276 org.apache.dolphinscheduler.server.master.MasterServer:[129] - start Quartz server...
[INFO] 2021-07-06 19:10:59.276 org.apache.dolphinscheduler.server.master.runner.MasterSchedulerService:[119] - master scheduler started
[INFO] 2021-07-06 19:10:59.367 org.quartz.impl.StdSchedulerFactory:[1208] - Using default implementation for ThreadExecutor
[INFO] 2021-07-06 19:10:59.386 org.quartz.core.SchedulerSignalerImpl:[61] - Initialized Scheduler Signaller of type: class org.quartz.core.SchedulerSignalerImpl
[INFO] 2021-07-06 19:10:59.386 org.quartz.core.QuartzScheduler:[229] - Quartz Scheduler v.2.3.0 created.
[INFO] 2021-07-06 19:10:59.387 org.quartz.impl.jdbcjobstore.JobStoreTX:[672] - Using db table-based data access locking (synchronization).
[INFO] 2021-07-06 19:10:59.390 org.quartz.impl.jdbcjobstore.JobStoreTX:[59] - JobStoreTX initialized.
[INFO] 2021-07-06 19:10:59.391 org.quartz.core.QuartzScheduler:[294] - Scheduler meta-data: Quartz Scheduler (v2.3.0) 'DolphinScheduler' with instanceId 'Kirins-MacBook-Pro.local1625569859370'
  Scheduler class: 'org.quartz.core.QuartzScheduler' - running locally.
  NOT STARTED.
  Currently in standby mode.
  Number of jobs executed: 0
  Using thread pool 'org.quartz.simpl.SimpleThreadPool' - with 25 threads.
  Using job-store 'org.quartz.impl.jdbcjobstore.JobStoreTX' - which supports persistence. and is clustered.

[INFO] 2021-07-06 19:10:59.391 org.quartz.impl.StdSchedulerFactory:[1362] - Quartz scheduler 'DolphinScheduler' initialized from an externally provided properties instance.
[INFO] 2021-07-06 19:10:59.391 org.quartz.impl.StdSchedulerFactory:[1366] - Quartz scheduler version: 2.3.0
[INFO] 2021-07-06 19:10:59.432 org.quartz.impl.jdbcjobstore.JobStoreTX:[3629] - ClusterManager: detected 1 failed or restarted instances.
[INFO] 2021-07-06 19:10:59.432 org.quartz.impl.jdbcjobstore.JobStoreTX:[3488] - ClusterManager: Scanning for instance "Kirins-MacBook-Pro.local1625568174460"'s failed in-progress jobs.
[INFO] 2021-07-06 19:10:59.438 org.quartz.core.QuartzScheduler:[547] - Scheduler DolphinScheduler_$_Kirins-MacBook-Pro.local1625569859370 started.
[INFO] 2021-07-06 19:10:59.439 org.apache.dolphinscheduler.service.quartz.QuartzExecutors:[154] - Quartz service started
[INFO] 2021-07-06 19:10:59.452 org.apache.dolphinscheduler.service.zk.ZookeeperOperator:[87] - zookeeper registry center init, server lists is: localhost:2181.
[INFO] 2021-07-06 19:10:59.452 org.apache.curator.framework.imps.CuratorFrameworkImpl:[308] - Starting
[INFO] 2021-07-06 19:10:59.453 org.apache.zookeeper.ZooKeeper:[442] - Initiating client connection, connectString=localhost:2181 sessionTimeout=60000 watcher=org.apache.curator.ConnectionState@3e753289
[INFO] 2021-07-06 19:10:59.453 org.apache.zookeeper.ClientCnxn:[1025] - Opening socket connection to server localhost/127.0.0.1:2181. Will not attempt to authenticate using SASL (unknown error)
[INFO] 2021-07-06 19:10:59.453 org.apache.curator.framework.imps.CuratorFrameworkImpl:[356] - Default schema
[INFO] 2021-07-06 19:10:59.454 org.apache.zookeeper.ClientCnxn:[879] - Socket connection established to localhost/127.0.0.1:2181, initiating session
[INFO] 2021-07-06 19:10:59.482 org.apache.zookeeper.ClientCnxn:[1299] - Session establishment complete on server localhost/127.0.0.1:2181, sessionid = 0x1001f3024340026, negotiated timeout = 40000
[INFO] 2021-07-06 19:10:59.482 org.apache.curator.framework.state.ConnectionStateManager:[251] - State change: CONNECTED
[INFO] 2021-07-06 19:10:59.483 org.apache.dolphinscheduler.service.zk.ZookeeperCachedOperator:[55] - add listener to zk path: /dolphinscheduler
[INFO] 2021-07-06 19:10:59.516 org.apache.dolphinscheduler.service.zk.ZookeeperOperator:[87] - zookeeper registry center init, server lists is: localhost:2181.
[INFO] 2021-07-06 19:10:59.517 org.apache.curator.framework.imps.CuratorFrameworkImpl:[308] - Starting
[INFO] 2021-07-06 19:10:59.517 org.apache.zookeeper.ZooKeeper:[442] - Initiating client connection, connectString=localhost:2181 sessionTimeout=60000 watcher=org.apache.curator.ConnectionState@13908f9c
[INFO] 2021-07-06 19:10:59.518 org.apache.curator.framework.imps.CuratorFrameworkImpl:[356] - Default schema
[INFO] 2021-07-06 19:10:59.518 org.apache.zookeeper.ClientCnxn:[1025] - Opening socket connection to server localhost/127.0.0.1:2181. Will not attempt to authenticate using SASL (unknown error)
[INFO] 2021-07-06 19:10:59.518 org.apache.zookeeper.ClientCnxn:[879] - Socket connection established to localhost/127.0.0.1:2181, initiating session
[INFO] 2021-07-06 19:10:59.544 org.apache.zookeeper.ClientCnxn:[1299] - Session establishment complete on server localhost/127.0.0.1:2181, sessionid = 0x1001f3024340027, negotiated timeout = 40000
[INFO] 2021-07-06 19:10:59.545 org.apache.curator.framework.state.ConnectionStateManager:[251] - State change: CONNECTED
[INFO] 2021-07-06 19:10:59.545 org.apache.dolphinscheduler.service.zk.ZookeeperCachedOperator:[55] - add listener to zk path: /dolphinscheduler
[INFO] 2021-07-06 19:10:59.547 org.apache.dolphinscheduler.service.zk.ZookeeperOperator:[87] - zookeeper registry center init, server lists is: localhost:2181.
[INFO] 2021-07-06 19:10:59.548 org.apache.curator.framework.imps.CuratorFrameworkImpl:[308] - Starting
[INFO] 2021-07-06 19:10:59.549 org.apache.zookeeper.ZooKeeper:[442] - Initiating client connection, connectString=localhost:2181 sessionTimeout=60000 watcher=org.apache.curator.ConnectionState@631bc9f4
[INFO] 2021-07-06 19:10:59.549 org.apache.curator.framework.imps.CuratorFrameworkImpl:[356] - Default schema
[INFO] 2021-07-06 19:10:59.550 org.apache.zookeeper.ClientCnxn:[1025] - Opening socket connection to server localhost/127.0.0.1:2181. Will not attempt to authenticate using SASL (unknown error)
[INFO] 2021-07-06 19:10:59.550 org.apache.zookeeper.ClientCnxn:[879] - Socket connection established to localhost/127.0.0.1:2181, initiating session
[INFO] 2021-07-06 19:10:59.581 org.apache.zookeeper.ClientCnxn:[1299] - Session establishment complete on server localhost/127.0.0.1:2181, sessionid = 0x1001f3024340028, negotiated timeout = 40000
[INFO] 2021-07-06 19:10:59.582 org.apache.curator.framework.state.ConnectionStateManager:[251] - State change: CONNECTED
[INFO] 2021-07-06 19:11:13.575 org.apache.dolphinscheduler.server.master.zk.ZKMasterClient:[238] - worker node added : /dolphinscheduler/nodes/worker/default/192.168.31.249:1234
[INFO] 2021-07-06 19:11:13.575 org.apache.dolphinscheduler.server.master.registry.ServerNodeManager:[215] - worker group node : /dolphinscheduler/nodes/worker/default/192.168.31.249:1234 added.
[INFO] 2021-07-06 19:11:13.578 org.apache.dolphinscheduler.server.master.registry.ServerNodeManager:[218] - currentNodes : [192.168.31.249:1234]
[INFO] 2021-07-06 19:13:41.188 org.apache.dolphinscheduler.server.master.MasterServer:[164] - master server is stopping ..., cause : shutdownHook
[INFO] 2021-07-06 19:13:41.701 org.apache.curator.framework.imps.CuratorFrameworkImpl:[955] - backgroundOperationsLoop exiting
[INFO] 2021-07-06 19:13:41.730 org.apache.dolphinscheduler.server.master.zk.ZKMasterClient:[144] - MASTER node deleted : /dolphinscheduler/nodes/master/192.168.31.249:5678
[INFO] 2021-07-06 19:13:41.731 org.apache.zookeeper.ClientCnxn:[522] - EventThread shut down for session: 0x1001f3024340024
[INFO] 2021-07-06 19:13:41.731 org.apache.zookeeper.ZooKeeper:[693] - Session: 0x1001f3024340024 closed
[INFO] 2021-07-06 19:13:41.732 org.apache.dolphinscheduler.server.master.processor.queue.TaskResponseService:[121] - TaskResponseWorker stopped
[INFO] 2021-07-06 19:13:41.786 org.apache.dolphinscheduler.service.zk.RegisterOperator:[115] - MASTER server dead , and /dolphinscheduler/nodes/master/192.168.31.249:5678 added to zk dead server path success
[INFO] 2021-07-06 19:13:41.786 org.apache.dolphinscheduler.server.master.zk.ZKMasterClient:[353] - start master failover ...
[INFO] 2021-07-06 19:13:41.794 org.apache.dolphinscheduler.server.master.zk.ZKMasterClient:[357] - failover process list size:0 
[INFO] 2021-07-06 19:13:41.794 org.apache.dolphinscheduler.server.master.zk.ZKMasterClient:[368] - master failover end
[INFO] 2021-07-06 19:13:44.196 org.apache.dolphinscheduler.remote.NettyRemotingClient:[403] - netty client closed
[INFO] 2021-07-06 19:13:44.197 org.apache.dolphinscheduler.server.master.runner.MasterSchedulerService:[111] - master schedule service stopped...
[INFO] 2021-07-06 19:13:44.199 org.apache.dolphinscheduler.remote.NettyRemotingServer:[237] - netty server closed
[ERROR] 2021-07-06 19:13:44.204 org.apache.dolphinscheduler.service.zk.ZookeeperOperator:[160] - isExisted key : /dolphinscheduler/nodes/master/192.168.31.249:5678
java.lang.IllegalStateException: Expected state [STARTED] was [STOPPED]
	at org.apache.curator.shaded.com.google.common.base.Preconditions.checkState(Preconditions.java:823)
	at org.apache.curator.framework.imps.CuratorFrameworkImpl.checkState(CuratorFrameworkImpl.java:432)
	at org.apache.curator.framework.imps.CuratorFrameworkImpl.checkExists(CuratorFrameworkImpl.java:459)
	at org.apache.dolphinscheduler.service.zk.ZookeeperOperator.isExisted(ZookeeperOperator.java:158)
	at org.apache.dolphinscheduler.service.zk.ZookeeperOperator.remove(ZookeeperOperator.java:224)
	at org.apache.dolphinscheduler.server.master.registry.MasterRegistry.unRegistry(MasterRegistry.java:117)
	at org.apache.dolphinscheduler.server.master.zk.ZKMasterClient.close(ZKMasterClient.java:114)
	at org.apache.dolphinscheduler.server.master.MasterServer.close(MasterServer.java:178)
	at org.apache.dolphinscheduler.server.master.MasterServer.lambda$run$0(MasterServer.java:145)
	at java.base/java.lang.Thread.run(Thread.java:834)
[INFO] 2021-07-06 19:13:44.204 org.apache.dolphinscheduler.server.master.registry.MasterRegistry:[118] - master node : 192.168.31.249:5678 unRegistry to ZK.
[INFO] 2021-07-06 19:13:44.204 org.apache.dolphinscheduler.server.master.registry.MasterRegistry:[120] - heartbeat executor shutdown
[INFO] 2021-07-06 19:13:44.705 org.apache.curator.framework.imps.CuratorFrameworkImpl:[955] - backgroundOperationsLoop exiting
[INFO] 2021-07-06 19:13:44.736 org.apache.zookeeper.ZooKeeper:[693] - Session: 0x1001f3024340025 closed
[INFO] 2021-07-06 19:13:44.737 org.apache.zookeeper.ClientCnxn:[522] - EventThread shut down for session: 0x1001f3024340025
[INFO] 2021-07-06 19:13:44.738 org.quartz.core.QuartzScheduler:[666] - Scheduler DolphinScheduler_$_Kirins-MacBook-Pro.local1625569859370 shutting down.
[INFO] 2021-07-06 19:13:44.739 org.quartz.core.QuartzScheduler:[585] - Scheduler DolphinScheduler_$_Kirins-MacBook-Pro.local1625569859370 paused.
[INFO] 2021-07-06 19:13:44.753 com.alibaba.druid.pool.DruidDataSource:[1928] - {dataSource-1} closed
[INFO] 2021-07-06 19:13:44.753 org.quartz.core.QuartzScheduler:[740] - Scheduler DolphinScheduler_$_Kirins-MacBook-Pro.local1625569859370 shutdown complete.
[INFO] 2021-07-06 19:13:44.754 org.apache.dolphinscheduler.service.quartz.QuartzExecutors:[171] - Quartz service stopped, and halt all tasks
[INFO] 2021-07-06 19:13:44.754 org.apache.dolphinscheduler.server.master.MasterServer:[182] - Quartz service stopped
[INFO] 2021-07-06 19:14:32.540 org.apache.dolphinscheduler.service.zk.ZookeeperOperator:[87] - zookeeper registry center init, server lists is: localhost:2181.
[INFO] 2021-07-06 19:14:32.598 org.apache.curator.utils.Compatibility:[48] - Running in ZooKeeper 3.4.x compatibility mode
[INFO] 2021-07-06 19:14:32.599 org.apache.curator.utils.Compatibility:[61] - Using emulated InjectSessionExpiration
[INFO] 2021-07-06 19:14:32.638 org.apache.curator.framework.imps.CuratorFrameworkImpl:[308] - Starting
[INFO] 2021-07-06 19:14:32.661 org.apache.zookeeper.ZooKeeper:[100] - Client environment:zookeeper.version=3.4.14-4c25d480e66aadd371de8bd2fd8da255ac140bcf, built on 03/06/2019 16:18 GMT
[INFO] 2021-07-06 19:14:32.661 org.apache.zookeeper.ZooKeeper:[100] - Client environment:host.name=localhost
[INFO] 2021-07-06 19:14:32.661 org.apache.zookeeper.ZooKeeper:[100] - Client environment:java.version=11.0.8
[INFO] 2021-07-06 19:14:32.661 org.apache.zookeeper.ZooKeeper:[100] - Client environment:java.vendor=JetBrains s.r.o.
[INFO] 2021-07-06 19:14:32.662 org.apache.zookeeper.ZooKeeper:[100] - Client environment:java.home=/Applications/IntelliJ IDEA.app/Contents/jbr/Contents/Home
[INFO] 2021-07-06 19:14:32.662 org.apache.zookeeper.ZooKeeper:[100] - Client environment:java.class.path=/Users/kirin/Program/IDEAProjects/apache-dolphinscheduler-1.3.6-src/dolphinscheduler-server/target/classes:/Users/kirin/Program/IDEAProjects/apache-dolphinscheduler-1.3.6-src/dolphinscheduler-common/target/classes:/Users/kirin/Program/IDEAProjects/apache-dolphinscheduler-1.3.6-src/dolphinscheduler-plugin-api/target/classes:/Users/kirin/.m2/repository/commons-io/commons-io/2.4/commons-io-2.4.jar:/Users/kirin/.m2/repository/com/alibaba/fastjson/1.2.61/fastjson-1.2.61.jar:/Users/kirin/.m2/repository/commons-configuration/commons-configuration/1.10/commons-configuration-1.10.jar:/Users/kirin/.m2/repository/commons-lang/commons-lang/2.6/commons-lang-2.6.jar:/Users/kirin/.m2/repository/com/fasterxml/jackson/core/jackson-annotations/2.9.10/jackson-annotations-2.9.10.jar:/Users/kirin/.m2/repository/com/fasterxml/jackson/core/jackson-databind/2.9.10/jackson-databind-2.9.10.jar:/Users/kirin/.m2/repository/org/apache/commons/commons-collections4/4.1/commons-collections4-4.1.jar:/Users/kirin/.m2/repository/org/apache/hadoop/hadoop-common/2.7.3/hadoop-common-2.7.3.jar:/Users/kirin/.m2/repository/org/apache/hadoop/hadoop-annotations/2.7.3/hadoop-annotations-2.7.3.jar:/Users/kirin/.m2/repository/commons-cli/commons-cli/1.2/commons-cli-1.2.jar:/Users/kirin/.m2/repository/commons-collections/commons-collections/3.2.2/commons-collections-3.2.2.jar:/Users/kirin/.m2/repository/org/mortbay/jetty/jetty/6.1.26/jetty-6.1.26.jar:/Users/kirin/.m2/repository/org/mortbay/jetty/jetty-util/6.1.26/jetty-util-6.1.26.jar:/Users/kirin/.m2/repository/net/java/dev/jets3t/jets3t/0.9.0/jets3t-0.9.0.jar:/Users/kirin/.m2/repository/com/jamesmurty/utils/java-xmlbuilder/0.4/java-xmlbuilder-0.4.jar:/Users/kirin/.m2/repository/com/google/protobuf/protobuf-java/2.5.0/protobuf-java-2.5.0.jar:/Users/kirin/.m2/repository/org/apache/hadoop/hadoop-auth/2.7.3/hadoop-auth-2.7.3.jar:/Users/kirin/.m2/repository/org/apache/directory/server/apacheds-kerberos-codec/2.0.0-M15/apacheds-kerberos-codec-2.0.0-M15.jar:/Users/kirin/.m2/repository/org/apache/directory/server/apacheds-i18n/2.0.0-M15/apacheds-i18n-2.0.0-M15.jar:/Users/kirin/.m2/repository/org/apache/directory/api/api-asn1-api/1.0.0-M20/api-asn1-api-1.0.0-M20.jar:/Users/kirin/.m2/repository/org/apache/directory/api/api-util/1.0.0-M20/api-util-1.0.0-M20.jar:/Users/kirin/.m2/repository/com/jcraft/jsch/0.1.42/jsch-0.1.42.jar:/Users/kirin/.m2/repository/org/apache/htrace/htrace-core/3.1.0-incubating/htrace-core-3.1.0-incubating.jar:/Users/kirin/.m2/repository/org/apache/commons/commons-compress/1.4.1/commons-compress-1.4.1.jar:/Users/kirin/.m2/repository/org/apache/hadoop/hadoop-client/2.7.3/hadoop-client-2.7.3.jar:/Users/kirin/.m2/repository/org/apache/hadoop/hadoop-mapreduce-client-app/2.7.3/hadoop-mapreduce-client-app-2.7.3.jar:/Users/kirin/.m2/repository/org/apache/hadoop/hadoop-mapreduce-client-common/2.7.3/hadoop-mapreduce-client-common-2.7.3.jar:/Users/kirin/.m2/repository/org/apache/hadoop/hadoop-yarn-client/2.7.3/hadoop-yarn-client-2.7.3.jar:/Users/kirin/.m2/repository/org/apache/hadoop/hadoop-yarn-server-common/2.7.3/hadoop-yarn-server-common-2.7.3.jar:/Users/kirin/.m2/repository/org/apache/hadoop/hadoop-yarn-api/2.7.3/hadoop-yarn-api-2.7.3.jar:/Users/kirin/.m2/repository/org/apache/hadoop/hadoop-mapreduce-client-core/2.7.3/hadoop-mapreduce-client-core-2.7.3.jar:/Users/kirin/.m2/repository/org/apache/hadoop/hadoop-yarn-common/2.7.3/hadoop-yarn-common-2.7.3.jar:/Users/kirin/.m2/repository/org/apache/hadoop/hadoop-mapreduce-client-jobclient/2.7.3/hadoop-mapreduce-client-jobclient-2.7.3.jar:/Users/kirin/.m2/repository/org/apache/hadoop/hadoop-hdfs/2.7.3/hadoop-hdfs-2.7.3.jar:/Users/kirin/.m2/repository/commons-daemon/commons-daemon/1.0.13/commons-daemon-1.0.13.jar:/Users/kirin/.m2/repository/org/codehaus/jackson/jackson-core-asl/1.9.13/jackson-core-asl-1.9.13.jar:/Users/kirin/.m2/repository/org/codehaus/jackson/jackson-mapper-asl/1.9.13/jackson-mapper-asl-1.9.13.jar:/Users/kirin/.m2/repository/xerces/xercesImpl/2.9.1/xercesImpl-2.9.1.jar:/Users/kirin/.m2/repository/xml-apis/xml-apis/1.4.01/xml-apis-1.4.01.jar:/Users/kirin/.m2/repository/org/apache/hadoop/hadoop-aws/2.7.3/hadoop-aws-2.7.3.jar:/Users/kirin/.m2/repository/com/amazonaws/aws-java-sdk/1.7.4/aws-java-sdk-1.7.4.jar:/Users/kirin/.m2/repository/joda-time/joda-time/2.10.8/joda-time-2.10.8.jar:/Users/kirin/.m2/repository/org/postgresql/postgresql/42.1.4/postgresql-42.1.4.jar:/Users/kirin/.m2/repository/org/apache/hive/hive-jdbc/2.1.0/hive-jdbc-2.1.0.jar:/Users/kirin/.m2/repository/org/apache/hive/hive-common/2.1.0/hive-common-2.1.0.jar:/Users/kirin/.m2/repository/org/apache/hive/hive-storage-api/2.1.0/hive-storage-api-2.1.0.jar:/Users/kirin/.m2/repository/org/apache/hive/hive-orc/2.1.0/hive-orc-2.1.0.jar:/Users/kirin/.m2/repository/org/iq80/snappy/snappy/0.2/snappy-0.2.jar:/Users/kirin/.m2/repository/org/apache/logging/log4j/log4j-1.2-api/2.11.2/log4j-1.2-api-2.11.2.jar:/Users/kirin/.m2/repository/org/apache/hive/hive-service/2.1.0/hive-service-2.1.0.jar:/Users/kirin/.m2/repository/net/sf/jpam/jpam/1.1/jpam-1.1.jar:/Users/kirin/.m2/repository/org/apache/thrift/libfb303/0.9.3/libfb303-0.9.3.jar:/Users/kirin/.m2/repository/org/jamon/jamon-runtime/2.3.1/jamon-runtime-2.3.1.jar:/Users/kirin/.m2/repository/org/apache/hive/hive-serde/2.1.0/hive-serde-2.1.0.jar:/Users/kirin/.m2/repository/net/sf/opencsv/opencsv/2.3/opencsv-2.3.jar:/Users/kirin/.m2/repository/org/apache/parquet/parquet-hadoop-bundle/1.8.1/parquet-hadoop-bundle-1.8.1.jar:/Users/kirin/.m2/repository/org/apache/hive/hive-metastore/2.1.0/hive-metastore-2.1.0.jar:/Users/kirin/.m2/repository/javolution/javolution/5.5.1/javolution-5.5.1.jar:/Users/kirin/.m2/repository/com/jolbox/bonecp/0.8.0.RELEASE/bonecp-0.8.0.RELEASE.jar:/Users/kirin/.m2/repository/org/apache/derby/derby/10.14.2.0/derby-10.14.2.0.jar:/Users/kirin/.m2/repository/org/datanucleus/datanucleus-api-jdo/4.2.1/datanucleus-api-jdo-4.2.1.jar:/Users/kirin/.m2/repository/org/datanucleus/datanucleus-core/4.1.6/datanucleus-core-4.1.6.jar:/Users/kirin/.m2/repository/org/datanucleus/datanucleus-rdbms/4.1.7/datanucleus-rdbms-4.1.7.jar:/Users/kirin/.m2/repository/commons-pool/commons-pool/1.6/commons-pool-1.6.jar:/Users/kirin/.m2/repository/commons-dbcp/commons-dbcp/1.4/commons-dbcp-1.4.jar:/Users/kirin/.m2/repository/javax/jdo/jdo-api/3.0.1/jdo-api-3.0.1.jar:/Users/kirin/.m2/repository/javax/transaction/jta/1.1/jta-1.1.jar:/Users/kirin/.m2/repository/org/datanucleus/javax.jdo/3.2.0-m3/javax.jdo-3.2.0-m3.jar:/Users/kirin/.m2/repository/javax/transaction/transaction-api/1.1/transaction-api-1.1.jar:/Users/kirin/.m2/repository/co/cask/tephra/tephra-api/0.6.0/tephra-api-0.6.0.jar:/Users/kirin/.m2/repository/org/apache/hive/hive-service-rpc/2.1.0/hive-service-rpc-2.1.0.jar:/Users/kirin/.m2/repository/org/apache/thrift/libthrift/0.9.3/libthrift-0.9.3.jar:/Users/kirin/.m2/repository/ch/qos/logback/logback-classic/1.2.3/logback-classic-1.2.3.jar:/Users/kirin/.m2/repository/ch/qos/logback/logback-core/1.2.3/logback-core-1.2.3.jar:/Users/kirin/.m2/repository/com/github/oshi/oshi-core/3.9.1/oshi-core-3.9.1.jar:/Users/kirin/.m2/repository/net/java/dev/jna/jna-platform/4.5.2/jna-platform-4.5.2.jar:/Users/kirin/.m2/repository/net/java/dev/jna/jna/4.5.2/jna-4.5.2.jar:/Users/kirin/.m2/repository/ru/yandex/clickhouse/clickhouse-jdbc/0.1.52/clickhouse-jdbc-0.1.52.jar:/Users/kirin/.m2/repository/org/apache/httpcomponents/httpmime/4.5.13/httpmime-4.5.13.jar:/Users/kirin/.m2/repository/net/jpountz/lz4/lz4/1.3.0/lz4-1.3.0.jar:/Users/kirin/.m2/repository/com/microsoft/sqlserver/mssql-jdbc/6.1.0.jre8/mssql-jdbc-6.1.0.jre8.jar:/Users/kirin/.m2/repository/com/baomidou/mybatis-plus-annotation/3.2.0/mybatis-plus-annotation-3.2.0.jar:/Users/kirin/.m2/repository/org/mybatis/mybatis/3.5.2/mybatis-3.5.2.jar:/Users/kirin/.m2/repository/org/apache/skywalking/apm-toolkit-logback-1.x/8.4.0/apm-toolkit-logback-1.x-8.4.0.jar:/Users/kirin/Program/IDEAProjects/apache-dolphinscheduler-1.3.6-src/dolphinscheduler-dao/target/classes:/Users/kirin/.m2/repository/com/baomidou/mybatis-plus/3.2.0/mybatis-plus-3.2.0.jar:/Users/kirin/.m2/repository/com/baomidou/mybatis-plus-extension/3.2.0/mybatis-plus-extension-3.2.0.jar:/Users/kirin/.m2/repository/com/baomidou/mybatis-plus-core/3.2.0/mybatis-plus-core-3.2.0.jar:/Users/kirin/.m2/repository/com/github/jsqlparser/jsqlparser/2.1/jsqlparser-2.1.jar:/Users/kirin/.m2/repository/org/mybatis/mybatis-spring/2.0.2/mybatis-spring-2.0.2.jar:/Users/kirin/.m2/repository/com/baomidou/mybatis-plus-boot-starter/3.2.0/mybatis-plus-boot-starter-3.2.0.jar:/Users/kirin/.m2/repository/org/springframework/boot/spring-boot-autoconfigure/2.1.18.RELEASE/spring-boot-autoconfigure-2.1.18.RELEASE.jar:/Users/kirin/.m2/repository/org/springframework/boot/spring-boot/2.1.18.RELEASE/spring-boot-2.1.18.RELEASE.jar:/Users/kirin/.m2/repository/org/springframework/spring-context/5.1.19.RELEASE/spring-context-5.1.19.RELEASE.jar:/Users/kirin/.m2/repository/org/springframework/spring-aop/5.1.19.RELEASE/spring-aop-5.1.19.RELEASE.jar:/Users/kirin/.m2/repository/org/springframework/spring-expression/5.1.19.RELEASE/spring-expression-5.1.19.RELEASE.jar:/Users/kirin/.m2/repository/org/springframework/boot/spring-boot-starter-jdbc/2.1.18.RELEASE/spring-boot-starter-jdbc-2.1.18.RELEASE.jar:/Users/kirin/.m2/repository/org/springframework/boot/spring-boot-starter/2.1.18.RELEASE/spring-boot-starter-2.1.18.RELEASE.jar:/Users/kirin/.m2/repository/javax/annotation/javax.annotation-api/1.3.2/javax.annotation-api-1.3.2.jar:/Users/kirin/.m2/repository/com/zaxxer/HikariCP/3.2.0/HikariCP-3.2.0.jar:/Users/kirin/.m2/repository/org/springframework/spring-jdbc/5.1.19.RELEASE/spring-jdbc-5.1.19.RELEASE.jar:/Users/kirin/.m2/repository/org/springframework/spring-beans/5.1.19.RELEASE/spring-beans-5.1.19.RELEASE.jar:/Users/kirin/.m2/repository/org/springframework/spring-tx/5.1.19.RELEASE/spring-tx-5.1.19.RELEASE.jar:/Users/kirin/.m2/repository/mysql/mysql-connector-java/8.0.23/mysql-connector-java-8.0.23.jar:/Users/kirin/.m2/repository/com/h2database/h2/1.4.200/h2-1.4.200.jar:/Users/kirin/.m2/repository/com/alibaba/druid/1.1.14/druid-1.1.14.jar:/Users/kirin/.m2/repository/commons-httpclient/commons-httpclient/3.0.1/commons-httpclient-3.0.1.jar:/Users/kirin/.m2/repository/com/cronutils/cron-utils/5.0.5/cron-utils-5.0.5.jar:/Users/kirin/.m2/repository/org/yaml/snakeyaml/1.23/snakeyaml-1.23.jar:/Users/kirin/Program/IDEAProjects/apache-dolphinscheduler-1.3.6-src/dolphinscheduler-service/target/classes:/Users/kirin/Program/IDEAProjects/apache-dolphinscheduler-1.3.6-src/dolphinscheduler-remote/target/classes:/Users/kirin/.m2/repository/io/netty/netty-all/4.1.53.Final/netty-all-4.1.53.Final.jar:/Users/kirin/.m2/repository/org/apache/curator/curator-client/4.3.0/curator-client-4.3.0.jar:/Users/kirin/.m2/repository/org/quartz-scheduler/quartz/2.3.0/quartz-2.3.0.jar:/Users/kirin/.m2/repository/org/apache/logging/log4j/log4j-core/2.11.2/log4j-core-2.11.2.jar:/Users/kirin/.m2/repository/org/apache/logging/log4j/log4j-api/2.11.2/log4j-api-2.11.2.jar:/Users/kirin/.m2/repository/org/quartz-scheduler/quartz-jobs/2.3.0/quartz-jobs-2.3.0.jar:/Users/kirin/.m2/repository/org/apache/curator/curator-framework/4.3.0/curator-framework-4.3.0.jar:/Users/kirin/.m2/repository/org/apache/curator/curator-recipes/4.3.0/curator-recipes-4.3.0.jar:/Users/kirin/.m2/repository/org/apache/zookeeper/zookeeper/3.4.14/zookeeper-3.4.14.jar:/Users/kirin/.m2/repository/org/slf4j/slf4j-api/1.7.5/slf4j-api-1.7.5.jar:/Users/kirin/.m2/repository/log4j/log4j/1.2.17/log4j-1.2.17.jar:/Users/kirin/.m2/repository/jline/jline/0.9.94/jline-0.9.94.jar:/Users/kirin/.m2/repository/org/apache/yetus/audience-annotations/0.5.0/audience-annotations-0.5.0.jar:/Users/kirin/.m2/repository/org/apache/httpcomponents/httpclient/4.4.1/httpclient-4.4.1.jar:/Users/kirin/.m2/repository/commons-logging/commons-logging/1.1.1/commons-logging-1.1.1.jar:/Users/kirin/.m2/repository/commons-codec/commons-codec/1.6/commons-codec-1.6.jar:/Users/kirin/.m2/repository/org/apache/httpcomponents/httpcore/4.4.1/httpcore-4.4.1.jar:/Users/kirin/Program/IDEAProjects/apache-dolphinscheduler-1.3.6-src/dolphinscheduler-alert/target/classes:/Users/kirin/.m2/repository/org/apache/commons/commons-email/1.5/commons-email-1.5.jar:/Users/kirin/.m2/repository/com/sun/mail/javax.mail/1.6.2/javax.mail-1.6.2.jar:/Users/kirin/.m2/repository/javax/activation/activation/1.1/activation-1.1.jar:/Users/kirin/.m2/repository/com/fasterxml/jackson/core/jackson-core/2.9.10/jackson-core-2.9.10.jar:/Users/kirin/.m2/repository/com/google/guava/guava/20.0/guava-20.0.jar:/Users/kirin/.m2/repository/org/apache/poi/poi/3.17/poi-3.17.jar:/Users/kirin/.m2/repository/org/springframework/spring-core/5.1.19.RELEASE/spring-core-5.1.19.RELEASE.jar:/Users/kirin/.m2/repository/org/springframework/spring-jcl/5.1.19.RELEASE/spring-jcl-5.1.19.RELEASE.jar
[INFO] 2021-07-06 19:14:32.662 org.apache.zookeeper.ZooKeeper:[100] - Client environment:java.library.path=/Users/kirin/Library/Java/Extensions:/Library/Java/Extensions:/Network/Library/Java/Extensions:/System/Library/Java/Extensions:/usr/lib/java:.
[INFO] 2021-07-06 19:14:32.662 org.apache.zookeeper.ZooKeeper:[100] - Client environment:java.io.tmpdir=/var/folders/75/c1ln5b850l50lzyj_4x1hk7w0000gn/T/
[INFO] 2021-07-06 19:14:32.662 org.apache.zookeeper.ZooKeeper:[100] - Client environment:java.compiler=<NA>
[INFO] 2021-07-06 19:14:32.662 org.apache.zookeeper.ZooKeeper:[100] - Client environment:os.name=Mac OS X
[INFO] 2021-07-06 19:14:32.663 org.apache.zookeeper.ZooKeeper:[100] - Client environment:os.arch=x86_64
[INFO] 2021-07-06 19:14:32.663 org.apache.zookeeper.ZooKeeper:[100] - Client environment:os.version=10.15.7
[INFO] 2021-07-06 19:14:32.663 org.apache.zookeeper.ZooKeeper:[100] - Client environment:user.name=kirin
[INFO] 2021-07-06 19:14:32.663 org.apache.zookeeper.ZooKeeper:[100] - Client environment:user.home=/Users/kirin
[INFO] 2021-07-06 19:14:32.663 org.apache.zookeeper.ZooKeeper:[100] - Client environment:user.dir=/Users/kirin/Program/IDEAProjects/apache-dolphinscheduler-1.3.6-src
[INFO] 2021-07-06 19:14:32.673 org.apache.zookeeper.ZooKeeper:[442] - Initiating client connection, connectString=localhost:2181 sessionTimeout=60000 watcher=org.apache.curator.ConnectionState@1235151c
[INFO] 2021-07-06 19:14:32.694 org.apache.curator.framework.imps.CuratorFrameworkImpl:[356] - Default schema
[INFO] 2021-07-06 19:14:32.694 org.apache.zookeeper.ClientCnxn:[1025] - Opening socket connection to server localhost/0:0:0:0:0:0:0:1:2181. Will not attempt to authenticate using SASL (unknown error)
[INFO] 2021-07-06 19:14:32.705 org.apache.zookeeper.ClientCnxn:[879] - Socket connection established to localhost/0:0:0:0:0:0:0:1:2181, initiating session
[INFO] 2021-07-06 19:14:32.744 org.apache.zookeeper.ClientCnxn:[1299] - Session establishment complete on server localhost/0:0:0:0:0:0:0:1:2181, sessionid = 0x1001f3024340030, negotiated timeout = 40000
[INFO] 2021-07-06 19:14:32.752 org.apache.curator.framework.state.ConnectionStateManager:[251] - State change: CONNECTED
[INFO] 2021-07-06 19:14:32.762 org.apache.dolphinscheduler.service.zk.ZookeeperCachedOperator:[55] - add listener to zk path: /dolphinscheduler
[INFO] 2021-07-06 19:14:32.867 org.apache.dolphinscheduler.service.zk.ZookeeperOperator:[87] - zookeeper registry center init, server lists is: localhost:2181.
[INFO] 2021-07-06 19:14:32.868 org.apache.curator.framework.imps.CuratorFrameworkImpl:[308] - Starting
[INFO] 2021-07-06 19:14:32.868 org.apache.zookeeper.ZooKeeper:[442] - Initiating client connection, connectString=localhost:2181 sessionTimeout=60000 watcher=org.apache.curator.ConnectionState@590765c4
[INFO] 2021-07-06 19:14:32.869 org.apache.zookeeper.ClientCnxn:[1025] - Opening socket connection to server localhost/0:0:0:0:0:0:0:1:2181. Will not attempt to authenticate using SASL (unknown error)
[INFO] 2021-07-06 19:14:32.869 org.apache.curator.framework.imps.CuratorFrameworkImpl:[356] - Default schema
[INFO] 2021-07-06 19:14:32.870 org.apache.zookeeper.ClientCnxn:[879] - Socket connection established to localhost/0:0:0:0:0:0:0:1:2181, initiating session
[INFO] 2021-07-06 19:14:32.896 org.apache.zookeeper.ClientCnxn:[1299] - Session establishment complete on server localhost/0:0:0:0:0:0:0:1:2181, sessionid = 0x1001f3024340031, negotiated timeout = 40000
[INFO] 2021-07-06 19:14:32.896 org.apache.curator.framework.state.ConnectionStateManager:[251] - State change: CONNECTED
[INFO] 2021-07-06 19:14:32.896 org.apache.dolphinscheduler.service.zk.ZookeeperCachedOperator:[55] - add listener to zk path: /dolphinscheduler
[INFO] 2021-07-06 19:14:33.097 org.apache.dolphinscheduler.remote.NettyRemotingServer:[171] - NettyRemotingServer bind success at port : 5678
[INFO] 2021-07-06 19:14:33.221 org.apache.dolphinscheduler.server.master.registry.MasterRegistry:[108] - master node : 192.168.31.249:5678 registry to ZK successfully with heartBeatInterval : 10s
[INFO] 2021-07-06 19:14:33.250 org.apache.dolphinscheduler.service.zk.RegisterOperator:[66] - master server 192.168.31.249:5678 deleted from zk dead server path success
[INFO] 2021-07-06 19:14:33.332 org.apache.dolphinscheduler.service.zk.AbstractZKClient:[315] - initialize server nodes success.
[INFO] 2021-07-06 19:14:33.336 org.apache.dolphinscheduler.server.master.zk.ZKMasterClient:[144] - MASTER node deleted : null
[INFO] 2021-07-06 19:14:33.364 org.apache.dolphinscheduler.server.master.zk.ZKMasterClient:[353] - start master failover ...
[INFO] 2021-07-06 19:14:33.836 com.alibaba.druid.pool.DruidDataSource:[991] - {dataSource-1} inited
[INFO] 2021-07-06 19:14:33.877 org.apache.dolphinscheduler.server.master.zk.ZKMasterClient:[357] - failover process list size:0 
[INFO] 2021-07-06 19:14:33.877 org.apache.dolphinscheduler.server.master.zk.ZKMasterClient:[368] - master failover end
[INFO] 2021-07-06 19:14:33.906 org.apache.dolphinscheduler.server.master.zk.ZKMasterClient:[144] - WORKER node deleted : null
[INFO] 2021-07-06 19:14:33.932 org.apache.dolphinscheduler.server.master.zk.ZKMasterClient:[319] - start worker[null] failover ...
[INFO] 2021-07-06 19:14:33.944 org.apache.dolphinscheduler.server.master.zk.ZKMasterClient:[344] - end worker[null] failover ...
[INFO] 2021-07-06 19:14:34.070 org.apache.dolphinscheduler.server.master.runner.MasterSchedulerService:[119] - master scheduler started
[INFO] 2021-07-06 19:14:34.070 org.apache.dolphinscheduler.server.master.MasterServer:[129] - start Quartz server...
[INFO] 2021-07-06 19:14:34.145 org.quartz.impl.StdSchedulerFactory:[1208] - Using default implementation for ThreadExecutor
[INFO] 2021-07-06 19:14:34.162 org.quartz.core.SchedulerSignalerImpl:[61] - Initialized Scheduler Signaller of type: class org.quartz.core.SchedulerSignalerImpl
[INFO] 2021-07-06 19:14:34.162 org.quartz.core.QuartzScheduler:[229] - Quartz Scheduler v.2.3.0 created.
[INFO] 2021-07-06 19:14:34.163 org.quartz.impl.jdbcjobstore.JobStoreTX:[672] - Using db table-based data access locking (synchronization).
[INFO] 2021-07-06 19:14:34.166 org.quartz.impl.jdbcjobstore.JobStoreTX:[59] - JobStoreTX initialized.
[INFO] 2021-07-06 19:14:34.167 org.quartz.core.QuartzScheduler:[294] - Scheduler meta-data: Quartz Scheduler (v2.3.0) 'DolphinScheduler' with instanceId 'Kirins-MacBook-Pro.local1625570074147'
  Scheduler class: 'org.quartz.core.QuartzScheduler' - running locally.
  NOT STARTED.
  Currently in standby mode.
  Number of jobs executed: 0
  Using thread pool 'org.quartz.simpl.SimpleThreadPool' - with 25 threads.
  Using job-store 'org.quartz.impl.jdbcjobstore.JobStoreTX' - which supports persistence. and is clustered.

[INFO] 2021-07-06 19:14:34.167 org.quartz.impl.StdSchedulerFactory:[1362] - Quartz scheduler 'DolphinScheduler' initialized from an externally provided properties instance.
[INFO] 2021-07-06 19:14:34.167 org.quartz.impl.StdSchedulerFactory:[1366] - Quartz scheduler version: 2.3.0
[INFO] 2021-07-06 19:14:34.186 org.quartz.impl.jdbcjobstore.JobStoreTX:[3629] - ClusterManager: detected 1 failed or restarted instances.
[INFO] 2021-07-06 19:14:34.186 org.quartz.impl.jdbcjobstore.JobStoreTX:[3488] - ClusterManager: Scanning for instance "Kirins-MacBook-Pro.local1625569859370"'s failed in-progress jobs.
[INFO] 2021-07-06 19:14:34.191 org.quartz.core.QuartzScheduler:[547] - Scheduler DolphinScheduler_$_Kirins-MacBook-Pro.local1625570074147 started.
[INFO] 2021-07-06 19:14:34.192 org.apache.dolphinscheduler.service.quartz.QuartzExecutors:[154] - Quartz service started
[INFO] 2021-07-06 19:14:34.202 org.apache.dolphinscheduler.service.zk.ZookeeperOperator:[87] - zookeeper registry center init, server lists is: localhost:2181.
[INFO] 2021-07-06 19:14:34.203 org.apache.curator.framework.imps.CuratorFrameworkImpl:[308] - Starting
[INFO] 2021-07-06 19:14:34.203 org.apache.zookeeper.ZooKeeper:[442] - Initiating client connection, connectString=localhost:2181 sessionTimeout=60000 watcher=org.apache.curator.ConnectionState@1d1c37d5
[INFO] 2021-07-06 19:14:34.204 org.apache.zookeeper.ClientCnxn:[1025] - Opening socket connection to server localhost/0:0:0:0:0:0:0:1:2181. Will not attempt to authenticate using SASL (unknown error)
[INFO] 2021-07-06 19:14:34.204 org.apache.curator.framework.imps.CuratorFrameworkImpl:[356] - Default schema
[INFO] 2021-07-06 19:14:34.204 org.apache.zookeeper.ClientCnxn:[879] - Socket connection established to localhost/0:0:0:0:0:0:0:1:2181, initiating session
[INFO] 2021-07-06 19:14:34.247 org.apache.zookeeper.ClientCnxn:[1299] - Session establishment complete on server localhost/0:0:0:0:0:0:0:1:2181, sessionid = 0x1001f3024340032, negotiated timeout = 40000
[INFO] 2021-07-06 19:14:34.247 org.apache.curator.framework.state.ConnectionStateManager:[251] - State change: CONNECTED
[INFO] 2021-07-06 19:14:34.249 org.apache.dolphinscheduler.service.zk.ZookeeperCachedOperator:[55] - add listener to zk path: /dolphinscheduler
[INFO] 2021-07-06 19:14:34.277 org.apache.dolphinscheduler.service.zk.ZookeeperOperator:[87] - zookeeper registry center init, server lists is: localhost:2181.
[INFO] 2021-07-06 19:14:34.278 org.apache.curator.framework.imps.CuratorFrameworkImpl:[308] - Starting
[INFO] 2021-07-06 19:14:34.279 org.apache.zookeeper.ZooKeeper:[442] - Initiating client connection, connectString=localhost:2181 sessionTimeout=60000 watcher=org.apache.curator.ConnectionState@26d028f7
[INFO] 2021-07-06 19:14:34.280 org.apache.curator.framework.imps.CuratorFrameworkImpl:[356] - Default schema
[INFO] 2021-07-06 19:14:34.288 org.apache.zookeeper.ClientCnxn:[1025] - Opening socket connection to server localhost/127.0.0.1:2181. Will not attempt to authenticate using SASL (unknown error)
[INFO] 2021-07-06 19:14:34.289 org.apache.zookeeper.ClientCnxn:[879] - Socket connection established to localhost/127.0.0.1:2181, initiating session
[INFO] 2021-07-06 19:14:34.348 org.apache.zookeeper.ClientCnxn:[1299] - Session establishment complete on server localhost/127.0.0.1:2181, sessionid = 0x1001f3024340033, negotiated timeout = 40000
[INFO] 2021-07-06 19:14:34.349 org.apache.curator.framework.state.ConnectionStateManager:[251] - State change: CONNECTED
[INFO] 2021-07-06 19:14:34.349 org.apache.dolphinscheduler.service.zk.ZookeeperCachedOperator:[55] - add listener to zk path: /dolphinscheduler
[INFO] 2021-07-06 19:14:34.351 org.apache.dolphinscheduler.service.zk.ZookeeperOperator:[87] - zookeeper registry center init, server lists is: localhost:2181.
[INFO] 2021-07-06 19:14:34.352 org.apache.curator.framework.imps.CuratorFrameworkImpl:[308] - Starting
[INFO] 2021-07-06 19:14:34.352 org.apache.zookeeper.ZooKeeper:[442] - Initiating client connection, connectString=localhost:2181 sessionTimeout=60000 watcher=org.apache.curator.ConnectionState@42cc420b
[INFO] 2021-07-06 19:14:34.354 org.apache.zookeeper.ClientCnxn:[1025] - Opening socket connection to server localhost/0:0:0:0:0:0:0:1:2181. Will not attempt to authenticate using SASL (unknown error)
[INFO] 2021-07-06 19:14:34.354 org.apache.curator.framework.imps.CuratorFrameworkImpl:[356] - Default schema
[INFO] 2021-07-06 19:14:34.354 org.apache.zookeeper.ClientCnxn:[879] - Socket connection established to localhost/0:0:0:0:0:0:0:1:2181, initiating session
[INFO] 2021-07-06 19:14:34.381 org.apache.zookeeper.ClientCnxn:[1299] - Session establishment complete on server localhost/0:0:0:0:0:0:0:1:2181, sessionid = 0x1001f3024340034, negotiated timeout = 40000
[INFO] 2021-07-06 19:14:34.382 org.apache.curator.framework.state.ConnectionStateManager:[251] - State change: CONNECTED
[INFO] 2021-07-06 19:14:46.554 org.apache.dolphinscheduler.server.master.zk.ZKMasterClient:[238] - worker node added : /dolphinscheduler/nodes/worker/default/192.168.31.249:1234
[INFO] 2021-07-06 19:14:46.555 org.apache.dolphinscheduler.server.master.registry.ServerNodeManager:[215] - worker group node : /dolphinscheduler/nodes/worker/default/192.168.31.249:1234 added.
[INFO] 2021-07-06 19:14:46.557 org.apache.dolphinscheduler.server.master.registry.ServerNodeManager:[218] - currentNodes : [192.168.31.249:1234]
[INFO] 2021-07-06 19:32:36.839 org.apache.dolphinscheduler.server.master.MasterServer:[164] - master server is stopping ..., cause : shutdownHook
[INFO] 2021-07-06 19:32:37.361 org.apache.curator.framework.imps.CuratorFrameworkImpl:[955] - backgroundOperationsLoop exiting
[INFO] 2021-07-06 19:32:37.392 org.apache.zookeeper.ClientCnxn:[522] - EventThread shut down for session: 0x1001f3024340030
[INFO] 2021-07-06 19:32:37.392 org.apache.dolphinscheduler.server.master.zk.ZKMasterClient:[144] - MASTER node deleted : /dolphinscheduler/nodes/master/192.168.31.249:5678
[INFO] 2021-07-06 19:32:37.392 org.apache.zookeeper.ZooKeeper:[693] - Session: 0x1001f3024340030 closed
[INFO] 2021-07-06 19:32:37.395 org.apache.dolphinscheduler.server.master.processor.queue.TaskResponseService:[121] - TaskResponseWorker stopped
[INFO] 2021-07-06 19:32:37.450 org.apache.dolphinscheduler.service.zk.RegisterOperator:[115] - MASTER server dead , and /dolphinscheduler/nodes/master/192.168.31.249:5678 added to zk dead server path success
[INFO] 2021-07-06 19:32:37.450 org.apache.dolphinscheduler.server.master.zk.ZKMasterClient:[353] - start master failover ...
[INFO] 2021-07-06 19:32:37.462 org.apache.dolphinscheduler.server.master.zk.ZKMasterClient:[357] - failover process list size:0 
[INFO] 2021-07-06 19:32:37.462 org.apache.dolphinscheduler.server.master.zk.ZKMasterClient:[368] - master failover end
[INFO] 2021-07-06 19:32:38.727 org.apache.dolphinscheduler.server.master.zk.ZKMasterClient:[241] - worker node deleted : /dolphinscheduler/nodes/worker/default/192.168.31.249:1234
[INFO] 2021-07-06 19:32:38.727 org.apache.dolphinscheduler.server.master.zk.ZKMasterClient:[144] - WORKER node deleted : /dolphinscheduler/nodes/worker/default/192.168.31.249:1234
[INFO] 2021-07-06 19:32:38.816 org.apache.dolphinscheduler.service.zk.RegisterOperator:[115] - WORKER server dead , and /dolphinscheduler/nodes/worker/default/192.168.31.249:1234 added to zk dead server path success
[INFO] 2021-07-06 19:32:38.816 org.apache.dolphinscheduler.server.master.zk.ZKMasterClient:[319] - start worker[192.168.31.249:1234] failover ...
[INFO] 2021-07-06 19:32:38.823 org.apache.dolphinscheduler.server.master.zk.ZKMasterClient:[344] - end worker[192.168.31.249:1234] failover ...
[INFO] 2021-07-06 19:32:39.849 org.apache.dolphinscheduler.remote.NettyRemotingClient:[403] - netty client closed
[INFO] 2021-07-06 19:32:39.849 org.apache.dolphinscheduler.server.master.runner.MasterSchedulerService:[111] - master schedule service stopped...
[INFO] 2021-07-06 19:32:39.852 org.apache.dolphinscheduler.remote.NettyRemotingServer:[237] - netty server closed
[ERROR] 2021-07-06 19:32:39.858 org.apache.dolphinscheduler.service.zk.ZookeeperOperator:[160] - isExisted key : /dolphinscheduler/nodes/master/192.168.31.249:5678
java.lang.IllegalStateException: Expected state [STARTED] was [STOPPED]
	at org.apache.curator.shaded.com.google.common.base.Preconditions.checkState(Preconditions.java:823)
	at org.apache.curator.framework.imps.CuratorFrameworkImpl.checkState(CuratorFrameworkImpl.java:432)
	at org.apache.curator.framework.imps.CuratorFrameworkImpl.checkExists(CuratorFrameworkImpl.java:459)
	at org.apache.dolphinscheduler.service.zk.ZookeeperOperator.isExisted(ZookeeperOperator.java:158)
	at org.apache.dolphinscheduler.service.zk.ZookeeperOperator.remove(ZookeeperOperator.java:224)
	at org.apache.dolphinscheduler.server.master.registry.MasterRegistry.unRegistry(MasterRegistry.java:117)
	at org.apache.dolphinscheduler.server.master.zk.ZKMasterClient.close(ZKMasterClient.java:114)
	at org.apache.dolphinscheduler.server.master.MasterServer.close(MasterServer.java:178)
	at org.apache.dolphinscheduler.server.master.MasterServer.lambda$run$0(MasterServer.java:145)
	at java.base/java.lang.Thread.run(Thread.java:834)
[INFO] 2021-07-06 19:32:39.858 org.apache.dolphinscheduler.server.master.registry.MasterRegistry:[118] - master node : 192.168.31.249:5678 unRegistry to ZK.
[INFO] 2021-07-06 19:32:39.859 org.apache.dolphinscheduler.server.master.registry.MasterRegistry:[120] - heartbeat executor shutdown
[INFO] 2021-07-06 19:32:40.363 org.apache.curator.framework.imps.CuratorFrameworkImpl:[955] - backgroundOperationsLoop exiting
[INFO] 2021-07-06 19:32:40.392 org.apache.zookeeper.ZooKeeper:[693] - Session: 0x1001f3024340031 closed
[INFO] 2021-07-06 19:32:40.392 org.apache.zookeeper.ClientCnxn:[522] - EventThread shut down for session: 0x1001f3024340031
[INFO] 2021-07-06 19:32:40.392 org.quartz.core.QuartzScheduler:[666] - Scheduler DolphinScheduler_$_Kirins-MacBook-Pro.local1625570074147 shutting down.
[INFO] 2021-07-06 19:32:40.392 org.quartz.core.QuartzScheduler:[585] - Scheduler DolphinScheduler_$_Kirins-MacBook-Pro.local1625570074147 paused.
[INFO] 2021-07-06 19:32:40.411 com.alibaba.druid.pool.DruidDataSource:[1928] - {dataSource-1} closed
[INFO] 2021-07-06 19:32:40.412 org.quartz.core.QuartzScheduler:[740] - Scheduler DolphinScheduler_$_Kirins-MacBook-Pro.local1625570074147 shutdown complete.
[INFO] 2021-07-06 19:32:40.412 org.apache.dolphinscheduler.service.quartz.QuartzExecutors:[171] - Quartz service stopped, and halt all tasks
[INFO] 2021-07-06 19:32:40.412 org.apache.dolphinscheduler.server.master.MasterServer:[182] - Quartz service stopped
