[WARN] 2021-08-30 12:36:34.845 org.apache.dolphinscheduler.common.utils.OSUtils:[442] - current cpu load average 19.96 is too high or available memory 0.92G is too low, under max.cpuload.avg=16.0 and reserved.memory=0.3G
[WARN] 2021-08-30 12:36:38.172 org.apache.dolphinscheduler.common.utils.OSUtils:[442] - current cpu load average 28.93 is too high or available memory 0.98G is too low, under max.cpuload.avg=16.0 and reserved.memory=0.3G
[WARN] 2021-08-30 12:36:39.069 org.apache.dolphinscheduler.server.registry.HeartBeatTask:[80] - current cpu load average 28.93 is too high or available memory 0.96G is too low, under max.cpuload.avg=16.0 and reserved.memory=0.3G
[WARN] 2021-08-30 12:36:39.186 org.apache.dolphinscheduler.common.utils.OSUtils:[442] - current cpu load average 28.93 is too high or available memory 0.96G is too low, under max.cpuload.avg=16.0 and reserved.memory=0.3G
[WARN] 2021-08-30 12:36:40.252 org.apache.dolphinscheduler.common.utils.OSUtils:[442] - current cpu load average 28.93 is too high or available memory 0.93G is too low, under max.cpuload.avg=16.0 and reserved.memory=0.3G
[WARN] 2021-08-30 12:36:42.087 org.apache.dolphinscheduler.common.utils.OSUtils:[442] - current cpu load average 28.93 is too high or available memory 0.94G is too low, under max.cpuload.avg=16.0 and reserved.memory=0.3G
[WARN] 2021-08-30 12:36:42.877 org.apache.dolphinscheduler.server.master.dispatch.host.LowerWeightHostManager:[159] - worker 192.168.1.109:1234 current cpu load average 28.93 is too high or available memory 0.95G is too low
[WARN] 2021-08-30 12:36:43.096 org.apache.dolphinscheduler.common.utils.OSUtils:[442] - current cpu load average 28.69 is too high or available memory 0.74G is too low, under max.cpuload.avg=16.0 and reserved.memory=0.3G
[WARN] 2021-08-30 12:36:44.123 org.apache.dolphinscheduler.common.utils.OSUtils:[442] - current cpu load average 28.69 is too high or available memory 0.72G is too low, under max.cpuload.avg=16.0 and reserved.memory=0.3G
[WARN] 2021-08-30 12:36:45.129 org.apache.dolphinscheduler.common.utils.OSUtils:[442] - current cpu load average 28.69 is too high or available memory 0.98G is too low, under max.cpuload.avg=16.0 and reserved.memory=0.3G
[WARN] 2021-08-30 12:36:46.169 org.apache.dolphinscheduler.common.utils.OSUtils:[442] - current cpu load average 28.69 is too high or available memory 0.72G is too low, under max.cpuload.avg=16.0 and reserved.memory=0.3G
[WARN] 2021-08-30 12:36:47.547 org.apache.dolphinscheduler.common.utils.OSUtils:[442] - current cpu load average 28.69 is too high or available memory 0.76G is too low, under max.cpuload.avg=16.0 and reserved.memory=0.3G
[WARN] 2021-08-30 12:36:48.027 org.apache.dolphinscheduler.server.master.dispatch.host.LowerWeightHostManager:[159] - worker 192.168.1.109:1234 current cpu load average 28.93 is too high or available memory 0.95G is too low
[WARN] 2021-08-30 12:36:48.785 org.apache.dolphinscheduler.common.utils.OSUtils:[442] - current cpu load average 40.73 is too high or available memory 0.68G is too low, under max.cpuload.avg=16.0 and reserved.memory=0.3G
[WARN] 2021-08-30 12:36:49.061 org.apache.dolphinscheduler.server.registry.HeartBeatTask:[80] - current cpu load average 40.73 is too high or available memory 0.74G is too low, under max.cpuload.avg=16.0 and reserved.memory=0.3G
[WARN] 2021-08-30 12:36:49.798 org.apache.dolphinscheduler.common.utils.OSUtils:[442] - current cpu load average 40.73 is too high or available memory 0.74G is too low, under max.cpuload.avg=16.0 and reserved.memory=0.3G
[WARN] 2021-08-30 12:36:50.804 org.apache.dolphinscheduler.common.utils.OSUtils:[442] - current cpu load average 40.73 is too high or available memory 0.86G is too low, under max.cpuload.avg=16.0 and reserved.memory=0.3G
[WARN] 2021-08-30 12:36:51.819 org.apache.dolphinscheduler.common.utils.OSUtils:[442] - current cpu load average 40.73 is too high or available memory 1.55G is too low, under max.cpuload.avg=16.0 and reserved.memory=0.3G
[WARN] 2021-08-30 12:36:52.825 org.apache.dolphinscheduler.common.utils.OSUtils:[442] - current cpu load average 40.73 is too high or available memory 1.82G is too low, under max.cpuload.avg=16.0 and reserved.memory=0.3G
[WARN] 2021-08-30 12:36:53.036 org.apache.dolphinscheduler.server.master.dispatch.host.LowerWeightHostManager:[159] - worker 192.168.1.109:1234 current cpu load average 28.69 is too high or available memory 0.83G is too low
[WARN] 2021-08-30 12:36:53.830 org.apache.dolphinscheduler.common.utils.OSUtils:[442] - current cpu load average 37.63 is too high or available memory 1.86G is too low, under max.cpuload.avg=16.0 and reserved.memory=0.3G
[WARN] 2021-08-30 12:36:54.831 org.apache.dolphinscheduler.common.utils.OSUtils:[442] - current cpu load average 37.63 is too high or available memory 1.82G is too low, under max.cpuload.avg=16.0 and reserved.memory=0.3G
[WARN] 2021-08-30 12:36:55.836 org.apache.dolphinscheduler.common.utils.OSUtils:[442] - current cpu load average 37.63 is too high or available memory 1.7G is too low, under max.cpuload.avg=16.0 and reserved.memory=0.3G
[WARN] 2021-08-30 12:36:56.841 org.apache.dolphinscheduler.common.utils.OSUtils:[442] - current cpu load average 37.63 is too high or available memory 1.54G is too low, under max.cpuload.avg=16.0 and reserved.memory=0.3G
[WARN] 2021-08-30 12:36:57.844 org.apache.dolphinscheduler.common.utils.OSUtils:[442] - current cpu load average 37.63 is too high or available memory 1.57G is too low, under max.cpuload.avg=16.0 and reserved.memory=0.3G
[WARN] 2021-08-30 12:36:58.044 org.apache.dolphinscheduler.server.master.dispatch.host.LowerWeightHostManager:[159] - worker 192.168.1.109:1234 current cpu load average 28.69 is too high or available memory 0.83G is too low
[WARN] 2021-08-30 12:36:58.844 org.apache.dolphinscheduler.common.utils.OSUtils:[442] - current cpu load average 34.7 is too high or available memory 1.77G is too low, under max.cpuload.avg=16.0 and reserved.memory=0.3G
[WARN] 2021-08-30 12:36:59.053 org.apache.dolphinscheduler.server.registry.HeartBeatTask:[80] - current cpu load average 34.7 is too high or available memory 1.73G is too low, under max.cpuload.avg=16.0 and reserved.memory=0.3G
[WARN] 2021-08-30 12:36:59.851 org.apache.dolphinscheduler.common.utils.OSUtils:[442] - current cpu load average 34.7 is too high or available memory 1.64G is too low, under max.cpuload.avg=16.0 and reserved.memory=0.3G
[WARN] 2021-08-30 12:37:00.855 org.apache.dolphinscheduler.common.utils.OSUtils:[442] - current cpu load average 34.7 is too high or available memory 1.56G is too low, under max.cpuload.avg=16.0 and reserved.memory=0.3G
[WARN] 2021-08-30 12:37:01.860 org.apache.dolphinscheduler.common.utils.OSUtils:[442] - current cpu load average 34.7 is too high or available memory 1.7G is too low, under max.cpuload.avg=16.0 and reserved.memory=0.3G
[WARN] 2021-08-30 12:37:02.862 org.apache.dolphinscheduler.common.utils.OSUtils:[442] - current cpu load average 34.7 is too high or available memory 1.51G is too low, under max.cpuload.avg=16.0 and reserved.memory=0.3G
[WARN] 2021-08-30 12:37:03.054 org.apache.dolphinscheduler.server.master.dispatch.host.LowerWeightHostManager:[159] - worker 192.168.1.109:1234 current cpu load average 37.63 is too high or available memory 1.57G is too low
[WARN] 2021-08-30 12:37:03.866 org.apache.dolphinscheduler.common.utils.OSUtils:[442] - current cpu load average 36.08 is too high or available memory 1.59G is too low, under max.cpuload.avg=16.0 and reserved.memory=0.3G
[WARN] 2021-08-30 12:37:04.871 org.apache.dolphinscheduler.common.utils.OSUtils:[442] - current cpu load average 36.08 is too high or available memory 1.57G is too low, under max.cpuload.avg=16.0 and reserved.memory=0.3G
[WARN] 2021-08-30 12:37:05.875 org.apache.dolphinscheduler.common.utils.OSUtils:[442] - current cpu load average 36.08 is too high or available memory 1.57G is too low, under max.cpuload.avg=16.0 and reserved.memory=0.3G
[WARN] 2021-08-30 12:37:06.879 org.apache.dolphinscheduler.common.utils.OSUtils:[442] - current cpu load average 36.08 is too high or available memory 1.57G is too low, under max.cpuload.avg=16.0 and reserved.memory=0.3G
[WARN] 2021-08-30 12:37:07.885 org.apache.dolphinscheduler.common.utils.OSUtils:[442] - current cpu load average 36.08 is too high or available memory 1.57G is too low, under max.cpuload.avg=16.0 and reserved.memory=0.3G
[WARN] 2021-08-30 12:37:08.060 org.apache.dolphinscheduler.server.master.dispatch.host.LowerWeightHostManager:[159] - worker 192.168.1.109:1234 current cpu load average 37.63 is too high or available memory 1.57G is too low
[WARN] 2021-08-30 12:37:08.887 org.apache.dolphinscheduler.common.utils.OSUtils:[442] - current cpu load average 33.27 is too high or available memory 1.65G is too low, under max.cpuload.avg=16.0 and reserved.memory=0.3G
[WARN] 2021-08-30 12:37:09.054 org.apache.dolphinscheduler.server.registry.HeartBeatTask:[80] - current cpu load average 33.27 is too high or available memory 1.81G is too low, under max.cpuload.avg=16.0 and reserved.memory=0.3G
[WARN] 2021-08-30 12:37:09.895 org.apache.dolphinscheduler.common.utils.OSUtils:[442] - current cpu load average 33.27 is too high or available memory 1.86G is too low, under max.cpuload.avg=16.0 and reserved.memory=0.3G
[WARN] 2021-08-30 12:37:10.898 org.apache.dolphinscheduler.common.utils.OSUtils:[442] - current cpu load average 33.27 is too high or available memory 1.85G is too low, under max.cpuload.avg=16.0 and reserved.memory=0.3G
[WARN] 2021-08-30 12:37:11.898 org.apache.dolphinscheduler.common.utils.OSUtils:[442] - current cpu load average 33.27 is too high or available memory 1.83G is too low, under max.cpuload.avg=16.0 and reserved.memory=0.3G
[WARN] 2021-08-30 12:37:12.900 org.apache.dolphinscheduler.common.utils.OSUtils:[442] - current cpu load average 33.27 is too high or available memory 1.82G is too low, under max.cpuload.avg=16.0 and reserved.memory=0.3G
[WARN] 2021-08-30 12:37:13.066 org.apache.dolphinscheduler.server.master.dispatch.host.LowerWeightHostManager:[159] - worker 192.168.1.109:1234 current cpu load average 36.08 is too high or available memory 1.57G is too low
[WARN] 2021-08-30 12:37:13.906 org.apache.dolphinscheduler.common.utils.OSUtils:[442] - current cpu load average 30.69 is too high or available memory 1.77G is too low, under max.cpuload.avg=16.0 and reserved.memory=0.3G
[WARN] 2021-08-30 12:37:14.909 org.apache.dolphinscheduler.common.utils.OSUtils:[442] - current cpu load average 30.69 is too high or available memory 1.77G is too low, under max.cpuload.avg=16.0 and reserved.memory=0.3G
[WARN] 2021-08-30 12:37:15.911 org.apache.dolphinscheduler.common.utils.OSUtils:[442] - current cpu load average 30.69 is too high or available memory 1.76G is too low, under max.cpuload.avg=16.0 and reserved.memory=0.3G
[WARN] 2021-08-30 12:37:16.914 org.apache.dolphinscheduler.common.utils.OSUtils:[442] - current cpu load average 30.69 is too high or available memory 1.73G is too low, under max.cpuload.avg=16.0 and reserved.memory=0.3G
[WARN] 2021-08-30 12:37:17.914 org.apache.dolphinscheduler.common.utils.OSUtils:[442] - current cpu load average 30.69 is too high or available memory 1.68G is too low, under max.cpuload.avg=16.0 and reserved.memory=0.3G
[WARN] 2021-08-30 12:37:18.067 org.apache.dolphinscheduler.server.master.dispatch.host.LowerWeightHostManager:[159] - worker 192.168.1.109:1234 current cpu load average 36.08 is too high or available memory 1.57G is too low
[WARN] 2021-08-30 12:37:18.919 org.apache.dolphinscheduler.common.utils.OSUtils:[442] - current cpu load average 28.31 is too high or available memory 1.66G is too low, under max.cpuload.avg=16.0 and reserved.memory=0.3G
[WARN] 2021-08-30 12:37:19.053 org.apache.dolphinscheduler.server.registry.HeartBeatTask:[80] - current cpu load average 28.31 is too high or available memory 1.65G is too low, under max.cpuload.avg=16.0 and reserved.memory=0.3G
[WARN] 2021-08-30 12:37:19.922 org.apache.dolphinscheduler.common.utils.OSUtils:[442] - current cpu load average 28.31 is too high or available memory 1.63G is too low, under max.cpuload.avg=16.0 and reserved.memory=0.3G
[WARN] 2021-08-30 12:37:20.924 org.apache.dolphinscheduler.common.utils.OSUtils:[442] - current cpu load average 28.31 is too high or available memory 1.62G is too low, under max.cpuload.avg=16.0 and reserved.memory=0.3G
[WARN] 2021-08-30 12:37:21.928 org.apache.dolphinscheduler.common.utils.OSUtils:[442] - current cpu load average 28.31 is too high or available memory 1.62G is too low, under max.cpuload.avg=16.0 and reserved.memory=0.3G
[WARN] 2021-08-30 12:37:22.929 org.apache.dolphinscheduler.common.utils.OSUtils:[442] - current cpu load average 28.31 is too high or available memory 1.61G is too low, under max.cpuload.avg=16.0 and reserved.memory=0.3G
[WARN] 2021-08-30 12:37:23.069 org.apache.dolphinscheduler.server.master.dispatch.host.LowerWeightHostManager:[159] - worker 192.168.1.109:1234 current cpu load average 30.69 is too high or available memory 1.72G is too low
[WARN] 2021-08-30 12:37:23.933 org.apache.dolphinscheduler.common.utils.OSUtils:[442] - current cpu load average 26.44 is too high or available memory 1.61G is too low, under max.cpuload.avg=16.0 and reserved.memory=0.3G
[WARN] 2021-08-30 12:37:24.934 org.apache.dolphinscheduler.common.utils.OSUtils:[442] - current cpu load average 26.44 is too high or available memory 1.61G is too low, under max.cpuload.avg=16.0 and reserved.memory=0.3G
[WARN] 2021-08-30 12:37:25.938 org.apache.dolphinscheduler.common.utils.OSUtils:[442] - current cpu load average 26.44 is too high or available memory 1.61G is too low, under max.cpuload.avg=16.0 and reserved.memory=0.3G
[WARN] 2021-08-30 12:37:26.940 org.apache.dolphinscheduler.common.utils.OSUtils:[442] - current cpu load average 26.44 is too high or available memory 1.61G is too low, under max.cpuload.avg=16.0 and reserved.memory=0.3G
[WARN] 2021-08-30 12:37:27.945 org.apache.dolphinscheduler.common.utils.OSUtils:[442] - current cpu load average 26.44 is too high or available memory 1.61G is too low, under max.cpuload.avg=16.0 and reserved.memory=0.3G
[WARN] 2021-08-30 12:37:28.072 org.apache.dolphinscheduler.server.master.dispatch.host.LowerWeightHostManager:[159] - worker 192.168.1.109:1234 current cpu load average 30.69 is too high or available memory 1.72G is too low
[WARN] 2021-08-30 12:37:28.946 org.apache.dolphinscheduler.common.utils.OSUtils:[442] - current cpu load average 24.48 is too high or available memory 1.61G is too low, under max.cpuload.avg=16.0 and reserved.memory=0.3G
[WARN] 2021-08-30 12:37:29.051 org.apache.dolphinscheduler.server.registry.HeartBeatTask:[80] - current cpu load average 24.48 is too high or available memory 1.61G is too low, under max.cpuload.avg=16.0 and reserved.memory=0.3G
[WARN] 2021-08-30 12:37:29.948 org.apache.dolphinscheduler.common.utils.OSUtils:[442] - current cpu load average 24.48 is too high or available memory 1.6G is too low, under max.cpuload.avg=16.0 and reserved.memory=0.3G
[WARN] 2021-08-30 12:37:30.949 org.apache.dolphinscheduler.common.utils.OSUtils:[442] - current cpu load average 24.48 is too high or available memory 1.61G is too low, under max.cpuload.avg=16.0 and reserved.memory=0.3G
[WARN] 2021-08-30 12:37:31.953 org.apache.dolphinscheduler.common.utils.OSUtils:[442] - current cpu load average 24.48 is too high or available memory 1.6G is too low, under max.cpuload.avg=16.0 and reserved.memory=0.3G
[WARN] 2021-08-30 12:37:32.957 org.apache.dolphinscheduler.common.utils.OSUtils:[442] - current cpu load average 24.48 is too high or available memory 1.6G is too low, under max.cpuload.avg=16.0 and reserved.memory=0.3G
[WARN] 2021-08-30 12:37:33.074 org.apache.dolphinscheduler.server.master.dispatch.host.LowerWeightHostManager:[159] - worker 192.168.1.109:1234 current cpu load average 26.44 is too high or available memory 1.61G is too low
[WARN] 2021-08-30 12:37:33.960 org.apache.dolphinscheduler.common.utils.OSUtils:[442] - current cpu load average 22.6 is too high or available memory 1.6G is too low, under max.cpuload.avg=16.0 and reserved.memory=0.3G
[WARN] 2021-08-30 12:37:34.964 org.apache.dolphinscheduler.common.utils.OSUtils:[442] - current cpu load average 22.6 is too high or available memory 1.6G is too low, under max.cpuload.avg=16.0 and reserved.memory=0.3G
[WARN] 2021-08-30 12:37:35.965 org.apache.dolphinscheduler.common.utils.OSUtils:[442] - current cpu load average 22.6 is too high or available memory 1.59G is too low, under max.cpuload.avg=16.0 and reserved.memory=0.3G
[WARN] 2021-08-30 12:37:36.966 org.apache.dolphinscheduler.common.utils.OSUtils:[442] - current cpu load average 22.6 is too high or available memory 1.59G is too low, under max.cpuload.avg=16.0 and reserved.memory=0.3G
[WARN] 2021-08-30 12:37:37.968 org.apache.dolphinscheduler.common.utils.OSUtils:[442] - current cpu load average 22.6 is too high or available memory 1.59G is too low, under max.cpuload.avg=16.0 and reserved.memory=0.3G
[WARN] 2021-08-30 12:37:38.077 org.apache.dolphinscheduler.server.master.dispatch.host.LowerWeightHostManager:[159] - worker 192.168.1.109:1234 current cpu load average 26.44 is too high or available memory 1.61G is too low
[WARN] 2021-08-30 12:37:38.969 org.apache.dolphinscheduler.common.utils.OSUtils:[442] - current cpu load average 20.87 is too high or available memory 1.58G is too low, under max.cpuload.avg=16.0 and reserved.memory=0.3G
[WARN] 2021-08-30 12:37:39.053 org.apache.dolphinscheduler.server.registry.HeartBeatTask:[80] - current cpu load average 20.87 is too high or available memory 1.58G is too low, under max.cpuload.avg=16.0 and reserved.memory=0.3G
[WARN] 2021-08-30 12:37:39.975 org.apache.dolphinscheduler.common.utils.OSUtils:[442] - current cpu load average 20.87 is too high or available memory 1.58G is too low, under max.cpuload.avg=16.0 and reserved.memory=0.3G
[WARN] 2021-08-30 12:37:40.976 org.apache.dolphinscheduler.common.utils.OSUtils:[442] - current cpu load average 20.87 is too high or available memory 1.58G is too low, under max.cpuload.avg=16.0 and reserved.memory=0.3G
[WARN] 2021-08-30 12:37:41.978 org.apache.dolphinscheduler.common.utils.OSUtils:[442] - current cpu load average 20.87 is too high or available memory 1.58G is too low, under max.cpuload.avg=16.0 and reserved.memory=0.3G
[WARN] 2021-08-30 12:37:42.983 org.apache.dolphinscheduler.common.utils.OSUtils:[442] - current cpu load average 20.87 is too high or available memory 1.58G is too low, under max.cpuload.avg=16.0 and reserved.memory=0.3G
[WARN] 2021-08-30 12:37:43.080 org.apache.dolphinscheduler.server.master.dispatch.host.LowerWeightHostManager:[159] - worker 192.168.1.109:1234 current cpu load average 22.6 is too high or available memory 1.59G is too low
[WARN] 2021-08-30 12:37:43.986 org.apache.dolphinscheduler.common.utils.OSUtils:[442] - current cpu load average 19.6 is too high or available memory 1.58G is too low, under max.cpuload.avg=16.0 and reserved.memory=0.3G
[WARN] 2021-08-30 12:37:44.989 org.apache.dolphinscheduler.common.utils.OSUtils:[442] - current cpu load average 19.6 is too high or available memory 1.58G is too low, under max.cpuload.avg=16.0 and reserved.memory=0.3G
[WARN] 2021-08-30 12:37:45.990 org.apache.dolphinscheduler.common.utils.OSUtils:[442] - current cpu load average 19.6 is too high or available memory 1.57G is too low, under max.cpuload.avg=16.0 and reserved.memory=0.3G
[WARN] 2021-08-30 12:37:46.994 org.apache.dolphinscheduler.common.utils.OSUtils:[442] - current cpu load average 19.6 is too high or available memory 1.58G is too low, under max.cpuload.avg=16.0 and reserved.memory=0.3G
[WARN] 2021-08-30 12:37:47.995 org.apache.dolphinscheduler.common.utils.OSUtils:[442] - current cpu load average 19.6 is too high or available memory 1.57G is too low, under max.cpuload.avg=16.0 and reserved.memory=0.3G
[WARN] 2021-08-30 12:37:48.081 org.apache.dolphinscheduler.server.master.dispatch.host.LowerWeightHostManager:[159] - worker 192.168.1.109:1234 current cpu load average 22.6 is too high or available memory 1.59G is too low
[WARN] 2021-08-30 12:37:49.000 org.apache.dolphinscheduler.common.utils.OSUtils:[442] - current cpu load average 18.19 is too high or available memory 1.57G is too low, under max.cpuload.avg=16.0 and reserved.memory=0.3G
[WARN] 2021-08-30 12:37:49.051 org.apache.dolphinscheduler.server.registry.HeartBeatTask:[80] - current cpu load average 18.19 is too high or available memory 1.57G is too low, under max.cpuload.avg=16.0 and reserved.memory=0.3G
[WARN] 2021-08-30 12:37:50.001 org.apache.dolphinscheduler.common.utils.OSUtils:[442] - current cpu load average 18.19 is too high or available memory 1.57G is too low, under max.cpuload.avg=16.0 and reserved.memory=0.3G
[WARN] 2021-08-30 12:37:51.011 org.apache.dolphinscheduler.common.utils.OSUtils:[442] - current cpu load average 18.19 is too high or available memory 1.56G is too low, under max.cpuload.avg=16.0 and reserved.memory=0.3G
[WARN] 2021-08-30 12:37:52.012 org.apache.dolphinscheduler.common.utils.OSUtils:[442] - current cpu load average 18.19 is too high or available memory 1.47G is too low, under max.cpuload.avg=16.0 and reserved.memory=0.3G
[WARN] 2021-08-30 12:37:53.018 org.apache.dolphinscheduler.common.utils.OSUtils:[442] - current cpu load average 18.19 is too high or available memory 1.45G is too low, under max.cpuload.avg=16.0 and reserved.memory=0.3G
[WARN] 2021-08-30 12:37:53.084 org.apache.dolphinscheduler.server.master.dispatch.host.LowerWeightHostManager:[159] - worker 192.168.1.109:1234 current cpu load average 19.6 is too high or available memory 1.58G is too low
[WARN] 2021-08-30 12:37:54.036 org.apache.dolphinscheduler.common.utils.OSUtils:[442] - current cpu load average 16.98 is too high or available memory 1.39G is too low, under max.cpuload.avg=16.0 and reserved.memory=0.3G
[WARN] 2021-08-30 12:37:55.039 org.apache.dolphinscheduler.common.utils.OSUtils:[442] - current cpu load average 16.98 is too high or available memory 1.53G is too low, under max.cpuload.avg=16.0 and reserved.memory=0.3G
[WARN] 2021-08-30 12:37:56.048 org.apache.dolphinscheduler.common.utils.OSUtils:[442] - current cpu load average 16.98 is too high or available memory 1.53G is too low, under max.cpuload.avg=16.0 and reserved.memory=0.3G
[WARN] 2021-08-30 12:37:57.059 org.apache.dolphinscheduler.common.utils.OSUtils:[442] - current cpu load average 16.98 is too high or available memory 1.54G is too low, under max.cpuload.avg=16.0 and reserved.memory=0.3G
[WARN] 2021-08-30 12:37:58.061 org.apache.dolphinscheduler.common.utils.OSUtils:[442] - current cpu load average 16.98 is too high or available memory 1.54G is too low, under max.cpuload.avg=16.0 and reserved.memory=0.3G
[WARN] 2021-08-30 12:37:58.085 org.apache.dolphinscheduler.server.master.dispatch.host.LowerWeightHostManager:[159] - worker 192.168.1.109:1234 current cpu load average 19.6 is too high or available memory 1.58G is too low
[WARN] 2021-08-30 12:38:03.091 org.apache.dolphinscheduler.server.master.dispatch.host.LowerWeightHostManager:[159] - worker 192.168.1.109:1234 current cpu load average 16.98 is too high or available memory 1.54G is too low
[WARN] 2021-08-30 12:38:08.092 org.apache.dolphinscheduler.server.master.dispatch.host.LowerWeightHostManager:[159] - worker 192.168.1.109:1234 current cpu load average 16.98 is too high or available memory 1.54G is too low
[INFO] 2021-08-30 12:45:44.606 org.apache.dolphinscheduler.server.master.MasterServer:[164] - master server is stopping ..., cause : shutdownHook
[INFO] 2021-08-30 12:45:45.318 org.apache.curator.framework.imps.CuratorFrameworkImpl:[955] - backgroundOperationsLoop exiting
[INFO] 2021-08-30 12:45:45.368 org.apache.zookeeper.ClientCnxn:[522] - EventThread shut down for session: 0x100000d5d0c0092
[INFO] 2021-08-30 12:45:45.366 org.apache.dolphinscheduler.server.master.zk.ZKMasterClient:[144] - MASTER node deleted : /dolphinscheduler/nodes/master/192.168.1.109:5678
[INFO] 2021-08-30 12:45:45.368 org.apache.zookeeper.ZooKeeper:[693] - Session: 0x100000d5d0c0092 closed
[INFO] 2021-08-30 12:45:45.373 org.apache.dolphinscheduler.server.master.processor.queue.TaskResponseService:[121] - TaskResponseWorker stopped
[INFO] 2021-08-30 12:45:45.455 org.apache.dolphinscheduler.service.zk.RegisterOperator:[115] - MASTER server dead , and /dolphinscheduler/nodes/master/192.168.1.109:5678 added to zk dead server path success
[INFO] 2021-08-30 12:45:45.456 org.apache.dolphinscheduler.server.master.zk.ZKMasterClient:[353] - start master failover ...
[INFO] 2021-08-30 12:45:45.538 org.apache.dolphinscheduler.server.master.zk.ZKMasterClient:[357] - failover process list size:0 
[INFO] 2021-08-30 12:45:45.538 org.apache.dolphinscheduler.server.master.zk.ZKMasterClient:[368] - master failover end
[INFO] 2021-08-30 12:45:45.714 org.apache.dolphinscheduler.server.master.zk.ZKMasterClient:[241] - worker node deleted : /dolphinscheduler/nodes/worker/default/192.168.1.109:1234
[INFO] 2021-08-30 12:45:45.715 org.apache.dolphinscheduler.server.master.zk.ZKMasterClient:[144] - WORKER node deleted : /dolphinscheduler/nodes/worker/default/192.168.1.109:1234
[INFO] 2021-08-30 12:45:45.776 org.apache.dolphinscheduler.service.zk.RegisterOperator:[115] - WORKER server dead , and /dolphinscheduler/nodes/worker/default/192.168.1.109:1234 added to zk dead server path success
[INFO] 2021-08-30 12:45:45.777 org.apache.dolphinscheduler.server.master.zk.ZKMasterClient:[319] - start worker[192.168.1.109:1234] failover ...
[INFO] 2021-08-30 12:45:45.803 org.apache.dolphinscheduler.server.master.zk.ZKMasterClient:[344] - end worker[192.168.1.109:1234] failover ...
[INFO] 2021-08-30 12:45:47.621 org.apache.dolphinscheduler.remote.NettyRemotingClient:[403] - netty client closed
[INFO] 2021-08-30 12:45:47.622 org.apache.dolphinscheduler.server.master.runner.MasterSchedulerService:[111] - master schedule service stopped...
[INFO] 2021-08-30 12:45:47.626 org.apache.dolphinscheduler.remote.NettyRemotingServer:[237] - netty server closed
[ERROR] 2021-08-30 12:45:47.671 org.apache.dolphinscheduler.service.zk.ZookeeperOperator:[160] - isExisted key : /dolphinscheduler/nodes/master/192.168.1.109:5678
java.lang.IllegalStateException: Expected state [STARTED] was [STOPPED]
	at org.apache.curator.shaded.com.google.common.base.Preconditions.checkState(Preconditions.java:823)
	at org.apache.curator.framework.imps.CuratorFrameworkImpl.checkState(CuratorFrameworkImpl.java:432)
	at org.apache.curator.framework.imps.CuratorFrameworkImpl.checkExists(CuratorFrameworkImpl.java:459)
	at org.apache.dolphinscheduler.service.zk.ZookeeperOperator.isExisted(ZookeeperOperator.java:158)
	at org.apache.dolphinscheduler.service.zk.ZookeeperOperator.remove(ZookeeperOperator.java:224)
	at org.apache.dolphinscheduler.server.master.registry.MasterRegistry.unRegistry(MasterRegistry.java:117)
	at org.apache.dolphinscheduler.server.master.zk.ZKMasterClient.close(ZKMasterClient.java:114)
	at org.apache.dolphinscheduler.server.master.MasterServer.close(MasterServer.java:178)
	at org.apache.dolphinscheduler.server.master.MasterServer.lambda$run$0(MasterServer.java:145)
	at java.base/java.lang.Thread.run(Thread.java:829)
[INFO] 2021-08-30 12:45:47.673 org.apache.dolphinscheduler.server.master.registry.MasterRegistry:[118] - master node : 192.168.1.109:5678 unRegistry to ZK.
[INFO] 2021-08-30 12:45:47.674 org.apache.dolphinscheduler.server.master.registry.MasterRegistry:[120] - heartbeat executor shutdown
[INFO] 2021-08-30 12:45:48.175 org.apache.curator.framework.imps.CuratorFrameworkImpl:[955] - backgroundOperationsLoop exiting
[INFO] 2021-08-30 12:45:48.196 org.apache.zookeeper.ClientCnxn:[522] - EventThread shut down for session: 0x100000d5d0c0093
[INFO] 2021-08-30 12:45:48.196 org.apache.zookeeper.ZooKeeper:[693] - Session: 0x100000d5d0c0093 closed
[INFO] 2021-08-30 12:45:48.199 org.quartz.core.QuartzScheduler:[666] - Scheduler DolphinScheduler_$_Kirins-MacBook-Pro.local1630248066982 shutting down.
[INFO] 2021-08-30 12:45:48.200 org.quartz.core.QuartzScheduler:[585] - Scheduler DolphinScheduler_$_Kirins-MacBook-Pro.local1630248066982 paused.
[INFO] 2021-08-30 12:45:48.443 com.alibaba.druid.pool.DruidDataSource:[1928] - {dataSource-1} closed
[INFO] 2021-08-30 12:45:48.447 org.quartz.core.QuartzScheduler:[740] - Scheduler DolphinScheduler_$_Kirins-MacBook-Pro.local1630248066982 shutdown complete.
[INFO] 2021-08-30 12:45:48.447 org.apache.dolphinscheduler.service.quartz.QuartzExecutors:[171] - Quartz service stopped, and halt all tasks
[INFO] 2021-08-30 12:45:48.447 org.apache.dolphinscheduler.server.master.MasterServer:[182] - Quartz service stopped
