[WARN] 2021-07-28 03:21:07.292 org.apache.zookeeper.ClientCnxn:[1108] - Client session timed out, have not heard from server in 27567ms for sessionid 0x100110712be0015
[WARN] 2021-07-28 03:21:07.292 org.apache.zookeeper.ClientCnxn:[1108] - Client session timed out, have not heard from server in 27567ms for sessionid 0x100110712be0014
[WARN] 2021-07-28 03:21:07.290 org.apache.zookeeper.ClientCnxn:[1108] - Client session timed out, have not heard from server in 30705ms for sessionid 0x100110712be0017
[WARN] 2021-07-28 03:21:07.290 org.apache.zookeeper.ClientCnxn:[1108] - Client session timed out, have not heard from server in 27567ms for sessionid 0x100110712be0016
[INFO] 2021-07-28 03:21:08.110 org.apache.curator.framework.state.ConnectionStateManager:[251] - State change: SUSPENDED
[INFO] 2021-07-28 03:21:08.110 org.apache.curator.framework.state.ConnectionStateManager:[251] - State change: SUSPENDED
[WARN] 2021-07-28 03:21:08.143 org.apache.dolphinscheduler.service.zk.ZookeeperOperator:[81] - connection SUSPENDED to zookeeper
[WARN] 2021-07-28 03:21:08.143 org.apache.dolphinscheduler.service.zk.ZookeeperOperator:[81] - connection SUSPENDED to zookeeper
[INFO] 2021-07-28 03:21:08.153 org.apache.curator.framework.state.ConnectionStateManager:[251] - State change: SUSPENDED
[WARN] 2021-07-28 03:21:08.155 org.apache.dolphinscheduler.service.zk.ZookeeperOperator:[81] - connection SUSPENDED to zookeeper
[INFO] 2021-07-28 03:21:08.156 org.apache.curator.framework.state.ConnectionStateManager:[251] - State change: SUSPENDED
[WARN] 2021-07-28 03:21:08.158 org.apache.dolphinscheduler.service.zk.ZookeeperOperator:[81] - connection SUSPENDED to zookeeper
[INFO] 2021-07-28 03:21:09.262 org.apache.curator.framework.state.ConnectionStateManager:[251] - State change: RECONNECTED
[INFO] 2021-07-28 03:21:09.262 org.apache.dolphinscheduler.service.zk.ZookeeperOperator:[79] - reconnected to zookeeper
[INFO] 2021-07-28 03:21:09.660 org.apache.curator.framework.state.ConnectionStateManager:[251] - State change: RECONNECTED
[INFO] 2021-07-28 03:21:09.661 org.apache.dolphinscheduler.service.zk.ZookeeperOperator:[79] - reconnected to zookeeper
[INFO] 2021-07-28 03:21:09.675 org.apache.curator.framework.state.ConnectionStateManager:[251] - State change: RECONNECTED
[INFO] 2021-07-28 03:21:09.676 org.apache.dolphinscheduler.service.zk.ZookeeperOperator:[79] - reconnected to zookeeper
[INFO] 2021-07-28 03:21:09.925 org.apache.curator.framework.state.ConnectionStateManager:[251] - State change: RECONNECTED
[INFO] 2021-07-28 03:21:09.925 org.apache.dolphinscheduler.service.zk.ZookeeperOperator:[79] - reconnected to zookeeper
