[INFO] 2021-08-29 22:40:46.593 org.apache.curator.framework.imps.CuratorFrameworkImpl:[955] - backgroundOperationsLoop exiting
[INFO] 2021-08-29 22:40:46.853 org.apache.zookeeper.ClientCnxn:[522] - EventThread shut down for session: 0x100000d5d0c0082
[INFO] 2021-08-29 22:40:46.853 org.apache.zookeeper.ZooKeeper:[693] - Session: 0x100000d5d0c0082 closed
[INFO] 2021-08-29 22:40:46.865 org.apache.dolphinscheduler.server.master.processor.queue.TaskResponseService:[121] - TaskResponseWorker stopped
[INFO] 2021-08-29 22:41:03.667 org.apache.dolphinscheduler.service.zk.ZookeeperOperator:[87] - zookeeper registry center init, server lists is: localhost:2181.
[INFO] 2021-08-29 22:41:03.755 org.apache.curator.utils.Compatibility:[48] - Running in ZooKeeper 3.4.x compatibility mode
[INFO] 2021-08-29 22:41:03.756 org.apache.curator.utils.Compatibility:[61] - Using emulated InjectSessionExpiration
[INFO] 2021-08-29 22:41:03.818 org.apache.curator.framework.imps.CuratorFrameworkImpl:[308] - Starting
[INFO] 2021-08-29 22:41:03.830 org.apache.zookeeper.ZooKeeper:[100] - Client environment:zookeeper.version=3.4.14-4c25d480e66aadd371de8bd2fd8da255ac140bcf, built on 03/06/2019 16:18 GMT
[INFO] 2021-08-29 22:41:03.831 org.apache.zookeeper.ZooKeeper:[100] - Client environment:host.name=localhost
[INFO] 2021-08-29 22:41:03.831 org.apache.zookeeper.ZooKeeper:[100] - Client environment:java.version=11.0.11
[INFO] 2021-08-29 22:41:03.831 org.apache.zookeeper.ZooKeeper:[100] - Client environment:java.vendor=JetBrains s.r.o.
[INFO] 2021-08-29 22:41:03.831 org.apache.zookeeper.ZooKeeper:[100] - Client environment:java.home=/Applications/IntelliJ IDEA.app/Contents/jbr/Contents/Home
[INFO] 2021-08-29 22:41:03.831 org.apache.zookeeper.ZooKeeper:[100] - Client environment:java.class.path=/Users/kirin/Program/IDEAProjects/apache-dolphinscheduler-1.3.6-src/dolphinscheduler-server/target/classes:/Users/kirin/Program/IDEAProjects/apache-dolphinscheduler-1.3.6-src/dolphinscheduler-common/target/classes:/Users/kirin/Program/IDEAProjects/apache-dolphinscheduler-1.3.6-src/dolphinscheduler-plugin-api/target/classes:/Users/kirin/.m2/repository/commons-io/commons-io/2.4/commons-io-2.4.jar:/Users/kirin/.m2/repository/com/alibaba/fastjson/1.2.61/fastjson-1.2.61.jar:/Users/kirin/.m2/repository/commons-configuration/commons-configuration/1.10/commons-configuration-1.10.jar:/Users/kirin/.m2/repository/commons-lang/commons-lang/2.6/commons-lang-2.6.jar:/Users/kirin/.m2/repository/com/fasterxml/jackson/core/jackson-annotations/2.9.10/jackson-annotations-2.9.10.jar:/Users/kirin/.m2/repository/com/fasterxml/jackson/core/jackson-databind/2.9.10/jackson-databind-2.9.10.jar:/Users/kirin/.m2/repository/org/apache/commons/commons-collections4/4.1/commons-collections4-4.1.jar:/Users/kirin/.m2/repository/org/apache/hadoop/hadoop-common/2.7.3/hadoop-common-2.7.3.jar:/Users/kirin/.m2/repository/org/apache/hadoop/hadoop-annotations/2.7.3/hadoop-annotations-2.7.3.jar:/Users/kirin/.m2/repository/commons-cli/commons-cli/1.2/commons-cli-1.2.jar:/Users/kirin/.m2/repository/commons-collections/commons-collections/3.2.2/commons-collections-3.2.2.jar:/Users/kirin/.m2/repository/org/mortbay/jetty/jetty/6.1.26/jetty-6.1.26.jar:/Users/kirin/.m2/repository/org/mortbay/jetty/jetty-util/6.1.26/jetty-util-6.1.26.jar:/Users/kirin/.m2/repository/net/java/dev/jets3t/jets3t/0.9.0/jets3t-0.9.0.jar:/Users/kirin/.m2/repository/com/jamesmurty/utils/java-xmlbuilder/0.4/java-xmlbuilder-0.4.jar:/Users/kirin/.m2/repository/com/google/protobuf/protobuf-java/2.5.0/protobuf-java-2.5.0.jar:/Users/kirin/.m2/repository/org/apache/hadoop/hadoop-auth/2.7.3/hadoop-auth-2.7.3.jar:/Users/kirin/.m2/repository/org/apache/directory/server/apacheds-kerberos-codec/2.0.0-M15/apacheds-kerberos-codec-2.0.0-M15.jar:/Users/kirin/.m2/repository/org/apache/directory/server/apacheds-i18n/2.0.0-M15/apacheds-i18n-2.0.0-M15.jar:/Users/kirin/.m2/repository/org/apache/directory/api/api-asn1-api/1.0.0-M20/api-asn1-api-1.0.0-M20.jar:/Users/kirin/.m2/repository/org/apache/directory/api/api-util/1.0.0-M20/api-util-1.0.0-M20.jar:/Users/kirin/.m2/repository/com/jcraft/jsch/0.1.42/jsch-0.1.42.jar:/Users/kirin/.m2/repository/org/apache/htrace/htrace-core/3.1.0-incubating/htrace-core-3.1.0-incubating.jar:/Users/kirin/.m2/repository/org/apache/commons/commons-compress/1.4.1/commons-compress-1.4.1.jar:/Users/kirin/.m2/repository/org/apache/hadoop/hadoop-client/2.7.3/hadoop-client-2.7.3.jar:/Users/kirin/.m2/repository/org/apache/hadoop/hadoop-mapreduce-client-app/2.7.3/hadoop-mapreduce-client-app-2.7.3.jar:/Users/kirin/.m2/repository/org/apache/hadoop/hadoop-mapreduce-client-common/2.7.3/hadoop-mapreduce-client-common-2.7.3.jar:/Users/kirin/.m2/repository/org/apache/hadoop/hadoop-yarn-client/2.7.3/hadoop-yarn-client-2.7.3.jar:/Users/kirin/.m2/repository/org/apache/hadoop/hadoop-yarn-server-common/2.7.3/hadoop-yarn-server-common-2.7.3.jar:/Users/kirin/.m2/repository/org/apache/hadoop/hadoop-yarn-api/2.7.3/hadoop-yarn-api-2.7.3.jar:/Users/kirin/.m2/repository/org/apache/hadoop/hadoop-mapreduce-client-core/2.7.3/hadoop-mapreduce-client-core-2.7.3.jar:/Users/kirin/.m2/repository/org/apache/hadoop/hadoop-yarn-common/2.7.3/hadoop-yarn-common-2.7.3.jar:/Users/kirin/.m2/repository/org/apache/hadoop/hadoop-mapreduce-client-jobclient/2.7.3/hadoop-mapreduce-client-jobclient-2.7.3.jar:/Users/kirin/.m2/repository/org/apache/hadoop/hadoop-hdfs/2.7.3/hadoop-hdfs-2.7.3.jar:/Users/kirin/.m2/repository/commons-daemon/commons-daemon/1.0.13/commons-daemon-1.0.13.jar:/Users/kirin/.m2/repository/org/codehaus/jackson/jackson-core-asl/1.9.13/jackson-core-asl-1.9.13.jar:/Users/kirin/.m2/repository/org/codehaus/jackson/jackson-mapper-asl/1.9.13/jackson-mapper-asl-1.9.13.jar:/Users/kirin/.m2/repository/xerces/xercesImpl/2.9.1/xercesImpl-2.9.1.jar:/Users/kirin/.m2/repository/xml-apis/xml-apis/1.4.01/xml-apis-1.4.01.jar:/Users/kirin/.m2/repository/org/apache/hadoop/hadoop-aws/2.7.3/hadoop-aws-2.7.3.jar:/Users/kirin/.m2/repository/com/amazonaws/aws-java-sdk/1.7.4/aws-java-sdk-1.7.4.jar:/Users/kirin/.m2/repository/joda-time/joda-time/2.10.8/joda-time-2.10.8.jar:/Users/kirin/.m2/repository/org/postgresql/postgresql/42.1.4/postgresql-42.1.4.jar:/Users/kirin/.m2/repository/org/apache/hive/hive-jdbc/2.1.0/hive-jdbc-2.1.0.jar:/Users/kirin/.m2/repository/org/apache/hive/hive-common/2.1.0/hive-common-2.1.0.jar:/Users/kirin/.m2/repository/org/apache/hive/hive-storage-api/2.1.0/hive-storage-api-2.1.0.jar:/Users/kirin/.m2/repository/org/apache/hive/hive-orc/2.1.0/hive-orc-2.1.0.jar:/Users/kirin/.m2/repository/org/iq80/snappy/snappy/0.2/snappy-0.2.jar:/Users/kirin/.m2/repository/org/apache/logging/log4j/log4j-1.2-api/2.11.2/log4j-1.2-api-2.11.2.jar:/Users/kirin/.m2/repository/org/apache/hive/hive-service/2.1.0/hive-service-2.1.0.jar:/Users/kirin/.m2/repository/net/sf/jpam/jpam/1.1/jpam-1.1.jar:/Users/kirin/.m2/repository/org/apache/thrift/libfb303/0.9.3/libfb303-0.9.3.jar:/Users/kirin/.m2/repository/org/jamon/jamon-runtime/2.3.1/jamon-runtime-2.3.1.jar:/Users/kirin/.m2/repository/org/apache/hive/hive-serde/2.1.0/hive-serde-2.1.0.jar:/Users/kirin/.m2/repository/net/sf/opencsv/opencsv/2.3/opencsv-2.3.jar:/Users/kirin/.m2/repository/org/apache/parquet/parquet-hadoop-bundle/1.8.1/parquet-hadoop-bundle-1.8.1.jar:/Users/kirin/.m2/repository/org/apache/hive/hive-metastore/2.1.0/hive-metastore-2.1.0.jar:/Users/kirin/.m2/repository/javolution/javolution/5.5.1/javolution-5.5.1.jar:/Users/kirin/.m2/repository/com/jolbox/bonecp/0.8.0.RELEASE/bonecp-0.8.0.RELEASE.jar:/Users/kirin/.m2/repository/org/apache/derby/derby/10.14.2.0/derby-10.14.2.0.jar:/Users/kirin/.m2/repository/org/datanucleus/datanucleus-api-jdo/4.2.1/datanucleus-api-jdo-4.2.1.jar:/Users/kirin/.m2/repository/org/datanucleus/datanucleus-core/4.1.6/datanucleus-core-4.1.6.jar:/Users/kirin/.m2/repository/org/datanucleus/datanucleus-rdbms/4.1.7/datanucleus-rdbms-4.1.7.jar:/Users/kirin/.m2/repository/commons-pool/commons-pool/1.6/commons-pool-1.6.jar:/Users/kirin/.m2/repository/commons-dbcp/commons-dbcp/1.4/commons-dbcp-1.4.jar:/Users/kirin/.m2/repository/javax/jdo/jdo-api/3.0.1/jdo-api-3.0.1.jar:/Users/kirin/.m2/repository/javax/transaction/jta/1.1/jta-1.1.jar:/Users/kirin/.m2/repository/org/datanucleus/javax.jdo/3.2.0-m3/javax.jdo-3.2.0-m3.jar:/Users/kirin/.m2/repository/javax/transaction/transaction-api/1.1/transaction-api-1.1.jar:/Users/kirin/.m2/repository/co/cask/tephra/tephra-api/0.6.0/tephra-api-0.6.0.jar:/Users/kirin/.m2/repository/org/apache/hive/hive-service-rpc/2.1.0/hive-service-rpc-2.1.0.jar:/Users/kirin/.m2/repository/org/apache/thrift/libthrift/0.9.3/libthrift-0.9.3.jar:/Users/kirin/.m2/repository/ch/qos/logback/logback-classic/1.2.3/logback-classic-1.2.3.jar:/Users/kirin/.m2/repository/ch/qos/logback/logback-core/1.2.3/logback-core-1.2.3.jar:/Users/kirin/.m2/repository/com/github/oshi/oshi-core/3.9.1/oshi-core-3.9.1.jar:/Users/kirin/.m2/repository/net/java/dev/jna/jna-platform/4.5.2/jna-platform-4.5.2.jar:/Users/kirin/.m2/repository/net/java/dev/jna/jna/4.5.2/jna-4.5.2.jar:/Users/kirin/.m2/repository/ru/yandex/clickhouse/clickhouse-jdbc/0.1.52/clickhouse-jdbc-0.1.52.jar:/Users/kirin/.m2/repository/org/apache/httpcomponents/httpmime/4.5.13/httpmime-4.5.13.jar:/Users/kirin/.m2/repository/net/jpountz/lz4/lz4/1.3.0/lz4-1.3.0.jar:/Users/kirin/.m2/repository/com/microsoft/sqlserver/mssql-jdbc/6.1.0.jre8/mssql-jdbc-6.1.0.jre8.jar:/Users/kirin/.m2/repository/com/baomidou/mybatis-plus-annotation/3.2.0/mybatis-plus-annotation-3.2.0.jar:/Users/kirin/.m2/repository/org/mybatis/mybatis/3.5.2/mybatis-3.5.2.jar:/Users/kirin/.m2/repository/org/apache/skywalking/apm-toolkit-logback-1.x/8.4.0/apm-toolkit-logback-1.x-8.4.0.jar:/Users/kirin/Program/IDEAProjects/apache-dolphinscheduler-1.3.6-src/dolphinscheduler-dao/target/classes:/Users/kirin/.m2/repository/com/baomidou/mybatis-plus/3.2.0/mybatis-plus-3.2.0.jar:/Users/kirin/.m2/repository/com/baomidou/mybatis-plus-extension/3.2.0/mybatis-plus-extension-3.2.0.jar:/Users/kirin/.m2/repository/com/baomidou/mybatis-plus-core/3.2.0/mybatis-plus-core-3.2.0.jar:/Users/kirin/.m2/repository/com/github/jsqlparser/jsqlparser/2.1/jsqlparser-2.1.jar:/Users/kirin/.m2/repository/org/mybatis/mybatis-spring/2.0.2/mybatis-spring-2.0.2.jar:/Users/kirin/.m2/repository/com/baomidou/mybatis-plus-boot-starter/3.2.0/mybatis-plus-boot-starter-3.2.0.jar:/Users/kirin/.m2/repository/org/springframework/boot/spring-boot-autoconfigure/2.1.18.RELEASE/spring-boot-autoconfigure-2.1.18.RELEASE.jar:/Users/kirin/.m2/repository/org/springframework/boot/spring-boot/2.1.18.RELEASE/spring-boot-2.1.18.RELEASE.jar:/Users/kirin/.m2/repository/org/springframework/spring-context/5.1.19.RELEASE/spring-context-5.1.19.RELEASE.jar:/Users/kirin/.m2/repository/org/springframework/spring-aop/5.1.19.RELEASE/spring-aop-5.1.19.RELEASE.jar:/Users/kirin/.m2/repository/org/springframework/spring-expression/5.1.19.RELEASE/spring-expression-5.1.19.RELEASE.jar:/Users/kirin/.m2/repository/org/springframework/boot/spring-boot-starter-jdbc/2.1.18.RELEASE/spring-boot-starter-jdbc-2.1.18.RELEASE.jar:/Users/kirin/.m2/repository/org/springframework/boot/spring-boot-starter/2.1.18.RELEASE/spring-boot-starter-2.1.18.RELEASE.jar:/Users/kirin/.m2/repository/javax/annotation/javax.annotation-api/1.3.2/javax.annotation-api-1.3.2.jar:/Users/kirin/.m2/repository/com/zaxxer/HikariCP/3.2.0/HikariCP-3.2.0.jar:/Users/kirin/.m2/repository/org/springframework/spring-jdbc/5.1.19.RELEASE/spring-jdbc-5.1.19.RELEASE.jar:/Users/kirin/.m2/repository/org/springframework/spring-beans/5.1.19.RELEASE/spring-beans-5.1.19.RELEASE.jar:/Users/kirin/.m2/repository/org/springframework/spring-tx/5.1.19.RELEASE/spring-tx-5.1.19.RELEASE.jar:/Users/kirin/.m2/repository/mysql/mysql-connector-java/8.0.23/mysql-connector-java-8.0.23.jar:/Users/kirin/.m2/repository/com/h2database/h2/1.4.200/h2-1.4.200.jar:/Users/kirin/.m2/repository/com/alibaba/druid/1.1.14/druid-1.1.14.jar:/Users/kirin/.m2/repository/commons-httpclient/commons-httpclient/3.0.1/commons-httpclient-3.0.1.jar:/Users/kirin/.m2/repository/com/cronutils/cron-utils/5.0.5/cron-utils-5.0.5.jar:/Users/kirin/.m2/repository/org/yaml/snakeyaml/1.23/snakeyaml-1.23.jar:/Users/kirin/Program/IDEAProjects/apache-dolphinscheduler-1.3.6-src/dolphinscheduler-service/target/classes:/Users/kirin/Program/IDEAProjects/apache-dolphinscheduler-1.3.6-src/dolphinscheduler-remote/target/classes:/Users/kirin/.m2/repository/io/netty/netty-all/4.1.53.Final/netty-all-4.1.53.Final.jar:/Users/kirin/.m2/repository/org/apache/curator/curator-client/4.3.0/curator-client-4.3.0.jar:/Users/kirin/.m2/repository/org/quartz-scheduler/quartz/2.3.0/quartz-2.3.0.jar:/Users/kirin/.m2/repository/org/apache/logging/log4j/log4j-core/2.11.2/log4j-core-2.11.2.jar:/Users/kirin/.m2/repository/org/apache/logging/log4j/log4j-api/2.11.2/log4j-api-2.11.2.jar:/Users/kirin/.m2/repository/org/quartz-scheduler/quartz-jobs/2.3.0/quartz-jobs-2.3.0.jar:/Users/kirin/.m2/repository/org/apache/curator/curator-framework/4.3.0/curator-framework-4.3.0.jar:/Users/kirin/.m2/repository/org/apache/curator/curator-recipes/4.3.0/curator-recipes-4.3.0.jar:/Users/kirin/.m2/repository/org/apache/zookeeper/zookeeper/3.4.14/zookeeper-3.4.14.jar:/Users/kirin/.m2/repository/org/slf4j/slf4j-api/1.7.5/slf4j-api-1.7.5.jar:/Users/kirin/.m2/repository/log4j/log4j/1.2.17/log4j-1.2.17.jar:/Users/kirin/.m2/repository/jline/jline/0.9.94/jline-0.9.94.jar:/Users/kirin/.m2/repository/org/apache/yetus/audience-annotations/0.5.0/audience-annotations-0.5.0.jar:/Users/kirin/.m2/repository/org/apache/httpcomponents/httpclient/4.4.1/httpclient-4.4.1.jar:/Users/kirin/.m2/repository/commons-logging/commons-logging/1.1.1/commons-logging-1.1.1.jar:/Users/kirin/.m2/repository/commons-codec/commons-codec/1.6/commons-codec-1.6.jar:/Users/kirin/.m2/repository/org/apache/httpcomponents/httpcore/4.4.1/httpcore-4.4.1.jar:/Users/kirin/Program/IDEAProjects/apache-dolphinscheduler-1.3.6-src/dolphinscheduler-alert/target/classes:/Users/kirin/.m2/repository/org/apache/commons/commons-email/1.5/commons-email-1.5.jar:/Users/kirin/.m2/repository/com/sun/mail/javax.mail/1.6.2/javax.mail-1.6.2.jar:/Users/kirin/.m2/repository/javax/activation/activation/1.1/activation-1.1.jar:/Users/kirin/.m2/repository/com/fasterxml/jackson/core/jackson-core/2.9.10/jackson-core-2.9.10.jar:/Users/kirin/.m2/repository/com/google/guava/guava/20.0/guava-20.0.jar:/Users/kirin/.m2/repository/org/apache/poi/poi/3.17/poi-3.17.jar:/Users/kirin/.m2/repository/org/springframework/spring-core/5.1.19.RELEASE/spring-core-5.1.19.RELEASE.jar:/Users/kirin/.m2/repository/org/springframework/spring-jcl/5.1.19.RELEASE/spring-jcl-5.1.19.RELEASE.jar
[INFO] 2021-08-29 22:41:03.831 org.apache.zookeeper.ZooKeeper:[100] - Client environment:java.library.path=/Users/kirin/Library/Java/Extensions:/Library/Java/Extensions:/Network/Library/Java/Extensions:/System/Library/Java/Extensions:/usr/lib/java:.
[INFO] 2021-08-29 22:41:03.832 org.apache.zookeeper.ZooKeeper:[100] - Client environment:java.io.tmpdir=/var/folders/75/c1ln5b850l50lzyj_4x1hk7w0000gn/T/
[INFO] 2021-08-29 22:41:03.832 org.apache.zookeeper.ZooKeeper:[100] - Client environment:java.compiler=<NA>
[INFO] 2021-08-29 22:41:03.832 org.apache.zookeeper.ZooKeeper:[100] - Client environment:os.name=Mac OS X
[INFO] 2021-08-29 22:41:03.832 org.apache.zookeeper.ZooKeeper:[100] - Client environment:os.arch=x86_64
[INFO] 2021-08-29 22:41:03.832 org.apache.zookeeper.ZooKeeper:[100] - Client environment:os.version=10.15.7
[INFO] 2021-08-29 22:41:03.832 org.apache.zookeeper.ZooKeeper:[100] - Client environment:user.name=kirin
[INFO] 2021-08-29 22:41:03.832 org.apache.zookeeper.ZooKeeper:[100] - Client environment:user.home=/Users/kirin
[INFO] 2021-08-29 22:41:03.833 org.apache.zookeeper.ZooKeeper:[100] - Client environment:user.dir=/Users/kirin/Program/IDEAProjects/apache-dolphinscheduler-1.3.6-src
[INFO] 2021-08-29 22:41:03.833 org.apache.zookeeper.ZooKeeper:[442] - Initiating client connection, connectString=localhost:2181 sessionTimeout=60000 watcher=org.apache.curator.ConnectionState@2d2b6960
[INFO] 2021-08-29 22:41:03.854 org.apache.curator.framework.imps.CuratorFrameworkImpl:[356] - Default schema
[INFO] 2021-08-29 22:41:03.855 org.apache.zookeeper.ClientCnxn:[1025] - Opening socket connection to server localhost/127.0.0.1:2181. Will not attempt to authenticate using SASL (unknown error)
[INFO] 2021-08-29 22:41:03.868 org.apache.zookeeper.ClientCnxn:[879] - Socket connection established to localhost/127.0.0.1:2181, initiating session
[INFO] 2021-08-29 22:41:03.905 org.apache.zookeeper.ClientCnxn:[1299] - Session establishment complete on server localhost/127.0.0.1:2181, sessionid = 0x100000d5d0c0092, negotiated timeout = 40000
[INFO] 2021-08-29 22:41:03.914 org.apache.curator.framework.state.ConnectionStateManager:[251] - State change: CONNECTED
[INFO] 2021-08-29 22:41:03.925 org.apache.dolphinscheduler.service.zk.ZookeeperCachedOperator:[55] - add listener to zk path: /dolphinscheduler
[INFO] 2021-08-29 22:41:04.042 org.apache.dolphinscheduler.service.zk.ZookeeperOperator:[87] - zookeeper registry center init, server lists is: localhost:2181.
[INFO] 2021-08-29 22:41:04.043 org.apache.curator.framework.imps.CuratorFrameworkImpl:[308] - Starting
[INFO] 2021-08-29 22:41:04.045 org.apache.zookeeper.ZooKeeper:[442] - Initiating client connection, connectString=localhost:2181 sessionTimeout=60000 watcher=org.apache.curator.ConnectionState@18d11527
[INFO] 2021-08-29 22:41:04.048 org.apache.zookeeper.ClientCnxn:[1025] - Opening socket connection to server localhost/127.0.0.1:2181. Will not attempt to authenticate using SASL (unknown error)
[INFO] 2021-08-29 22:41:04.051 org.apache.zookeeper.ClientCnxn:[879] - Socket connection established to localhost/127.0.0.1:2181, initiating session
[INFO] 2021-08-29 22:41:04.051 org.apache.curator.framework.imps.CuratorFrameworkImpl:[356] - Default schema
[INFO] 2021-08-29 22:41:04.079 org.apache.zookeeper.ClientCnxn:[1299] - Session establishment complete on server localhost/127.0.0.1:2181, sessionid = 0x100000d5d0c0093, negotiated timeout = 40000
[INFO] 2021-08-29 22:41:04.079 org.apache.curator.framework.state.ConnectionStateManager:[251] - State change: CONNECTED
[INFO] 2021-08-29 22:41:04.080 org.apache.dolphinscheduler.service.zk.ZookeeperCachedOperator:[55] - add listener to zk path: /dolphinscheduler
[INFO] 2021-08-29 22:41:04.718 org.apache.dolphinscheduler.remote.NettyRemotingServer:[171] - NettyRemotingServer bind success at port : 5678
[INFO] 2021-08-29 22:41:05.021 org.apache.dolphinscheduler.server.master.registry.MasterRegistry:[108] - master node : 192.168.1.109:5678 registry to ZK successfully with heartBeatInterval : 10s
[INFO] 2021-08-29 22:41:05.124 org.apache.dolphinscheduler.service.zk.AbstractZKClient:[315] - initialize server nodes success.
[INFO] 2021-08-29 22:41:05.127 org.apache.dolphinscheduler.server.master.zk.ZKMasterClient:[144] - MASTER node deleted : null
[INFO] 2021-08-29 22:41:05.159 org.apache.dolphinscheduler.server.master.zk.ZKMasterClient:[353] - start master failover ...
[INFO] 2021-08-29 22:41:06.338 com.alibaba.druid.pool.DruidDataSource:[991] - {dataSource-1} inited
[INFO] 2021-08-29 22:41:06.431 org.apache.dolphinscheduler.server.master.zk.ZKMasterClient:[357] - failover process list size:0 
[INFO] 2021-08-29 22:41:06.431 org.apache.dolphinscheduler.server.master.zk.ZKMasterClient:[368] - master failover end
[INFO] 2021-08-29 22:41:06.459 org.apache.dolphinscheduler.server.master.zk.ZKMasterClient:[144] - WORKER node deleted : null
[INFO] 2021-08-29 22:41:06.478 org.apache.dolphinscheduler.server.master.zk.ZKMasterClient:[319] - start worker[null] failover ...
[INFO] 2021-08-29 22:41:06.538 org.apache.dolphinscheduler.server.master.zk.ZKMasterClient:[344] - end worker[null] failover ...
[INFO] 2021-08-29 22:41:06.606 org.apache.dolphinscheduler.server.master.runner.MasterSchedulerService:[119] - master scheduler started
[INFO] 2021-08-29 22:41:06.606 org.apache.dolphinscheduler.server.master.MasterServer:[129] - start Quartz server...
[INFO] 2021-08-29 22:41:06.977 org.quartz.impl.StdSchedulerFactory:[1208] - Using default implementation for ThreadExecutor
[INFO] 2021-08-29 22:41:07.005 org.quartz.core.SchedulerSignalerImpl:[61] - Initialized Scheduler Signaller of type: class org.quartz.core.SchedulerSignalerImpl
[INFO] 2021-08-29 22:41:07.005 org.quartz.core.QuartzScheduler:[229] - Quartz Scheduler v.2.3.0 created.
[INFO] 2021-08-29 22:41:07.007 org.quartz.impl.jdbcjobstore.JobStoreTX:[672] - Using db table-based data access locking (synchronization).
[INFO] 2021-08-29 22:41:07.011 org.quartz.impl.jdbcjobstore.JobStoreTX:[59] - JobStoreTX initialized.
[INFO] 2021-08-29 22:41:07.012 org.quartz.core.QuartzScheduler:[294] - Scheduler meta-data: Quartz Scheduler (v2.3.0) 'DolphinScheduler' with instanceId 'Kirins-MacBook-Pro.local1630248066982'
  Scheduler class: 'org.quartz.core.QuartzScheduler' - running locally.
  NOT STARTED.
  Currently in standby mode.
  Number of jobs executed: 0
  Using thread pool 'org.quartz.simpl.SimpleThreadPool' - with 25 threads.
  Using job-store 'org.quartz.impl.jdbcjobstore.JobStoreTX' - which supports persistence. and is clustered.

[INFO] 2021-08-29 22:41:07.013 org.quartz.impl.StdSchedulerFactory:[1362] - Quartz scheduler 'DolphinScheduler' initialized from an externally provided properties instance.
[INFO] 2021-08-29 22:41:07.013 org.quartz.impl.StdSchedulerFactory:[1366] - Quartz scheduler version: 2.3.0
[INFO] 2021-08-29 22:41:07.103 org.quartz.impl.jdbcjobstore.JobStoreTX:[3629] - ClusterManager: detected 1 failed or restarted instances.
[INFO] 2021-08-29 22:41:07.104 org.quartz.impl.jdbcjobstore.JobStoreTX:[3488] - ClusterManager: Scanning for instance "Kirins-MacBook-Pro.local1629966694906"'s failed in-progress jobs.
[INFO] 2021-08-29 22:41:07.129 org.quartz.core.QuartzScheduler:[547] - Scheduler DolphinScheduler_$_Kirins-MacBook-Pro.local1630248066982 started.
[INFO] 2021-08-29 22:41:07.134 org.apache.dolphinscheduler.service.quartz.QuartzExecutors:[154] - Quartz service started
[INFO] 2021-08-29 22:41:07.183 org.apache.dolphinscheduler.service.zk.ZookeeperOperator:[87] - zookeeper registry center init, server lists is: localhost:2181.
[INFO] 2021-08-29 22:41:07.186 org.apache.curator.framework.imps.CuratorFrameworkImpl:[308] - Starting
[INFO] 2021-08-29 22:41:07.188 org.apache.zookeeper.ZooKeeper:[442] - Initiating client connection, connectString=localhost:2181 sessionTimeout=60000 watcher=org.apache.curator.ConnectionState@58aa5c94
[INFO] 2021-08-29 22:41:07.190 org.apache.zookeeper.ClientCnxn:[1025] - Opening socket connection to server localhost/127.0.0.1:2181. Will not attempt to authenticate using SASL (unknown error)
[INFO] 2021-08-29 22:41:07.191 org.apache.zookeeper.ClientCnxn:[879] - Socket connection established to localhost/127.0.0.1:2181, initiating session
[INFO] 2021-08-29 22:41:07.191 org.apache.curator.framework.imps.CuratorFrameworkImpl:[356] - Default schema
[INFO] 2021-08-29 22:41:07.368 org.apache.zookeeper.ClientCnxn:[1299] - Session establishment complete on server localhost/127.0.0.1:2181, sessionid = 0x100000d5d0c0094, negotiated timeout = 40000
[INFO] 2021-08-29 22:41:07.369 org.apache.curator.framework.state.ConnectionStateManager:[251] - State change: CONNECTED
[INFO] 2021-08-29 22:41:07.370 org.apache.dolphinscheduler.service.zk.ZookeeperCachedOperator:[55] - add listener to zk path: /dolphinscheduler
[INFO] 2021-08-29 22:41:07.487 org.apache.dolphinscheduler.service.zk.ZookeeperOperator:[87] - zookeeper registry center init, server lists is: localhost:2181.
[INFO] 2021-08-29 22:41:07.488 org.apache.curator.framework.imps.CuratorFrameworkImpl:[308] - Starting
[INFO] 2021-08-29 22:41:07.489 org.apache.zookeeper.ZooKeeper:[442] - Initiating client connection, connectString=localhost:2181 sessionTimeout=60000 watcher=org.apache.curator.ConnectionState@485deee1
[INFO] 2021-08-29 22:41:07.490 org.apache.curator.framework.imps.CuratorFrameworkImpl:[356] - Default schema
[INFO] 2021-08-29 22:41:07.492 org.apache.zookeeper.ClientCnxn:[1025] - Opening socket connection to server localhost/0:0:0:0:0:0:0:1:2181. Will not attempt to authenticate using SASL (unknown error)
[INFO] 2021-08-29 22:41:07.492 org.apache.zookeeper.ClientCnxn:[879] - Socket connection established to localhost/0:0:0:0:0:0:0:1:2181, initiating session
[INFO] 2021-08-29 22:41:07.534 org.apache.zookeeper.ClientCnxn:[1299] - Session establishment complete on server localhost/0:0:0:0:0:0:0:1:2181, sessionid = 0x100000d5d0c0095, negotiated timeout = 40000
[INFO] 2021-08-29 22:41:07.535 org.apache.curator.framework.state.ConnectionStateManager:[251] - State change: CONNECTED
[INFO] 2021-08-29 22:41:07.536 org.apache.dolphinscheduler.service.zk.ZookeeperCachedOperator:[55] - add listener to zk path: /dolphinscheduler
[INFO] 2021-08-29 22:41:07.540 org.apache.dolphinscheduler.service.zk.ZookeeperOperator:[87] - zookeeper registry center init, server lists is: localhost:2181.
[INFO] 2021-08-29 22:41:07.541 org.apache.curator.framework.imps.CuratorFrameworkImpl:[308] - Starting
[INFO] 2021-08-29 22:41:07.545 org.apache.zookeeper.ZooKeeper:[442] - Initiating client connection, connectString=localhost:2181 sessionTimeout=60000 watcher=org.apache.curator.ConnectionState@2c678c7b
[INFO] 2021-08-29 22:41:07.547 org.apache.zookeeper.ClientCnxn:[1025] - Opening socket connection to server localhost/0:0:0:0:0:0:0:1:2181. Will not attempt to authenticate using SASL (unknown error)
[INFO] 2021-08-29 22:41:07.548 org.apache.zookeeper.ClientCnxn:[879] - Socket connection established to localhost/0:0:0:0:0:0:0:1:2181, initiating session
[INFO] 2021-08-29 22:41:07.548 org.apache.curator.framework.imps.CuratorFrameworkImpl:[356] - Default schema
[INFO] 2021-08-29 22:41:07.571 org.apache.zookeeper.ClientCnxn:[1299] - Session establishment complete on server localhost/0:0:0:0:0:0:0:1:2181, sessionid = 0x100000d5d0c0096, negotiated timeout = 40000
[INFO] 2021-08-29 22:41:07.572 org.apache.curator.framework.state.ConnectionStateManager:[251] - State change: CONNECTED
[INFO] 2021-08-29 22:41:12.969 org.apache.dolphinscheduler.server.master.zk.ZKMasterClient:[238] - worker node added : /dolphinscheduler/nodes/worker/default/192.168.1.109:1234
[INFO] 2021-08-29 22:41:12.973 org.apache.dolphinscheduler.server.master.registry.ServerNodeManager:[215] - worker group node : /dolphinscheduler/nodes/worker/default/192.168.1.109:1234 added.
[INFO] 2021-08-29 22:41:12.975 org.apache.dolphinscheduler.server.master.registry.ServerNodeManager:[218] - currentNodes : [192.168.1.109:1234]
