[INFO] 2021-08-09 10:37:14.170 org.apache.dolphinscheduler.server.master.MasterServer:[164] - master server is stopping ..., cause : shutdownHook
[INFO] 2021-08-09 10:37:15.044 org.apache.curator.framework.imps.CuratorFrameworkImpl:[955] - backgroundOperationsLoop exiting
[INFO] 2021-08-09 10:37:15.110 org.apache.zookeeper.ClientCnxn:[522] - EventThread shut down for session: 0x100000d5d0c0029
[INFO] 2021-08-09 10:37:15.107 org.apache.zookeeper.ZooKeeper:[693] - Session: 0x100000d5d0c0029 closed
[INFO] 2021-08-09 10:37:15.120 org.apache.dolphinscheduler.server.master.processor.queue.TaskResponseService:[121] - TaskResponseWorker stopped
[INFO] 2021-08-09 10:37:15.113 org.apache.dolphinscheduler.server.master.zk.ZKMasterClient:[144] - MASTER node deleted : /dolphinscheduler/nodes/master/172.31.232.142:5678
[INFO] 2021-08-09 10:37:15.223 org.apache.dolphinscheduler.service.zk.RegisterOperator:[115] - MASTER server dead , and /dolphinscheduler/nodes/master/172.31.232.142:5678 added to zk dead server path success
[INFO] 2021-08-09 10:37:15.223 org.apache.dolphinscheduler.server.master.zk.ZKMasterClient:[353] - start master failover ...
[INFO] 2021-08-09 10:37:15.302 org.apache.dolphinscheduler.server.master.zk.ZKMasterClient:[357] - failover process list size:0 
[INFO] 2021-08-09 10:37:15.302 org.apache.dolphinscheduler.server.master.zk.ZKMasterClient:[368] - master failover end
[INFO] 2021-08-09 10:37:17.387 org.apache.dolphinscheduler.remote.NettyRemotingClient:[403] - netty client closed
[INFO] 2021-08-09 10:37:17.388 org.apache.dolphinscheduler.server.master.runner.MasterSchedulerService:[111] - master schedule service stopped...
[INFO] 2021-08-09 10:37:17.395 org.apache.dolphinscheduler.remote.NettyRemotingServer:[237] - netty server closed
[ERROR] 2021-08-09 10:37:17.417 org.apache.dolphinscheduler.service.zk.ZookeeperOperator:[160] - isExisted key : /dolphinscheduler/nodes/master/172.31.232.142:5678
java.lang.IllegalStateException: Expected state [STARTED] was [STOPPED]
	at org.apache.curator.shaded.com.google.common.base.Preconditions.checkState(Preconditions.java:823)
	at org.apache.curator.framework.imps.CuratorFrameworkImpl.checkState(CuratorFrameworkImpl.java:432)
	at org.apache.curator.framework.imps.CuratorFrameworkImpl.checkExists(CuratorFrameworkImpl.java:459)
	at org.apache.dolphinscheduler.service.zk.ZookeeperOperator.isExisted(ZookeeperOperator.java:158)
	at org.apache.dolphinscheduler.service.zk.ZookeeperOperator.remove(ZookeeperOperator.java:224)
	at org.apache.dolphinscheduler.server.master.registry.MasterRegistry.unRegistry(MasterRegistry.java:117)
	at org.apache.dolphinscheduler.server.master.zk.ZKMasterClient.close(ZKMasterClient.java:114)
	at org.apache.dolphinscheduler.server.master.MasterServer.close(MasterServer.java:178)
	at org.apache.dolphinscheduler.server.master.MasterServer.lambda$run$0(MasterServer.java:145)
	at java.base/java.lang.Thread.run(Thread.java:829)
[INFO] 2021-08-09 10:37:17.420 org.apache.dolphinscheduler.server.master.registry.MasterRegistry:[118] - master node : 172.31.232.142:5678 unRegistry to ZK.
[INFO] 2021-08-09 10:37:17.421 org.apache.dolphinscheduler.server.master.registry.MasterRegistry:[120] - heartbeat executor shutdown
[INFO] 2021-08-09 10:37:17.924 org.apache.curator.framework.imps.CuratorFrameworkImpl:[955] - backgroundOperationsLoop exiting
[INFO] 2021-08-09 10:37:17.953 org.apache.zookeeper.ZooKeeper:[693] - Session: 0x100000d5d0c002a closed
[INFO] 2021-08-09 10:37:17.954 org.apache.zookeeper.ClientCnxn:[522] - EventThread shut down for session: 0x100000d5d0c002a
[INFO] 2021-08-09 10:37:17.961 org.quartz.core.QuartzScheduler:[666] - Scheduler DolphinScheduler_$_Kirins-MacBook-Pro.local1627959771886 shutting down.
[INFO] 2021-08-09 10:37:17.962 org.quartz.core.QuartzScheduler:[585] - Scheduler DolphinScheduler_$_Kirins-MacBook-Pro.local1627959771886 paused.
[INFO] 2021-08-09 10:37:17.999 com.alibaba.druid.pool.DruidDataSource:[1928] - {dataSource-1} closed
[INFO] 2021-08-09 10:37:18.002 org.quartz.core.QuartzScheduler:[740] - Scheduler DolphinScheduler_$_Kirins-MacBook-Pro.local1627959771886 shutdown complete.
[INFO] 2021-08-09 10:37:18.002 org.apache.dolphinscheduler.service.quartz.QuartzExecutors:[171] - Quartz service stopped, and halt all tasks
[INFO] 2021-08-09 10:37:18.002 org.apache.dolphinscheduler.server.master.MasterServer:[182] - Quartz service stopped
