[INFO] 2021-07-06 18:23:43.224 org.apache.dolphinscheduler.service.zk.ZookeeperOperator:[87] - zookeeper registry center init, server lists is: localhost:2181.
[INFO] 2021-07-06 18:23:43.288 org.apache.curator.utils.Compatibility:[48] - Running in ZooKeeper 3.4.x compatibility mode
[INFO] 2021-07-06 18:23:43.289 org.apache.curator.utils.Compatibility:[61] - Using emulated InjectSessionExpiration
[INFO] 2021-07-06 18:23:43.338 org.apache.curator.framework.imps.CuratorFrameworkImpl:[308] - Starting
[INFO] 2021-07-06 18:23:43.351 org.apache.zookeeper.ZooKeeper:[100] - Client environment:zookeeper.version=3.4.14-4c25d480e66aadd371de8bd2fd8da255ac140bcf, built on 03/06/2019 16:18 GMT
[INFO] 2021-07-06 18:23:43.352 org.apache.zookeeper.ZooKeeper:[100] - Client environment:host.name=localhost
[INFO] 2021-07-06 18:23:43.352 org.apache.zookeeper.ZooKeeper:[100] - Client environment:java.version=11.0.8
[INFO] 2021-07-06 18:23:43.352 org.apache.zookeeper.ZooKeeper:[100] - Client environment:java.vendor=JetBrains s.r.o.
[INFO] 2021-07-06 18:23:43.352 org.apache.zookeeper.ZooKeeper:[100] - Client environment:java.home=/Applications/IntelliJ IDEA.app/Contents/jbr/Contents/Home
[INFO] 2021-07-06 18:23:43.352 org.apache.zookeeper.ZooKeeper:[100] - Client environment:java.class.path=/Users/kirin/Program/IDEAProjects/apache-dolphinscheduler-1.3.6-src/dolphinscheduler-server/target/classes:/Users/kirin/Program/IDEAProjects/apache-dolphinscheduler-1.3.6-src/dolphinscheduler-common/target/classes:/Users/kirin/Program/IDEAProjects/apache-dolphinscheduler-1.3.6-src/dolphinscheduler-plugin-api/target/classes:/Users/kirin/.m2/repository/commons-io/commons-io/2.4/commons-io-2.4.jar:/Users/kirin/.m2/repository/com/alibaba/fastjson/1.2.61/fastjson-1.2.61.jar:/Users/kirin/.m2/repository/commons-configuration/commons-configuration/1.10/commons-configuration-1.10.jar:/Users/kirin/.m2/repository/commons-lang/commons-lang/2.6/commons-lang-2.6.jar:/Users/kirin/.m2/repository/com/fasterxml/jackson/core/jackson-annotations/2.9.10/jackson-annotations-2.9.10.jar:/Users/kirin/.m2/repository/com/fasterxml/jackson/core/jackson-databind/2.9.10/jackson-databind-2.9.10.jar:/Users/kirin/.m2/repository/org/apache/commons/commons-collections4/4.1/commons-collections4-4.1.jar:/Users/kirin/.m2/repository/org/apache/hadoop/hadoop-common/2.7.3/hadoop-common-2.7.3.jar:/Users/kirin/.m2/repository/org/apache/hadoop/hadoop-annotations/2.7.3/hadoop-annotations-2.7.3.jar:/Users/kirin/.m2/repository/commons-cli/commons-cli/1.2/commons-cli-1.2.jar:/Users/kirin/.m2/repository/commons-collections/commons-collections/3.2.2/commons-collections-3.2.2.jar:/Users/kirin/.m2/repository/org/mortbay/jetty/jetty/6.1.26/jetty-6.1.26.jar:/Users/kirin/.m2/repository/org/mortbay/jetty/jetty-util/6.1.26/jetty-util-6.1.26.jar:/Users/kirin/.m2/repository/net/java/dev/jets3t/jets3t/0.9.0/jets3t-0.9.0.jar:/Users/kirin/.m2/repository/com/jamesmurty/utils/java-xmlbuilder/0.4/java-xmlbuilder-0.4.jar:/Users/kirin/.m2/repository/com/google/protobuf/protobuf-java/2.5.0/protobuf-java-2.5.0.jar:/Users/kirin/.m2/repository/org/apache/hadoop/hadoop-auth/2.7.3/hadoop-auth-2.7.3.jar:/Users/kirin/.m2/repository/org/apache/directory/server/apacheds-kerberos-codec/2.0.0-M15/apacheds-kerberos-codec-2.0.0-M15.jar:/Users/kirin/.m2/repository/org/apache/directory/server/apacheds-i18n/2.0.0-M15/apacheds-i18n-2.0.0-M15.jar:/Users/kirin/.m2/repository/org/apache/directory/api/api-asn1-api/1.0.0-M20/api-asn1-api-1.0.0-M20.jar:/Users/kirin/.m2/repository/org/apache/directory/api/api-util/1.0.0-M20/api-util-1.0.0-M20.jar:/Users/kirin/.m2/repository/com/jcraft/jsch/0.1.42/jsch-0.1.42.jar:/Users/kirin/.m2/repository/org/apache/htrace/htrace-core/3.1.0-incubating/htrace-core-3.1.0-incubating.jar:/Users/kirin/.m2/repository/org/apache/commons/commons-compress/1.4.1/commons-compress-1.4.1.jar:/Users/kirin/.m2/repository/org/apache/hadoop/hadoop-client/2.7.3/hadoop-client-2.7.3.jar:/Users/kirin/.m2/repository/org/apache/hadoop/hadoop-mapreduce-client-app/2.7.3/hadoop-mapreduce-client-app-2.7.3.jar:/Users/kirin/.m2/repository/org/apache/hadoop/hadoop-mapreduce-client-common/2.7.3/hadoop-mapreduce-client-common-2.7.3.jar:/Users/kirin/.m2/repository/org/apache/hadoop/hadoop-yarn-client/2.7.3/hadoop-yarn-client-2.7.3.jar:/Users/kirin/.m2/repository/org/apache/hadoop/hadoop-yarn-server-common/2.7.3/hadoop-yarn-server-common-2.7.3.jar:/Users/kirin/.m2/repository/org/apache/hadoop/hadoop-yarn-api/2.7.3/hadoop-yarn-api-2.7.3.jar:/Users/kirin/.m2/repository/org/apache/hadoop/hadoop-mapreduce-client-core/2.7.3/hadoop-mapreduce-client-core-2.7.3.jar:/Users/kirin/.m2/repository/org/apache/hadoop/hadoop-yarn-common/2.7.3/hadoop-yarn-common-2.7.3.jar:/Users/kirin/.m2/repository/org/apache/hadoop/hadoop-mapreduce-client-jobclient/2.7.3/hadoop-mapreduce-client-jobclient-2.7.3.jar:/Users/kirin/.m2/repository/org/apache/hadoop/hadoop-hdfs/2.7.3/hadoop-hdfs-2.7.3.jar:/Users/kirin/.m2/repository/commons-daemon/commons-daemon/1.0.13/commons-daemon-1.0.13.jar:/Users/kirin/.m2/repository/org/codehaus/jackson/jackson-core-asl/1.9.13/jackson-core-asl-1.9.13.jar:/Users/kirin/.m2/repository/org/codehaus/jackson/jackson-mapper-asl/1.9.13/jackson-mapper-asl-1.9.13.jar:/Users/kirin/.m2/repository/xerces/xercesImpl/2.9.1/xercesImpl-2.9.1.jar:/Users/kirin/.m2/repository/xml-apis/xml-apis/1.4.01/xml-apis-1.4.01.jar:/Users/kirin/.m2/repository/org/apache/hadoop/hadoop-aws/2.7.3/hadoop-aws-2.7.3.jar:/Users/kirin/.m2/repository/com/amazonaws/aws-java-sdk/1.7.4/aws-java-sdk-1.7.4.jar:/Users/kirin/.m2/repository/joda-time/joda-time/2.10.8/joda-time-2.10.8.jar:/Users/kirin/.m2/repository/org/postgresql/postgresql/42.1.4/postgresql-42.1.4.jar:/Users/kirin/.m2/repository/org/apache/hive/hive-jdbc/2.1.0/hive-jdbc-2.1.0.jar:/Users/kirin/.m2/repository/org/apache/hive/hive-common/2.1.0/hive-common-2.1.0.jar:/Users/kirin/.m2/repository/org/apache/hive/hive-storage-api/2.1.0/hive-storage-api-2.1.0.jar:/Users/kirin/.m2/repository/org/apache/hive/hive-orc/2.1.0/hive-orc-2.1.0.jar:/Users/kirin/.m2/repository/org/iq80/snappy/snappy/0.2/snappy-0.2.jar:/Users/kirin/.m2/repository/org/apache/logging/log4j/log4j-1.2-api/2.11.2/log4j-1.2-api-2.11.2.jar:/Users/kirin/.m2/repository/org/apache/hive/hive-service/2.1.0/hive-service-2.1.0.jar:/Users/kirin/.m2/repository/net/sf/jpam/jpam/1.1/jpam-1.1.jar:/Users/kirin/.m2/repository/org/apache/thrift/libfb303/0.9.3/libfb303-0.9.3.jar:/Users/kirin/.m2/repository/org/jamon/jamon-runtime/2.3.1/jamon-runtime-2.3.1.jar:/Users/kirin/.m2/repository/org/apache/hive/hive-serde/2.1.0/hive-serde-2.1.0.jar:/Users/kirin/.m2/repository/net/sf/opencsv/opencsv/2.3/opencsv-2.3.jar:/Users/kirin/.m2/repository/org/apache/parquet/parquet-hadoop-bundle/1.8.1/parquet-hadoop-bundle-1.8.1.jar:/Users/kirin/.m2/repository/org/apache/hive/hive-metastore/2.1.0/hive-metastore-2.1.0.jar:/Users/kirin/.m2/repository/javolution/javolution/5.5.1/javolution-5.5.1.jar:/Users/kirin/.m2/repository/com/jolbox/bonecp/0.8.0.RELEASE/bonecp-0.8.0.RELEASE.jar:/Users/kirin/.m2/repository/org/apache/derby/derby/10.14.2.0/derby-10.14.2.0.jar:/Users/kirin/.m2/repository/org/datanucleus/datanucleus-api-jdo/4.2.1/datanucleus-api-jdo-4.2.1.jar:/Users/kirin/.m2/repository/org/datanucleus/datanucleus-core/4.1.6/datanucleus-core-4.1.6.jar:/Users/kirin/.m2/repository/org/datanucleus/datanucleus-rdbms/4.1.7/datanucleus-rdbms-4.1.7.jar:/Users/kirin/.m2/repository/commons-pool/commons-pool/1.6/commons-pool-1.6.jar:/Users/kirin/.m2/repository/commons-dbcp/commons-dbcp/1.4/commons-dbcp-1.4.jar:/Users/kirin/.m2/repository/javax/jdo/jdo-api/3.0.1/jdo-api-3.0.1.jar:/Users/kirin/.m2/repository/javax/transaction/jta/1.1/jta-1.1.jar:/Users/kirin/.m2/repository/org/datanucleus/javax.jdo/3.2.0-m3/javax.jdo-3.2.0-m3.jar:/Users/kirin/.m2/repository/javax/transaction/transaction-api/1.1/transaction-api-1.1.jar:/Users/kirin/.m2/repository/co/cask/tephra/tephra-api/0.6.0/tephra-api-0.6.0.jar:/Users/kirin/.m2/repository/org/apache/hive/hive-service-rpc/2.1.0/hive-service-rpc-2.1.0.jar:/Users/kirin/.m2/repository/org/apache/thrift/libthrift/0.9.3/libthrift-0.9.3.jar:/Users/kirin/.m2/repository/ch/qos/logback/logback-classic/1.2.3/logback-classic-1.2.3.jar:/Users/kirin/.m2/repository/ch/qos/logback/logback-core/1.2.3/logback-core-1.2.3.jar:/Users/kirin/.m2/repository/com/github/oshi/oshi-core/3.9.1/oshi-core-3.9.1.jar:/Users/kirin/.m2/repository/net/java/dev/jna/jna-platform/4.5.2/jna-platform-4.5.2.jar:/Users/kirin/.m2/repository/net/java/dev/jna/jna/4.5.2/jna-4.5.2.jar:/Users/kirin/.m2/repository/ru/yandex/clickhouse/clickhouse-jdbc/0.1.52/clickhouse-jdbc-0.1.52.jar:/Users/kirin/.m2/repository/org/apache/httpcomponents/httpmime/4.5.13/httpmime-4.5.13.jar:/Users/kirin/.m2/repository/net/jpountz/lz4/lz4/1.3.0/lz4-1.3.0.jar:/Users/kirin/.m2/repository/com/microsoft/sqlserver/mssql-jdbc/6.1.0.jre8/mssql-jdbc-6.1.0.jre8.jar:/Users/kirin/.m2/repository/com/baomidou/mybatis-plus-annotation/3.2.0/mybatis-plus-annotation-3.2.0.jar:/Users/kirin/.m2/repository/org/mybatis/mybatis/3.5.2/mybatis-3.5.2.jar:/Users/kirin/.m2/repository/org/apache/skywalking/apm-toolkit-logback-1.x/8.4.0/apm-toolkit-logback-1.x-8.4.0.jar:/Users/kirin/Program/IDEAProjects/apache-dolphinscheduler-1.3.6-src/dolphinscheduler-dao/target/classes:/Users/kirin/.m2/repository/com/baomidou/mybatis-plus/3.2.0/mybatis-plus-3.2.0.jar:/Users/kirin/.m2/repository/com/baomidou/mybatis-plus-extension/3.2.0/mybatis-plus-extension-3.2.0.jar:/Users/kirin/.m2/repository/com/baomidou/mybatis-plus-core/3.2.0/mybatis-plus-core-3.2.0.jar:/Users/kirin/.m2/repository/com/github/jsqlparser/jsqlparser/2.1/jsqlparser-2.1.jar:/Users/kirin/.m2/repository/org/mybatis/mybatis-spring/2.0.2/mybatis-spring-2.0.2.jar:/Users/kirin/.m2/repository/com/baomidou/mybatis-plus-boot-starter/3.2.0/mybatis-plus-boot-starter-3.2.0.jar:/Users/kirin/.m2/repository/org/springframework/boot/spring-boot-autoconfigure/2.1.18.RELEASE/spring-boot-autoconfigure-2.1.18.RELEASE.jar:/Users/kirin/.m2/repository/org/springframework/boot/spring-boot/2.1.18.RELEASE/spring-boot-2.1.18.RELEASE.jar:/Users/kirin/.m2/repository/org/springframework/spring-context/5.1.19.RELEASE/spring-context-5.1.19.RELEASE.jar:/Users/kirin/.m2/repository/org/springframework/spring-aop/5.1.19.RELEASE/spring-aop-5.1.19.RELEASE.jar:/Users/kirin/.m2/repository/org/springframework/spring-expression/5.1.19.RELEASE/spring-expression-5.1.19.RELEASE.jar:/Users/kirin/.m2/repository/org/springframework/boot/spring-boot-starter-jdbc/2.1.18.RELEASE/spring-boot-starter-jdbc-2.1.18.RELEASE.jar:/Users/kirin/.m2/repository/org/springframework/boot/spring-boot-starter/2.1.18.RELEASE/spring-boot-starter-2.1.18.RELEASE.jar:/Users/kirin/.m2/repository/javax/annotation/javax.annotation-api/1.3.2/javax.annotation-api-1.3.2.jar:/Users/kirin/.m2/repository/com/zaxxer/HikariCP/3.2.0/HikariCP-3.2.0.jar:/Users/kirin/.m2/repository/org/springframework/spring-jdbc/5.1.19.RELEASE/spring-jdbc-5.1.19.RELEASE.jar:/Users/kirin/.m2/repository/org/springframework/spring-beans/5.1.19.RELEASE/spring-beans-5.1.19.RELEASE.jar:/Users/kirin/.m2/repository/org/springframework/spring-tx/5.1.19.RELEASE/spring-tx-5.1.19.RELEASE.jar:/Users/kirin/.m2/repository/mysql/mysql-connector-java/8.0.23/mysql-connector-java-8.0.23.jar:/Users/kirin/.m2/repository/com/h2database/h2/1.4.200/h2-1.4.200.jar:/Users/kirin/.m2/repository/com/alibaba/druid/1.1.14/druid-1.1.14.jar:/Users/kirin/.m2/repository/commons-httpclient/commons-httpclient/3.0.1/commons-httpclient-3.0.1.jar:/Users/kirin/.m2/repository/com/cronutils/cron-utils/5.0.5/cron-utils-5.0.5.jar:/Users/kirin/.m2/repository/org/yaml/snakeyaml/1.23/snakeyaml-1.23.jar:/Users/kirin/Program/IDEAProjects/apache-dolphinscheduler-1.3.6-src/dolphinscheduler-service/target/classes:/Users/kirin/Program/IDEAProjects/apache-dolphinscheduler-1.3.6-src/dolphinscheduler-remote/target/classes:/Users/kirin/.m2/repository/io/netty/netty-all/4.1.53.Final/netty-all-4.1.53.Final.jar:/Users/kirin/.m2/repository/org/apache/curator/curator-client/4.3.0/curator-client-4.3.0.jar:/Users/kirin/.m2/repository/org/quartz-scheduler/quartz/2.3.0/quartz-2.3.0.jar:/Users/kirin/.m2/repository/org/apache/logging/log4j/log4j-core/2.11.2/log4j-core-2.11.2.jar:/Users/kirin/.m2/repository/org/apache/logging/log4j/log4j-api/2.11.2/log4j-api-2.11.2.jar:/Users/kirin/.m2/repository/org/quartz-scheduler/quartz-jobs/2.3.0/quartz-jobs-2.3.0.jar:/Users/kirin/.m2/repository/org/apache/curator/curator-framework/4.3.0/curator-framework-4.3.0.jar:/Users/kirin/.m2/repository/org/apache/curator/curator-recipes/4.3.0/curator-recipes-4.3.0.jar:/Users/kirin/.m2/repository/org/apache/zookeeper/zookeeper/3.4.14/zookeeper-3.4.14.jar:/Users/kirin/.m2/repository/org/slf4j/slf4j-api/1.7.5/slf4j-api-1.7.5.jar:/Users/kirin/.m2/repository/log4j/log4j/1.2.17/log4j-1.2.17.jar:/Users/kirin/.m2/repository/jline/jline/0.9.94/jline-0.9.94.jar:/Users/kirin/.m2/repository/org/apache/yetus/audience-annotations/0.5.0/audience-annotations-0.5.0.jar:/Users/kirin/.m2/repository/org/apache/httpcomponents/httpclient/4.4.1/httpclient-4.4.1.jar:/Users/kirin/.m2/repository/commons-logging/commons-logging/1.1.1/commons-logging-1.1.1.jar:/Users/kirin/.m2/repository/commons-codec/commons-codec/1.6/commons-codec-1.6.jar:/Users/kirin/.m2/repository/org/apache/httpcomponents/httpcore/4.4.1/httpcore-4.4.1.jar:/Users/kirin/Program/IDEAProjects/apache-dolphinscheduler-1.3.6-src/dolphinscheduler-alert/target/classes:/Users/kirin/.m2/repository/org/apache/commons/commons-email/1.5/commons-email-1.5.jar:/Users/kirin/.m2/repository/com/sun/mail/javax.mail/1.6.2/javax.mail-1.6.2.jar:/Users/kirin/.m2/repository/javax/activation/activation/1.1/activation-1.1.jar:/Users/kirin/.m2/repository/com/fasterxml/jackson/core/jackson-core/2.9.10/jackson-core-2.9.10.jar:/Users/kirin/.m2/repository/com/google/guava/guava/20.0/guava-20.0.jar:/Users/kirin/.m2/repository/org/apache/poi/poi/3.17/poi-3.17.jar:/Users/kirin/.m2/repository/org/springframework/spring-core/5.1.19.RELEASE/spring-core-5.1.19.RELEASE.jar:/Users/kirin/.m2/repository/org/springframework/spring-jcl/5.1.19.RELEASE/spring-jcl-5.1.19.RELEASE.jar
[INFO] 2021-07-06 18:23:43.353 org.apache.zookeeper.ZooKeeper:[100] - Client environment:java.library.path=/Users/kirin/Library/Java/Extensions:/Library/Java/Extensions:/Network/Library/Java/Extensions:/System/Library/Java/Extensions:/usr/lib/java:.
[INFO] 2021-07-06 18:23:43.353 org.apache.zookeeper.ZooKeeper:[100] - Client environment:java.io.tmpdir=/var/folders/75/c1ln5b850l50lzyj_4x1hk7w0000gn/T/
[INFO] 2021-07-06 18:23:43.353 org.apache.zookeeper.ZooKeeper:[100] - Client environment:java.compiler=<NA>
[INFO] 2021-07-06 18:23:43.353 org.apache.zookeeper.ZooKeeper:[100] - Client environment:os.name=Mac OS X
[INFO] 2021-07-06 18:23:43.353 org.apache.zookeeper.ZooKeeper:[100] - Client environment:os.arch=x86_64
[INFO] 2021-07-06 18:23:43.354 org.apache.zookeeper.ZooKeeper:[100] - Client environment:os.version=10.15.7
[INFO] 2021-07-06 18:23:43.354 org.apache.zookeeper.ZooKeeper:[100] - Client environment:user.name=kirin
[INFO] 2021-07-06 18:23:43.354 org.apache.zookeeper.ZooKeeper:[100] - Client environment:user.home=/Users/kirin
[INFO] 2021-07-06 18:23:43.354 org.apache.zookeeper.ZooKeeper:[100] - Client environment:user.dir=/Users/kirin/Program/IDEAProjects/apache-dolphinscheduler-1.3.6-src
[INFO] 2021-07-06 18:23:43.355 org.apache.zookeeper.ZooKeeper:[442] - Initiating client connection, connectString=localhost:2181 sessionTimeout=60000 watcher=org.apache.curator.ConnectionState@6ddee60f
[INFO] 2021-07-06 18:23:43.377 org.apache.curator.framework.imps.CuratorFrameworkImpl:[356] - Default schema
[INFO] 2021-07-06 18:23:43.377 org.apache.zookeeper.ClientCnxn:[1025] - Opening socket connection to server localhost/127.0.0.1:2181. Will not attempt to authenticate using SASL (unknown error)
[INFO] 2021-07-06 18:23:43.389 org.apache.zookeeper.ClientCnxn:[879] - Socket connection established to localhost/127.0.0.1:2181, initiating session
[INFO] 2021-07-06 18:23:43.669 org.apache.zookeeper.ClientCnxn:[1299] - Session establishment complete on server localhost/127.0.0.1:2181, sessionid = 0x1001f3024340000, negotiated timeout = 40000
[INFO] 2021-07-06 18:23:43.676 org.apache.curator.framework.state.ConnectionStateManager:[251] - State change: CONNECTED
[INFO] 2021-07-06 18:23:43.687 org.apache.dolphinscheduler.service.zk.ZookeeperCachedOperator:[55] - add listener to zk path: /dolphinscheduler
[INFO] 2021-07-06 18:23:43.907 org.apache.dolphinscheduler.service.zk.ZookeeperOperator:[87] - zookeeper registry center init, server lists is: localhost:2181.
[INFO] 2021-07-06 18:23:43.908 org.apache.curator.framework.imps.CuratorFrameworkImpl:[308] - Starting
[INFO] 2021-07-06 18:23:43.910 org.apache.zookeeper.ZooKeeper:[442] - Initiating client connection, connectString=localhost:2181 sessionTimeout=60000 watcher=org.apache.curator.ConnectionState@456f7d9e
[INFO] 2021-07-06 18:23:43.912 org.apache.zookeeper.ClientCnxn:[1025] - Opening socket connection to server localhost/127.0.0.1:2181. Will not attempt to authenticate using SASL (unknown error)
[INFO] 2021-07-06 18:23:43.912 org.apache.curator.framework.imps.CuratorFrameworkImpl:[356] - Default schema
[INFO] 2021-07-06 18:23:43.913 org.apache.zookeeper.ClientCnxn:[879] - Socket connection established to localhost/127.0.0.1:2181, initiating session
[INFO] 2021-07-06 18:23:43.944 org.apache.zookeeper.ClientCnxn:[1299] - Session establishment complete on server localhost/127.0.0.1:2181, sessionid = 0x1001f3024340001, negotiated timeout = 40000
[INFO] 2021-07-06 18:23:43.944 org.apache.curator.framework.state.ConnectionStateManager:[251] - State change: CONNECTED
[INFO] 2021-07-06 18:23:43.945 org.apache.dolphinscheduler.service.zk.ZookeeperCachedOperator:[55] - add listener to zk path: /dolphinscheduler
[INFO] 2021-07-06 18:23:44.167 org.apache.dolphinscheduler.remote.NettyRemotingServer:[171] - NettyRemotingServer bind success at port : 5678
[WARN] 2021-07-06 18:23:44.228 org.apache.curator.utils.ZKPaths:[78] - The version of ZooKeeper being used doesn't support Container nodes. CreateMode.PERSISTENT will be used instead.
[INFO] 2021-07-06 18:23:44.409 org.apache.dolphinscheduler.server.master.registry.MasterRegistry:[108] - master node : 192.168.1.100:5678 registry to ZK successfully with heartBeatInterval : 10s
[INFO] 2021-07-06 18:23:44.544 org.apache.dolphinscheduler.service.zk.AbstractZKClient:[315] - initialize server nodes success.
[INFO] 2021-07-06 18:23:44.549 org.apache.dolphinscheduler.server.master.zk.ZKMasterClient:[144] - MASTER node deleted : null
[INFO] 2021-07-06 18:23:44.647 org.apache.dolphinscheduler.server.master.zk.ZKMasterClient:[353] - start master failover ...
[INFO] 2021-07-06 18:23:45.128 com.alibaba.druid.pool.DruidDataSource:[991] - {dataSource-1} inited
[INFO] 2021-07-06 18:23:45.168 org.apache.dolphinscheduler.server.master.zk.ZKMasterClient:[357] - failover process list size:0 
[INFO] 2021-07-06 18:23:45.168 org.apache.dolphinscheduler.server.master.zk.ZKMasterClient:[368] - master failover end
[INFO] 2021-07-06 18:23:45.197 org.apache.dolphinscheduler.server.master.zk.ZKMasterClient:[144] - WORKER node deleted : null
[INFO] 2021-07-06 18:23:45.283 org.apache.dolphinscheduler.server.master.zk.ZKMasterClient:[319] - start worker[null] failover ...
[INFO] 2021-07-06 18:23:45.300 org.apache.dolphinscheduler.server.master.zk.ZKMasterClient:[344] - end worker[null] failover ...
[INFO] 2021-07-06 18:23:45.356 org.apache.dolphinscheduler.server.master.runner.MasterSchedulerService:[119] - master scheduler started
[INFO] 2021-07-06 18:23:45.356 org.apache.dolphinscheduler.server.master.MasterServer:[129] - start Quartz server...
[INFO] 2021-07-06 18:23:45.433 org.quartz.impl.StdSchedulerFactory:[1208] - Using default implementation for ThreadExecutor
[INFO] 2021-07-06 18:23:45.457 org.quartz.core.SchedulerSignalerImpl:[61] - Initialized Scheduler Signaller of type: class org.quartz.core.SchedulerSignalerImpl
[INFO] 2021-07-06 18:23:45.457 org.quartz.core.QuartzScheduler:[229] - Quartz Scheduler v.2.3.0 created.
[INFO] 2021-07-06 18:23:45.458 org.quartz.impl.jdbcjobstore.JobStoreTX:[672] - Using db table-based data access locking (synchronization).
[INFO] 2021-07-06 18:23:45.460 org.quartz.impl.jdbcjobstore.JobStoreTX:[59] - JobStoreTX initialized.
[INFO] 2021-07-06 18:23:45.461 org.quartz.core.QuartzScheduler:[294] - Scheduler meta-data: Quartz Scheduler (v2.3.0) 'DolphinScheduler' with instanceId 'Kirins-MacBook-Pro.local1625567025436'
  Scheduler class: 'org.quartz.core.QuartzScheduler' - running locally.
  NOT STARTED.
  Currently in standby mode.
  Number of jobs executed: 0
  Using thread pool 'org.quartz.simpl.SimpleThreadPool' - with 25 threads.
  Using job-store 'org.quartz.impl.jdbcjobstore.JobStoreTX' - which supports persistence. and is clustered.

[INFO] 2021-07-06 18:23:45.461 org.quartz.impl.StdSchedulerFactory:[1362] - Quartz scheduler 'DolphinScheduler' initialized from an externally provided properties instance.
[INFO] 2021-07-06 18:23:45.461 org.quartz.impl.StdSchedulerFactory:[1366] - Quartz scheduler version: 2.3.0
[INFO] 2021-07-06 18:23:45.487 org.quartz.core.QuartzScheduler:[547] - Scheduler DolphinScheduler_$_Kirins-MacBook-Pro.local1625567025436 started.
[INFO] 2021-07-06 18:23:45.489 org.apache.dolphinscheduler.service.quartz.QuartzExecutors:[154] - Quartz service started
[INFO] 2021-07-06 18:23:45.502 org.apache.dolphinscheduler.service.zk.ZookeeperOperator:[87] - zookeeper registry center init, server lists is: localhost:2181.
[INFO] 2021-07-06 18:23:45.502 org.apache.curator.framework.imps.CuratorFrameworkImpl:[308] - Starting
[INFO] 2021-07-06 18:23:45.502 org.apache.zookeeper.ZooKeeper:[442] - Initiating client connection, connectString=localhost:2181 sessionTimeout=60000 watcher=org.apache.curator.ConnectionState@6c6379c
[INFO] 2021-07-06 18:23:45.503 org.apache.curator.framework.imps.CuratorFrameworkImpl:[356] - Default schema
[INFO] 2021-07-06 18:23:45.504 org.apache.zookeeper.ClientCnxn:[1025] - Opening socket connection to server localhost/0:0:0:0:0:0:0:1:2181. Will not attempt to authenticate using SASL (unknown error)
[INFO] 2021-07-06 18:23:45.504 org.apache.zookeeper.ClientCnxn:[879] - Socket connection established to localhost/0:0:0:0:0:0:0:1:2181, initiating session
[INFO] 2021-07-06 18:23:45.534 org.apache.zookeeper.ClientCnxn:[1299] - Session establishment complete on server localhost/0:0:0:0:0:0:0:1:2181, sessionid = 0x1001f3024340002, negotiated timeout = 40000
[INFO] 2021-07-06 18:23:45.535 org.apache.curator.framework.state.ConnectionStateManager:[251] - State change: CONNECTED
[INFO] 2021-07-06 18:23:45.535 org.apache.dolphinscheduler.service.zk.ZookeeperCachedOperator:[55] - add listener to zk path: /dolphinscheduler
[INFO] 2021-07-06 18:23:45.571 org.apache.dolphinscheduler.service.zk.ZookeeperOperator:[87] - zookeeper registry center init, server lists is: localhost:2181.
[INFO] 2021-07-06 18:23:45.571 org.apache.curator.framework.imps.CuratorFrameworkImpl:[308] - Starting
[INFO] 2021-07-06 18:23:45.571 org.apache.zookeeper.ZooKeeper:[442] - Initiating client connection, connectString=localhost:2181 sessionTimeout=60000 watcher=org.apache.curator.ConnectionState@1aac0a47
[INFO] 2021-07-06 18:23:45.572 org.apache.curator.framework.imps.CuratorFrameworkImpl:[356] - Default schema
[INFO] 2021-07-06 18:23:45.573 org.apache.zookeeper.ClientCnxn:[1025] - Opening socket connection to server localhost/127.0.0.1:2181. Will not attempt to authenticate using SASL (unknown error)
[INFO] 2021-07-06 18:23:45.573 org.apache.zookeeper.ClientCnxn:[879] - Socket connection established to localhost/127.0.0.1:2181, initiating session
[INFO] 2021-07-06 18:23:45.600 org.apache.zookeeper.ClientCnxn:[1299] - Session establishment complete on server localhost/127.0.0.1:2181, sessionid = 0x1001f3024340003, negotiated timeout = 40000
[INFO] 2021-07-06 18:23:45.600 org.apache.curator.framework.state.ConnectionStateManager:[251] - State change: CONNECTED
[INFO] 2021-07-06 18:23:45.601 org.apache.dolphinscheduler.service.zk.ZookeeperCachedOperator:[55] - add listener to zk path: /dolphinscheduler
[INFO] 2021-07-06 18:23:45.602 org.apache.dolphinscheduler.service.zk.ZookeeperOperator:[87] - zookeeper registry center init, server lists is: localhost:2181.
[INFO] 2021-07-06 18:23:45.603 org.apache.curator.framework.imps.CuratorFrameworkImpl:[308] - Starting
[INFO] 2021-07-06 18:23:45.604 org.apache.zookeeper.ZooKeeper:[442] - Initiating client connection, connectString=localhost:2181 sessionTimeout=60000 watcher=org.apache.curator.ConnectionState@54bb1194
[INFO] 2021-07-06 18:23:45.605 org.apache.zookeeper.ClientCnxn:[1025] - Opening socket connection to server localhost/0:0:0:0:0:0:0:1:2181. Will not attempt to authenticate using SASL (unknown error)
[INFO] 2021-07-06 18:23:45.605 org.apache.curator.framework.imps.CuratorFrameworkImpl:[356] - Default schema
[INFO] 2021-07-06 18:23:45.606 org.apache.zookeeper.ClientCnxn:[879] - Socket connection established to localhost/0:0:0:0:0:0:0:1:2181, initiating session
[INFO] 2021-07-06 18:23:45.633 org.apache.zookeeper.ClientCnxn:[1299] - Session establishment complete on server localhost/0:0:0:0:0:0:0:1:2181, sessionid = 0x1001f3024340004, negotiated timeout = 40000
[INFO] 2021-07-06 18:23:45.633 org.apache.curator.framework.state.ConnectionStateManager:[251] - State change: CONNECTED
[INFO] 2021-07-06 18:24:10.614 org.apache.dolphinscheduler.server.master.zk.ZKMasterClient:[238] - worker node added : /dolphinscheduler/nodes/worker/default
[INFO] 2021-07-06 18:24:10.616 org.apache.dolphinscheduler.server.master.registry.ServerNodeManager:[215] - worker group node : /dolphinscheduler/nodes/worker/default added.
[INFO] 2021-07-06 18:24:10.616 org.apache.dolphinscheduler.server.master.zk.ZKMasterClient:[238] - worker node added : /dolphinscheduler/nodes/worker/default/192.168.1.100:1234
[WARN] 2021-07-06 18:24:10.617 org.apache.dolphinscheduler.server.master.registry.ServerNodeManager:[228] - worker group path : /dolphinscheduler/nodes/worker/default is not valid, ignore
[INFO] 2021-07-06 18:24:10.619 org.apache.dolphinscheduler.server.master.registry.ServerNodeManager:[215] - worker group node : /dolphinscheduler/nodes/worker/default/192.168.1.100:1234 added.
[INFO] 2021-07-06 18:24:10.620 org.apache.dolphinscheduler.server.master.registry.ServerNodeManager:[218] - currentNodes : [192.168.1.100:1234]
[INFO] 2021-07-06 18:37:37.982 org.apache.dolphinscheduler.server.master.MasterServer:[164] - master server is stopping ..., cause : shutdownHook
[INFO] 2021-07-06 18:37:38.524 org.apache.curator.framework.imps.CuratorFrameworkImpl:[955] - backgroundOperationsLoop exiting
[INFO] 2021-07-06 18:37:38.556 org.apache.dolphinscheduler.server.master.zk.ZKMasterClient:[144] - MASTER node deleted : /dolphinscheduler/nodes/master/192.168.1.100:5678
[INFO] 2021-07-06 18:37:38.557 org.apache.zookeeper.ClientCnxn:[522] - EventThread shut down for session: 0x1001f3024340000
[INFO] 2021-07-06 18:37:38.557 org.apache.zookeeper.ZooKeeper:[693] - Session: 0x1001f3024340000 closed
[INFO] 2021-07-06 18:37:38.560 org.apache.dolphinscheduler.server.master.processor.queue.TaskResponseService:[121] - TaskResponseWorker stopped
[INFO] 2021-07-06 18:37:38.620 org.apache.dolphinscheduler.service.zk.RegisterOperator:[115] - MASTER server dead , and /dolphinscheduler/nodes/master/192.168.1.100:5678 added to zk dead server path success
[INFO] 2021-07-06 18:37:38.620 org.apache.dolphinscheduler.server.master.zk.ZKMasterClient:[353] - start master failover ...
[INFO] 2021-07-06 18:37:38.630 org.apache.dolphinscheduler.server.master.zk.ZKMasterClient:[357] - failover process list size:0 
[INFO] 2021-07-06 18:37:38.631 org.apache.dolphinscheduler.server.master.zk.ZKMasterClient:[368] - master failover end
[INFO] 2021-07-06 18:37:40.997 org.apache.dolphinscheduler.remote.NettyRemotingClient:[403] - netty client closed
[INFO] 2021-07-06 18:37:40.997 org.apache.dolphinscheduler.server.master.runner.MasterSchedulerService:[111] - master schedule service stopped...
[INFO] 2021-07-06 18:37:41.000 org.apache.dolphinscheduler.remote.NettyRemotingServer:[237] - netty server closed
[ERROR] 2021-07-06 18:37:41.007 org.apache.dolphinscheduler.service.zk.ZookeeperOperator:[160] - isExisted key : /dolphinscheduler/nodes/master/192.168.1.100:5678
java.lang.IllegalStateException: Expected state [STARTED] was [STOPPED]
	at org.apache.curator.shaded.com.google.common.base.Preconditions.checkState(Preconditions.java:823)
	at org.apache.curator.framework.imps.CuratorFrameworkImpl.checkState(CuratorFrameworkImpl.java:432)
	at org.apache.curator.framework.imps.CuratorFrameworkImpl.checkExists(CuratorFrameworkImpl.java:459)
	at org.apache.dolphinscheduler.service.zk.ZookeeperOperator.isExisted(ZookeeperOperator.java:158)
	at org.apache.dolphinscheduler.service.zk.ZookeeperOperator.remove(ZookeeperOperator.java:224)
	at org.apache.dolphinscheduler.server.master.registry.MasterRegistry.unRegistry(MasterRegistry.java:117)
	at org.apache.dolphinscheduler.server.master.zk.ZKMasterClient.close(ZKMasterClient.java:114)
	at org.apache.dolphinscheduler.server.master.MasterServer.close(MasterServer.java:178)
	at org.apache.dolphinscheduler.server.master.MasterServer.lambda$run$0(MasterServer.java:145)
	at java.base/java.lang.Thread.run(Thread.java:834)
[INFO] 2021-07-06 18:37:41.007 org.apache.dolphinscheduler.server.master.registry.MasterRegistry:[118] - master node : 192.168.1.100:5678 unRegistry to ZK.
[INFO] 2021-07-06 18:37:41.008 org.apache.dolphinscheduler.server.master.registry.MasterRegistry:[120] - heartbeat executor shutdown
[INFO] 2021-07-06 18:37:41.514 org.apache.curator.framework.imps.CuratorFrameworkImpl:[955] - backgroundOperationsLoop exiting
[INFO] 2021-07-06 18:37:41.558 org.apache.zookeeper.ClientCnxn:[522] - EventThread shut down for session: 0x1001f3024340001
[INFO] 2021-07-06 18:37:41.558 org.apache.zookeeper.ZooKeeper:[693] - Session: 0x1001f3024340001 closed
[INFO] 2021-07-06 18:37:41.559 org.quartz.core.QuartzScheduler:[666] - Scheduler DolphinScheduler_$_Kirins-MacBook-Pro.local1625567025436 shutting down.
[INFO] 2021-07-06 18:37:41.559 org.quartz.core.QuartzScheduler:[585] - Scheduler DolphinScheduler_$_Kirins-MacBook-Pro.local1625567025436 paused.
[INFO] 2021-07-06 18:37:41.573 com.alibaba.druid.pool.DruidDataSource:[1928] - {dataSource-1} closed
[INFO] 2021-07-06 18:37:41.574 org.quartz.core.QuartzScheduler:[740] - Scheduler DolphinScheduler_$_Kirins-MacBook-Pro.local1625567025436 shutdown complete.
[INFO] 2021-07-06 18:37:41.574 org.apache.dolphinscheduler.service.quartz.QuartzExecutors:[171] - Quartz service stopped, and halt all tasks
[INFO] 2021-07-06 18:37:41.574 org.apache.dolphinscheduler.server.master.MasterServer:[182] - Quartz service stopped
[INFO] 2021-07-06 18:37:48.293 org.apache.dolphinscheduler.service.zk.ZookeeperOperator:[87] - zookeeper registry center init, server lists is: localhost:2181.
[INFO] 2021-07-06 18:37:48.344 org.apache.curator.utils.Compatibility:[48] - Running in ZooKeeper 3.4.x compatibility mode
[INFO] 2021-07-06 18:37:48.346 org.apache.curator.utils.Compatibility:[61] - Using emulated InjectSessionExpiration
[INFO] 2021-07-06 18:37:48.379 org.apache.curator.framework.imps.CuratorFrameworkImpl:[308] - Starting
[INFO] 2021-07-06 18:37:48.395 org.apache.zookeeper.ZooKeeper:[100] - Client environment:zookeeper.version=3.4.14-4c25d480e66aadd371de8bd2fd8da255ac140bcf, built on 03/06/2019 16:18 GMT
[INFO] 2021-07-06 18:37:48.396 org.apache.zookeeper.ZooKeeper:[100] - Client environment:host.name=192.168.1.100
[INFO] 2021-07-06 18:37:48.396 org.apache.zookeeper.ZooKeeper:[100] - Client environment:java.version=11.0.8
[INFO] 2021-07-06 18:37:48.396 org.apache.zookeeper.ZooKeeper:[100] - Client environment:java.vendor=JetBrains s.r.o.
[INFO] 2021-07-06 18:37:48.396 org.apache.zookeeper.ZooKeeper:[100] - Client environment:java.home=/Applications/IntelliJ IDEA.app/Contents/jbr/Contents/Home
[INFO] 2021-07-06 18:37:48.397 org.apache.zookeeper.ZooKeeper:[100] - Client environment:java.class.path=/Users/kirin/Program/IDEAProjects/apache-dolphinscheduler-1.3.6-src/dolphinscheduler-server/target/classes:/Users/kirin/Program/IDEAProjects/apache-dolphinscheduler-1.3.6-src/dolphinscheduler-common/target/classes:/Users/kirin/Program/IDEAProjects/apache-dolphinscheduler-1.3.6-src/dolphinscheduler-plugin-api/target/classes:/Users/kirin/.m2/repository/commons-io/commons-io/2.4/commons-io-2.4.jar:/Users/kirin/.m2/repository/com/alibaba/fastjson/1.2.61/fastjson-1.2.61.jar:/Users/kirin/.m2/repository/commons-configuration/commons-configuration/1.10/commons-configuration-1.10.jar:/Users/kirin/.m2/repository/commons-lang/commons-lang/2.6/commons-lang-2.6.jar:/Users/kirin/.m2/repository/com/fasterxml/jackson/core/jackson-annotations/2.9.10/jackson-annotations-2.9.10.jar:/Users/kirin/.m2/repository/com/fasterxml/jackson/core/jackson-databind/2.9.10/jackson-databind-2.9.10.jar:/Users/kirin/.m2/repository/org/apache/commons/commons-collections4/4.1/commons-collections4-4.1.jar:/Users/kirin/.m2/repository/org/apache/hadoop/hadoop-common/2.7.3/hadoop-common-2.7.3.jar:/Users/kirin/.m2/repository/org/apache/hadoop/hadoop-annotations/2.7.3/hadoop-annotations-2.7.3.jar:/Users/kirin/.m2/repository/commons-cli/commons-cli/1.2/commons-cli-1.2.jar:/Users/kirin/.m2/repository/commons-collections/commons-collections/3.2.2/commons-collections-3.2.2.jar:/Users/kirin/.m2/repository/org/mortbay/jetty/jetty/6.1.26/jetty-6.1.26.jar:/Users/kirin/.m2/repository/org/mortbay/jetty/jetty-util/6.1.26/jetty-util-6.1.26.jar:/Users/kirin/.m2/repository/net/java/dev/jets3t/jets3t/0.9.0/jets3t-0.9.0.jar:/Users/kirin/.m2/repository/com/jamesmurty/utils/java-xmlbuilder/0.4/java-xmlbuilder-0.4.jar:/Users/kirin/.m2/repository/com/google/protobuf/protobuf-java/2.5.0/protobuf-java-2.5.0.jar:/Users/kirin/.m2/repository/org/apache/hadoop/hadoop-auth/2.7.3/hadoop-auth-2.7.3.jar:/Users/kirin/.m2/repository/org/apache/directory/server/apacheds-kerberos-codec/2.0.0-M15/apacheds-kerberos-codec-2.0.0-M15.jar:/Users/kirin/.m2/repository/org/apache/directory/server/apacheds-i18n/2.0.0-M15/apacheds-i18n-2.0.0-M15.jar:/Users/kirin/.m2/repository/org/apache/directory/api/api-asn1-api/1.0.0-M20/api-asn1-api-1.0.0-M20.jar:/Users/kirin/.m2/repository/org/apache/directory/api/api-util/1.0.0-M20/api-util-1.0.0-M20.jar:/Users/kirin/.m2/repository/com/jcraft/jsch/0.1.42/jsch-0.1.42.jar:/Users/kirin/.m2/repository/org/apache/htrace/htrace-core/3.1.0-incubating/htrace-core-3.1.0-incubating.jar:/Users/kirin/.m2/repository/org/apache/commons/commons-compress/1.4.1/commons-compress-1.4.1.jar:/Users/kirin/.m2/repository/org/apache/hadoop/hadoop-client/2.7.3/hadoop-client-2.7.3.jar:/Users/kirin/.m2/repository/org/apache/hadoop/hadoop-mapreduce-client-app/2.7.3/hadoop-mapreduce-client-app-2.7.3.jar:/Users/kirin/.m2/repository/org/apache/hadoop/hadoop-mapreduce-client-common/2.7.3/hadoop-mapreduce-client-common-2.7.3.jar:/Users/kirin/.m2/repository/org/apache/hadoop/hadoop-yarn-client/2.7.3/hadoop-yarn-client-2.7.3.jar:/Users/kirin/.m2/repository/org/apache/hadoop/hadoop-yarn-server-common/2.7.3/hadoop-yarn-server-common-2.7.3.jar:/Users/kirin/.m2/repository/org/apache/hadoop/hadoop-yarn-api/2.7.3/hadoop-yarn-api-2.7.3.jar:/Users/kirin/.m2/repository/org/apache/hadoop/hadoop-mapreduce-client-core/2.7.3/hadoop-mapreduce-client-core-2.7.3.jar:/Users/kirin/.m2/repository/org/apache/hadoop/hadoop-yarn-common/2.7.3/hadoop-yarn-common-2.7.3.jar:/Users/kirin/.m2/repository/org/apache/hadoop/hadoop-mapreduce-client-jobclient/2.7.3/hadoop-mapreduce-client-jobclient-2.7.3.jar:/Users/kirin/.m2/repository/org/apache/hadoop/hadoop-hdfs/2.7.3/hadoop-hdfs-2.7.3.jar:/Users/kirin/.m2/repository/commons-daemon/commons-daemon/1.0.13/commons-daemon-1.0.13.jar:/Users/kirin/.m2/repository/org/codehaus/jackson/jackson-core-asl/1.9.13/jackson-core-asl-1.9.13.jar:/Users/kirin/.m2/repository/org/codehaus/jackson/jackson-mapper-asl/1.9.13/jackson-mapper-asl-1.9.13.jar:/Users/kirin/.m2/repository/xerces/xercesImpl/2.9.1/xercesImpl-2.9.1.jar:/Users/kirin/.m2/repository/xml-apis/xml-apis/1.4.01/xml-apis-1.4.01.jar:/Users/kirin/.m2/repository/org/apache/hadoop/hadoop-aws/2.7.3/hadoop-aws-2.7.3.jar:/Users/kirin/.m2/repository/com/amazonaws/aws-java-sdk/1.7.4/aws-java-sdk-1.7.4.jar:/Users/kirin/.m2/repository/joda-time/joda-time/2.10.8/joda-time-2.10.8.jar:/Users/kirin/.m2/repository/org/postgresql/postgresql/42.1.4/postgresql-42.1.4.jar:/Users/kirin/.m2/repository/org/apache/hive/hive-jdbc/2.1.0/hive-jdbc-2.1.0.jar:/Users/kirin/.m2/repository/org/apache/hive/hive-common/2.1.0/hive-common-2.1.0.jar:/Users/kirin/.m2/repository/org/apache/hive/hive-storage-api/2.1.0/hive-storage-api-2.1.0.jar:/Users/kirin/.m2/repository/org/apache/hive/hive-orc/2.1.0/hive-orc-2.1.0.jar:/Users/kirin/.m2/repository/org/iq80/snappy/snappy/0.2/snappy-0.2.jar:/Users/kirin/.m2/repository/org/apache/logging/log4j/log4j-1.2-api/2.11.2/log4j-1.2-api-2.11.2.jar:/Users/kirin/.m2/repository/org/apache/hive/hive-service/2.1.0/hive-service-2.1.0.jar:/Users/kirin/.m2/repository/net/sf/jpam/jpam/1.1/jpam-1.1.jar:/Users/kirin/.m2/repository/org/apache/thrift/libfb303/0.9.3/libfb303-0.9.3.jar:/Users/kirin/.m2/repository/org/jamon/jamon-runtime/2.3.1/jamon-runtime-2.3.1.jar:/Users/kirin/.m2/repository/org/apache/hive/hive-serde/2.1.0/hive-serde-2.1.0.jar:/Users/kirin/.m2/repository/net/sf/opencsv/opencsv/2.3/opencsv-2.3.jar:/Users/kirin/.m2/repository/org/apache/parquet/parquet-hadoop-bundle/1.8.1/parquet-hadoop-bundle-1.8.1.jar:/Users/kirin/.m2/repository/org/apache/hive/hive-metastore/2.1.0/hive-metastore-2.1.0.jar:/Users/kirin/.m2/repository/javolution/javolution/5.5.1/javolution-5.5.1.jar:/Users/kirin/.m2/repository/com/jolbox/bonecp/0.8.0.RELEASE/bonecp-0.8.0.RELEASE.jar:/Users/kirin/.m2/repository/org/apache/derby/derby/10.14.2.0/derby-10.14.2.0.jar:/Users/kirin/.m2/repository/org/datanucleus/datanucleus-api-jdo/4.2.1/datanucleus-api-jdo-4.2.1.jar:/Users/kirin/.m2/repository/org/datanucleus/datanucleus-core/4.1.6/datanucleus-core-4.1.6.jar:/Users/kirin/.m2/repository/org/datanucleus/datanucleus-rdbms/4.1.7/datanucleus-rdbms-4.1.7.jar:/Users/kirin/.m2/repository/commons-pool/commons-pool/1.6/commons-pool-1.6.jar:/Users/kirin/.m2/repository/commons-dbcp/commons-dbcp/1.4/commons-dbcp-1.4.jar:/Users/kirin/.m2/repository/javax/jdo/jdo-api/3.0.1/jdo-api-3.0.1.jar:/Users/kirin/.m2/repository/javax/transaction/jta/1.1/jta-1.1.jar:/Users/kirin/.m2/repository/org/datanucleus/javax.jdo/3.2.0-m3/javax.jdo-3.2.0-m3.jar:/Users/kirin/.m2/repository/javax/transaction/transaction-api/1.1/transaction-api-1.1.jar:/Users/kirin/.m2/repository/co/cask/tephra/tephra-api/0.6.0/tephra-api-0.6.0.jar:/Users/kirin/.m2/repository/org/apache/hive/hive-service-rpc/2.1.0/hive-service-rpc-2.1.0.jar:/Users/kirin/.m2/repository/org/apache/thrift/libthrift/0.9.3/libthrift-0.9.3.jar:/Users/kirin/.m2/repository/ch/qos/logback/logback-classic/1.2.3/logback-classic-1.2.3.jar:/Users/kirin/.m2/repository/ch/qos/logback/logback-core/1.2.3/logback-core-1.2.3.jar:/Users/kirin/.m2/repository/com/github/oshi/oshi-core/3.9.1/oshi-core-3.9.1.jar:/Users/kirin/.m2/repository/net/java/dev/jna/jna-platform/4.5.2/jna-platform-4.5.2.jar:/Users/kirin/.m2/repository/net/java/dev/jna/jna/4.5.2/jna-4.5.2.jar:/Users/kirin/.m2/repository/ru/yandex/clickhouse/clickhouse-jdbc/0.1.52/clickhouse-jdbc-0.1.52.jar:/Users/kirin/.m2/repository/org/apache/httpcomponents/httpmime/4.5.13/httpmime-4.5.13.jar:/Users/kirin/.m2/repository/net/jpountz/lz4/lz4/1.3.0/lz4-1.3.0.jar:/Users/kirin/.m2/repository/com/microsoft/sqlserver/mssql-jdbc/6.1.0.jre8/mssql-jdbc-6.1.0.jre8.jar:/Users/kirin/.m2/repository/com/baomidou/mybatis-plus-annotation/3.2.0/mybatis-plus-annotation-3.2.0.jar:/Users/kirin/.m2/repository/org/mybatis/mybatis/3.5.2/mybatis-3.5.2.jar:/Users/kirin/.m2/repository/org/apache/skywalking/apm-toolkit-logback-1.x/8.4.0/apm-toolkit-logback-1.x-8.4.0.jar:/Users/kirin/Program/IDEAProjects/apache-dolphinscheduler-1.3.6-src/dolphinscheduler-dao/target/classes:/Users/kirin/.m2/repository/com/baomidou/mybatis-plus/3.2.0/mybatis-plus-3.2.0.jar:/Users/kirin/.m2/repository/com/baomidou/mybatis-plus-extension/3.2.0/mybatis-plus-extension-3.2.0.jar:/Users/kirin/.m2/repository/com/baomidou/mybatis-plus-core/3.2.0/mybatis-plus-core-3.2.0.jar:/Users/kirin/.m2/repository/com/github/jsqlparser/jsqlparser/2.1/jsqlparser-2.1.jar:/Users/kirin/.m2/repository/org/mybatis/mybatis-spring/2.0.2/mybatis-spring-2.0.2.jar:/Users/kirin/.m2/repository/com/baomidou/mybatis-plus-boot-starter/3.2.0/mybatis-plus-boot-starter-3.2.0.jar:/Users/kirin/.m2/repository/org/springframework/boot/spring-boot-autoconfigure/2.1.18.RELEASE/spring-boot-autoconfigure-2.1.18.RELEASE.jar:/Users/kirin/.m2/repository/org/springframework/boot/spring-boot/2.1.18.RELEASE/spring-boot-2.1.18.RELEASE.jar:/Users/kirin/.m2/repository/org/springframework/spring-context/5.1.19.RELEASE/spring-context-5.1.19.RELEASE.jar:/Users/kirin/.m2/repository/org/springframework/spring-aop/5.1.19.RELEASE/spring-aop-5.1.19.RELEASE.jar:/Users/kirin/.m2/repository/org/springframework/spring-expression/5.1.19.RELEASE/spring-expression-5.1.19.RELEASE.jar:/Users/kirin/.m2/repository/org/springframework/boot/spring-boot-starter-jdbc/2.1.18.RELEASE/spring-boot-starter-jdbc-2.1.18.RELEASE.jar:/Users/kirin/.m2/repository/org/springframework/boot/spring-boot-starter/2.1.18.RELEASE/spring-boot-starter-2.1.18.RELEASE.jar:/Users/kirin/.m2/repository/javax/annotation/javax.annotation-api/1.3.2/javax.annotation-api-1.3.2.jar:/Users/kirin/.m2/repository/com/zaxxer/HikariCP/3.2.0/HikariCP-3.2.0.jar:/Users/kirin/.m2/repository/org/springframework/spring-jdbc/5.1.19.RELEASE/spring-jdbc-5.1.19.RELEASE.jar:/Users/kirin/.m2/repository/org/springframework/spring-beans/5.1.19.RELEASE/spring-beans-5.1.19.RELEASE.jar:/Users/kirin/.m2/repository/org/springframework/spring-tx/5.1.19.RELEASE/spring-tx-5.1.19.RELEASE.jar:/Users/kirin/.m2/repository/mysql/mysql-connector-java/8.0.23/mysql-connector-java-8.0.23.jar:/Users/kirin/.m2/repository/com/h2database/h2/1.4.200/h2-1.4.200.jar:/Users/kirin/.m2/repository/com/alibaba/druid/1.1.14/druid-1.1.14.jar:/Users/kirin/.m2/repository/commons-httpclient/commons-httpclient/3.0.1/commons-httpclient-3.0.1.jar:/Users/kirin/.m2/repository/com/cronutils/cron-utils/5.0.5/cron-utils-5.0.5.jar:/Users/kirin/.m2/repository/org/yaml/snakeyaml/1.23/snakeyaml-1.23.jar:/Users/kirin/Program/IDEAProjects/apache-dolphinscheduler-1.3.6-src/dolphinscheduler-service/target/classes:/Users/kirin/Program/IDEAProjects/apache-dolphinscheduler-1.3.6-src/dolphinscheduler-remote/target/classes:/Users/kirin/.m2/repository/io/netty/netty-all/4.1.53.Final/netty-all-4.1.53.Final.jar:/Users/kirin/.m2/repository/org/apache/curator/curator-client/4.3.0/curator-client-4.3.0.jar:/Users/kirin/.m2/repository/org/quartz-scheduler/quartz/2.3.0/quartz-2.3.0.jar:/Users/kirin/.m2/repository/org/apache/logging/log4j/log4j-core/2.11.2/log4j-core-2.11.2.jar:/Users/kirin/.m2/repository/org/apache/logging/log4j/log4j-api/2.11.2/log4j-api-2.11.2.jar:/Users/kirin/.m2/repository/org/quartz-scheduler/quartz-jobs/2.3.0/quartz-jobs-2.3.0.jar:/Users/kirin/.m2/repository/org/apache/curator/curator-framework/4.3.0/curator-framework-4.3.0.jar:/Users/kirin/.m2/repository/org/apache/curator/curator-recipes/4.3.0/curator-recipes-4.3.0.jar:/Users/kirin/.m2/repository/org/apache/zookeeper/zookeeper/3.4.14/zookeeper-3.4.14.jar:/Users/kirin/.m2/repository/org/slf4j/slf4j-api/1.7.5/slf4j-api-1.7.5.jar:/Users/kirin/.m2/repository/log4j/log4j/1.2.17/log4j-1.2.17.jar:/Users/kirin/.m2/repository/jline/jline/0.9.94/jline-0.9.94.jar:/Users/kirin/.m2/repository/org/apache/yetus/audience-annotations/0.5.0/audience-annotations-0.5.0.jar:/Users/kirin/.m2/repository/org/apache/httpcomponents/httpclient/4.4.1/httpclient-4.4.1.jar:/Users/kirin/.m2/repository/commons-logging/commons-logging/1.1.1/commons-logging-1.1.1.jar:/Users/kirin/.m2/repository/commons-codec/commons-codec/1.6/commons-codec-1.6.jar:/Users/kirin/.m2/repository/org/apache/httpcomponents/httpcore/4.4.1/httpcore-4.4.1.jar:/Users/kirin/Program/IDEAProjects/apache-dolphinscheduler-1.3.6-src/dolphinscheduler-alert/target/classes:/Users/kirin/.m2/repository/org/apache/commons/commons-email/1.5/commons-email-1.5.jar:/Users/kirin/.m2/repository/com/sun/mail/javax.mail/1.6.2/javax.mail-1.6.2.jar:/Users/kirin/.m2/repository/javax/activation/activation/1.1/activation-1.1.jar:/Users/kirin/.m2/repository/com/fasterxml/jackson/core/jackson-core/2.9.10/jackson-core-2.9.10.jar:/Users/kirin/.m2/repository/com/google/guava/guava/20.0/guava-20.0.jar:/Users/kirin/.m2/repository/org/apache/poi/poi/3.17/poi-3.17.jar:/Users/kirin/.m2/repository/org/springframework/spring-core/5.1.19.RELEASE/spring-core-5.1.19.RELEASE.jar:/Users/kirin/.m2/repository/org/springframework/spring-jcl/5.1.19.RELEASE/spring-jcl-5.1.19.RELEASE.jar
[INFO] 2021-07-06 18:37:48.397 org.apache.zookeeper.ZooKeeper:[100] - Client environment:java.library.path=/Users/kirin/Library/Java/Extensions:/Library/Java/Extensions:/Network/Library/Java/Extensions:/System/Library/Java/Extensions:/usr/lib/java:.
[INFO] 2021-07-06 18:37:48.397 org.apache.zookeeper.ZooKeeper:[100] - Client environment:java.io.tmpdir=/var/folders/75/c1ln5b850l50lzyj_4x1hk7w0000gn/T/
[INFO] 2021-07-06 18:37:48.397 org.apache.zookeeper.ZooKeeper:[100] - Client environment:java.compiler=<NA>
[INFO] 2021-07-06 18:37:48.398 org.apache.zookeeper.ZooKeeper:[100] - Client environment:os.name=Mac OS X
[INFO] 2021-07-06 18:37:48.398 org.apache.zookeeper.ZooKeeper:[100] - Client environment:os.arch=x86_64
[INFO] 2021-07-06 18:37:48.398 org.apache.zookeeper.ZooKeeper:[100] - Client environment:os.version=10.15.7
[INFO] 2021-07-06 18:37:48.398 org.apache.zookeeper.ZooKeeper:[100] - Client environment:user.name=kirin
[INFO] 2021-07-06 18:37:48.398 org.apache.zookeeper.ZooKeeper:[100] - Client environment:user.home=/Users/kirin
[INFO] 2021-07-06 18:37:48.399 org.apache.zookeeper.ZooKeeper:[100] - Client environment:user.dir=/Users/kirin/Program/IDEAProjects/apache-dolphinscheduler-1.3.6-src
[INFO] 2021-07-06 18:37:48.400 org.apache.zookeeper.ZooKeeper:[442] - Initiating client connection, connectString=localhost:2181 sessionTimeout=60000 watcher=org.apache.curator.ConnectionState@526e8108
[INFO] 2021-07-06 18:37:48.422 org.apache.curator.framework.imps.CuratorFrameworkImpl:[356] - Default schema
[INFO] 2021-07-06 18:37:48.422 org.apache.zookeeper.ClientCnxn:[1025] - Opening socket connection to server localhost/0:0:0:0:0:0:0:1:2181. Will not attempt to authenticate using SASL (unknown error)
[INFO] 2021-07-06 18:37:48.437 org.apache.zookeeper.ClientCnxn:[879] - Socket connection established to localhost/0:0:0:0:0:0:0:1:2181, initiating session
[INFO] 2021-07-06 18:37:48.480 org.apache.zookeeper.ClientCnxn:[1299] - Session establishment complete on server localhost/0:0:0:0:0:0:0:1:2181, sessionid = 0x1001f302434000c, negotiated timeout = 40000
[INFO] 2021-07-06 18:37:48.490 org.apache.curator.framework.state.ConnectionStateManager:[251] - State change: CONNECTED
[INFO] 2021-07-06 18:37:48.502 org.apache.dolphinscheduler.service.zk.ZookeeperCachedOperator:[55] - add listener to zk path: /dolphinscheduler
[INFO] 2021-07-06 18:37:48.605 org.apache.dolphinscheduler.service.zk.ZookeeperOperator:[87] - zookeeper registry center init, server lists is: localhost:2181.
[INFO] 2021-07-06 18:37:48.606 org.apache.curator.framework.imps.CuratorFrameworkImpl:[308] - Starting
[INFO] 2021-07-06 18:37:48.608 org.apache.zookeeper.ZooKeeper:[442] - Initiating client connection, connectString=localhost:2181 sessionTimeout=60000 watcher=org.apache.curator.ConnectionState@5a08b084
[INFO] 2021-07-06 18:37:48.608 org.apache.curator.framework.imps.CuratorFrameworkImpl:[356] - Default schema
[INFO] 2021-07-06 18:37:48.609 org.apache.zookeeper.ClientCnxn:[1025] - Opening socket connection to server localhost/127.0.0.1:2181. Will not attempt to authenticate using SASL (unknown error)
[INFO] 2021-07-06 18:37:48.610 org.apache.zookeeper.ClientCnxn:[879] - Socket connection established to localhost/127.0.0.1:2181, initiating session
[INFO] 2021-07-06 18:37:48.635 org.apache.zookeeper.ClientCnxn:[1299] - Session establishment complete on server localhost/127.0.0.1:2181, sessionid = 0x1001f302434000d, negotiated timeout = 40000
[INFO] 2021-07-06 18:37:48.636 org.apache.curator.framework.state.ConnectionStateManager:[251] - State change: CONNECTED
[INFO] 2021-07-06 18:37:48.636 org.apache.dolphinscheduler.service.zk.ZookeeperCachedOperator:[55] - add listener to zk path: /dolphinscheduler
[INFO] 2021-07-06 18:37:48.833 org.apache.dolphinscheduler.remote.NettyRemotingServer:[171] - NettyRemotingServer bind success at port : 5678
[INFO] 2021-07-06 18:37:48.939 org.apache.dolphinscheduler.server.master.registry.MasterRegistry:[108] - master node : 192.168.1.100:5678 registry to ZK successfully with heartBeatInterval : 10s
[INFO] 2021-07-06 18:37:48.969 org.apache.dolphinscheduler.service.zk.RegisterOperator:[66] - master server 192.168.1.100:5678 deleted from zk dead server path success
[INFO] 2021-07-06 18:37:49.079 org.apache.dolphinscheduler.service.zk.AbstractZKClient:[315] - initialize server nodes success.
[INFO] 2021-07-06 18:37:49.086 org.apache.dolphinscheduler.server.master.zk.ZKMasterClient:[144] - MASTER node deleted : null
[INFO] 2021-07-06 18:37:49.113 org.apache.dolphinscheduler.server.master.zk.ZKMasterClient:[353] - start master failover ...
[INFO] 2021-07-06 18:37:49.599 com.alibaba.druid.pool.DruidDataSource:[991] - {dataSource-1} inited
[INFO] 2021-07-06 18:37:49.636 org.apache.dolphinscheduler.server.master.zk.ZKMasterClient:[357] - failover process list size:0 
[INFO] 2021-07-06 18:37:49.636 org.apache.dolphinscheduler.server.master.zk.ZKMasterClient:[368] - master failover end
[INFO] 2021-07-06 18:37:49.662 org.apache.dolphinscheduler.server.master.zk.ZKMasterClient:[144] - WORKER node deleted : null
[INFO] 2021-07-06 18:37:49.679 org.apache.dolphinscheduler.server.master.zk.ZKMasterClient:[319] - start worker[null] failover ...
[INFO] 2021-07-06 18:37:49.697 org.apache.dolphinscheduler.server.master.zk.ZKMasterClient:[344] - end worker[null] failover ...
[INFO] 2021-07-06 18:37:49.751 org.apache.dolphinscheduler.server.master.runner.MasterSchedulerService:[119] - master scheduler started
[INFO] 2021-07-06 18:37:49.751 org.apache.dolphinscheduler.server.master.MasterServer:[129] - start Quartz server...
[INFO] 2021-07-06 18:37:49.818 org.quartz.impl.StdSchedulerFactory:[1208] - Using default implementation for ThreadExecutor
[INFO] 2021-07-06 18:37:49.835 org.quartz.core.SchedulerSignalerImpl:[61] - Initialized Scheduler Signaller of type: class org.quartz.core.SchedulerSignalerImpl
[INFO] 2021-07-06 18:37:49.836 org.quartz.core.QuartzScheduler:[229] - Quartz Scheduler v.2.3.0 created.
[INFO] 2021-07-06 18:37:49.837 org.quartz.impl.jdbcjobstore.JobStoreTX:[672] - Using db table-based data access locking (synchronization).
[INFO] 2021-07-06 18:37:49.839 org.quartz.impl.jdbcjobstore.JobStoreTX:[59] - JobStoreTX initialized.
[INFO] 2021-07-06 18:37:49.840 org.quartz.core.QuartzScheduler:[294] - Scheduler meta-data: Quartz Scheduler (v2.3.0) 'DolphinScheduler' with instanceId 'Kirins-MacBook-Pro.local1625567869821'
  Scheduler class: 'org.quartz.core.QuartzScheduler' - running locally.
  NOT STARTED.
  Currently in standby mode.
  Number of jobs executed: 0
  Using thread pool 'org.quartz.simpl.SimpleThreadPool' - with 25 threads.
  Using job-store 'org.quartz.impl.jdbcjobstore.JobStoreTX' - which supports persistence. and is clustered.

[INFO] 2021-07-06 18:37:49.840 org.quartz.impl.StdSchedulerFactory:[1362] - Quartz scheduler 'DolphinScheduler' initialized from an externally provided properties instance.
[INFO] 2021-07-06 18:37:49.840 org.quartz.impl.StdSchedulerFactory:[1366] - Quartz scheduler version: 2.3.0
[INFO] 2021-07-06 18:37:49.863 org.quartz.core.QuartzScheduler:[547] - Scheduler DolphinScheduler_$_Kirins-MacBook-Pro.local1625567869821 started.
[INFO] 2021-07-06 18:37:49.864 org.apache.dolphinscheduler.service.quartz.QuartzExecutors:[154] - Quartz service started
[INFO] 2021-07-06 18:37:49.877 org.apache.dolphinscheduler.service.zk.ZookeeperOperator:[87] - zookeeper registry center init, server lists is: localhost:2181.
[INFO] 2021-07-06 18:37:49.877 org.apache.curator.framework.imps.CuratorFrameworkImpl:[308] - Starting
[INFO] 2021-07-06 18:37:49.877 org.apache.zookeeper.ZooKeeper:[442] - Initiating client connection, connectString=localhost:2181 sessionTimeout=60000 watcher=org.apache.curator.ConnectionState@2a120c88
[INFO] 2021-07-06 18:37:49.878 org.apache.zookeeper.ClientCnxn:[1025] - Opening socket connection to server localhost/0:0:0:0:0:0:0:1:2181. Will not attempt to authenticate using SASL (unknown error)
[INFO] 2021-07-06 18:37:49.878 org.apache.curator.framework.imps.CuratorFrameworkImpl:[356] - Default schema
[INFO] 2021-07-06 18:37:49.879 org.apache.zookeeper.ClientCnxn:[879] - Socket connection established to localhost/0:0:0:0:0:0:0:1:2181, initiating session
[INFO] 2021-07-06 18:37:49.921 org.apache.zookeeper.ClientCnxn:[1299] - Session establishment complete on server localhost/0:0:0:0:0:0:0:1:2181, sessionid = 0x1001f302434000e, negotiated timeout = 40000
[INFO] 2021-07-06 18:37:49.921 org.apache.curator.framework.state.ConnectionStateManager:[251] - State change: CONNECTED
[INFO] 2021-07-06 18:37:49.922 org.apache.dolphinscheduler.service.zk.ZookeeperCachedOperator:[55] - add listener to zk path: /dolphinscheduler
[INFO] 2021-07-06 18:37:49.948 org.apache.dolphinscheduler.service.zk.ZookeeperOperator:[87] - zookeeper registry center init, server lists is: localhost:2181.
[INFO] 2021-07-06 18:37:49.948 org.apache.curator.framework.imps.CuratorFrameworkImpl:[308] - Starting
[INFO] 2021-07-06 18:37:49.949 org.apache.zookeeper.ZooKeeper:[442] - Initiating client connection, connectString=localhost:2181 sessionTimeout=60000 watcher=org.apache.curator.ConnectionState@1109730f
[INFO] 2021-07-06 18:37:49.950 org.apache.zookeeper.ClientCnxn:[1025] - Opening socket connection to server localhost/127.0.0.1:2181. Will not attempt to authenticate using SASL (unknown error)
[INFO] 2021-07-06 18:37:49.950 org.apache.curator.framework.imps.CuratorFrameworkImpl:[356] - Default schema
[INFO] 2021-07-06 18:37:49.950 org.apache.zookeeper.ClientCnxn:[879] - Socket connection established to localhost/127.0.0.1:2181, initiating session
[INFO] 2021-07-06 18:37:49.976 org.apache.zookeeper.ClientCnxn:[1299] - Session establishment complete on server localhost/127.0.0.1:2181, sessionid = 0x1001f302434000f, negotiated timeout = 40000
[INFO] 2021-07-06 18:37:49.977 org.apache.curator.framework.state.ConnectionStateManager:[251] - State change: CONNECTED
[INFO] 2021-07-06 18:37:49.977 org.apache.dolphinscheduler.service.zk.ZookeeperCachedOperator:[55] - add listener to zk path: /dolphinscheduler
[INFO] 2021-07-06 18:37:49.980 org.apache.dolphinscheduler.service.zk.ZookeeperOperator:[87] - zookeeper registry center init, server lists is: localhost:2181.
[INFO] 2021-07-06 18:37:49.981 org.apache.curator.framework.imps.CuratorFrameworkImpl:[308] - Starting
[INFO] 2021-07-06 18:37:49.981 org.apache.zookeeper.ZooKeeper:[442] - Initiating client connection, connectString=localhost:2181 sessionTimeout=60000 watcher=org.apache.curator.ConnectionState@60652518
[INFO] 2021-07-06 18:37:49.982 org.apache.zookeeper.ClientCnxn:[1025] - Opening socket connection to server localhost/127.0.0.1:2181. Will not attempt to authenticate using SASL (unknown error)
[INFO] 2021-07-06 18:37:49.982 org.apache.curator.framework.imps.CuratorFrameworkImpl:[356] - Default schema
[INFO] 2021-07-06 18:37:49.983 org.apache.zookeeper.ClientCnxn:[879] - Socket connection established to localhost/127.0.0.1:2181, initiating session
[INFO] 2021-07-06 18:37:50.009 org.apache.zookeeper.ClientCnxn:[1299] - Session establishment complete on server localhost/127.0.0.1:2181, sessionid = 0x1001f3024340010, negotiated timeout = 40000
[INFO] 2021-07-06 18:37:50.010 org.apache.curator.framework.state.ConnectionStateManager:[251] - State change: CONNECTED
[INFO] 2021-07-06 18:37:54.870 org.quartz.impl.jdbcjobstore.JobStoreTX:[3629] - ClusterManager: detected 1 failed or restarted instances.
[INFO] 2021-07-06 18:37:54.870 org.quartz.impl.jdbcjobstore.JobStoreTX:[3488] - ClusterManager: Scanning for instance "Kirins-MacBook-Pro.local1625567025436"'s failed in-progress jobs.
[INFO] 2021-07-06 18:38:09.788 org.apache.dolphinscheduler.server.master.zk.ZKMasterClient:[241] - worker node deleted : /dolphinscheduler/nodes/worker/default/192.168.1.100:1234
[INFO] 2021-07-06 18:38:09.788 org.apache.dolphinscheduler.server.master.registry.ServerNodeManager:[221] - worker group node : /dolphinscheduler/nodes/worker/default/192.168.1.100:1234 down.
[INFO] 2021-07-06 18:38:09.790 org.apache.dolphinscheduler.server.master.zk.ZKMasterClient:[144] - WORKER node deleted : /dolphinscheduler/nodes/worker/default/192.168.1.100:1234
[INFO] 2021-07-06 18:38:09.864 org.apache.dolphinscheduler.service.zk.RegisterOperator:[115] - WORKER server dead , and /dolphinscheduler/nodes/worker/default/192.168.1.100:1234 added to zk dead server path success
[INFO] 2021-07-06 18:38:09.864 org.apache.dolphinscheduler.server.master.zk.ZKMasterClient:[319] - start worker[192.168.1.100:1234] failover ...
[INFO] 2021-07-06 18:38:09.872 org.apache.dolphinscheduler.server.master.zk.ZKMasterClient:[344] - end worker[192.168.1.100:1234] failover ...
[INFO] 2021-07-06 18:38:14.141 org.apache.dolphinscheduler.server.master.zk.ZKMasterClient:[238] - worker node added : /dolphinscheduler/nodes/worker/default/192.168.1.100:1234
[INFO] 2021-07-06 18:38:14.141 org.apache.dolphinscheduler.server.master.registry.ServerNodeManager:[215] - worker group node : /dolphinscheduler/nodes/worker/default/192.168.1.100:1234 added.
[INFO] 2021-07-06 18:38:14.142 org.apache.dolphinscheduler.server.master.registry.ServerNodeManager:[218] - currentNodes : [192.168.1.100:1234]
[INFO] 2021-07-06 18:40:46.675 org.apache.dolphinscheduler.server.master.MasterServer:[164] - master server is stopping ..., cause : shutdownHook
[INFO] 2021-07-06 18:40:47.194 org.apache.curator.framework.imps.CuratorFrameworkImpl:[955] - backgroundOperationsLoop exiting
[INFO] 2021-07-06 18:40:47.242 org.apache.dolphinscheduler.server.master.zk.ZKMasterClient:[144] - MASTER node deleted : /dolphinscheduler/nodes/master/192.168.1.100:5678
[INFO] 2021-07-06 18:40:47.242 org.apache.zookeeper.ZooKeeper:[693] - Session: 0x1001f302434000c closed
[INFO] 2021-07-06 18:40:47.243 org.apache.zookeeper.ClientCnxn:[522] - EventThread shut down for session: 0x1001f302434000c
[INFO] 2021-07-06 18:40:47.243 org.apache.dolphinscheduler.server.master.processor.queue.TaskResponseService:[121] - TaskResponseWorker stopped
[INFO] 2021-07-06 18:40:47.298 org.apache.dolphinscheduler.service.zk.RegisterOperator:[115] - MASTER server dead , and /dolphinscheduler/nodes/master/192.168.1.100:5678 added to zk dead server path success
[INFO] 2021-07-06 18:40:47.299 org.apache.dolphinscheduler.server.master.zk.ZKMasterClient:[353] - start master failover ...
[INFO] 2021-07-06 18:40:47.323 org.apache.dolphinscheduler.server.master.zk.ZKMasterClient:[357] - failover process list size:0 
[INFO] 2021-07-06 18:40:47.324 org.apache.dolphinscheduler.server.master.zk.ZKMasterClient:[368] - master failover end
[ERROR] 2021-07-06 18:40:48.953 org.apache.dolphinscheduler.service.zk.ZookeeperOperator:[160] - isExisted key : /dolphinscheduler/nodes/master/192.168.1.100:5678
java.lang.IllegalStateException: Expected state [STARTED] was [STOPPED]
	at org.apache.curator.shaded.com.google.common.base.Preconditions.checkState(Preconditions.java:823)
	at org.apache.curator.framework.imps.CuratorFrameworkImpl.checkState(CuratorFrameworkImpl.java:432)
	at org.apache.curator.framework.imps.CuratorFrameworkImpl.checkExists(CuratorFrameworkImpl.java:459)
	at org.apache.dolphinscheduler.service.zk.ZookeeperOperator.isExisted(ZookeeperOperator.java:158)
	at org.apache.dolphinscheduler.server.registry.ZookeeperRegistryCenter.checkIsDeadServer(ZookeeperRegistryCenter.java:233)
	at org.apache.dolphinscheduler.server.registry.HeartBeatTask.run(HeartBeatTask.java:70)
	at java.base/java.util.concurrent.Executors$RunnableAdapter.call(Executors.java:515)
	at java.base/java.util.concurrent.FutureTask.runAndReset(FutureTask.java:305)
	at java.base/java.util.concurrent.ScheduledThreadPoolExecutor$ScheduledFutureTask.run(ScheduledThreadPoolExecutor.java:305)
	at java.base/java.util.concurrent.ThreadPoolExecutor.runWorker(ThreadPoolExecutor.java:1128)
	at java.base/java.util.concurrent.ThreadPoolExecutor$Worker.run(ThreadPoolExecutor.java:628)
	at java.base/java.lang.Thread.run(Thread.java:834)
[INFO] 2021-07-06 18:40:49.689 org.apache.dolphinscheduler.remote.NettyRemotingClient:[403] - netty client closed
[INFO] 2021-07-06 18:40:49.689 org.apache.dolphinscheduler.server.master.runner.MasterSchedulerService:[111] - master schedule service stopped...
[INFO] 2021-07-06 18:40:49.692 org.apache.dolphinscheduler.remote.NettyRemotingServer:[237] - netty server closed
[ERROR] 2021-07-06 18:40:49.693 org.apache.dolphinscheduler.service.zk.ZookeeperOperator:[160] - isExisted key : /dolphinscheduler/nodes/master/192.168.1.100:5678
java.lang.IllegalStateException: Expected state [STARTED] was [STOPPED]
	at org.apache.curator.shaded.com.google.common.base.Preconditions.checkState(Preconditions.java:823)
	at org.apache.curator.framework.imps.CuratorFrameworkImpl.checkState(CuratorFrameworkImpl.java:432)
	at org.apache.curator.framework.imps.CuratorFrameworkImpl.checkExists(CuratorFrameworkImpl.java:459)
	at org.apache.dolphinscheduler.service.zk.ZookeeperOperator.isExisted(ZookeeperOperator.java:158)
	at org.apache.dolphinscheduler.service.zk.ZookeeperOperator.remove(ZookeeperOperator.java:224)
	at org.apache.dolphinscheduler.server.master.registry.MasterRegistry.unRegistry(MasterRegistry.java:117)
	at org.apache.dolphinscheduler.server.master.zk.ZKMasterClient.close(ZKMasterClient.java:114)
	at org.apache.dolphinscheduler.server.master.MasterServer.close(MasterServer.java:178)
	at org.apache.dolphinscheduler.server.master.MasterServer.lambda$run$0(MasterServer.java:145)
	at java.base/java.lang.Thread.run(Thread.java:834)
[INFO] 2021-07-06 18:40:49.694 org.apache.dolphinscheduler.server.master.registry.MasterRegistry:[118] - master node : 192.168.1.100:5678 unRegistry to ZK.
[INFO] 2021-07-06 18:40:49.695 org.apache.dolphinscheduler.server.master.registry.MasterRegistry:[120] - heartbeat executor shutdown
[INFO] 2021-07-06 18:40:50.196 org.apache.curator.framework.imps.CuratorFrameworkImpl:[955] - backgroundOperationsLoop exiting
[INFO] 2021-07-06 18:40:50.227 org.apache.zookeeper.ZooKeeper:[693] - Session: 0x1001f302434000d closed
[INFO] 2021-07-06 18:40:50.227 org.apache.zookeeper.ClientCnxn:[522] - EventThread shut down for session: 0x1001f302434000d
[INFO] 2021-07-06 18:40:50.228 org.quartz.core.QuartzScheduler:[666] - Scheduler DolphinScheduler_$_Kirins-MacBook-Pro.local1625567869821 shutting down.
[INFO] 2021-07-06 18:40:50.228 org.quartz.core.QuartzScheduler:[585] - Scheduler DolphinScheduler_$_Kirins-MacBook-Pro.local1625567869821 paused.
[INFO] 2021-07-06 18:40:50.246 com.alibaba.druid.pool.DruidDataSource:[1928] - {dataSource-1} closed
[INFO] 2021-07-06 18:40:50.247 org.quartz.core.QuartzScheduler:[740] - Scheduler DolphinScheduler_$_Kirins-MacBook-Pro.local1625567869821 shutdown complete.
[INFO] 2021-07-06 18:40:50.247 org.apache.dolphinscheduler.service.quartz.QuartzExecutors:[171] - Quartz service stopped, and halt all tasks
[INFO] 2021-07-06 18:40:50.247 org.apache.dolphinscheduler.server.master.MasterServer:[182] - Quartz service stopped
[INFO] 2021-07-06 18:42:52.956 org.apache.dolphinscheduler.service.zk.ZookeeperOperator:[87] - zookeeper registry center init, server lists is: localhost:2181.
[INFO] 2021-07-06 18:42:53.008 org.apache.curator.utils.Compatibility:[48] - Running in ZooKeeper 3.4.x compatibility mode
[INFO] 2021-07-06 18:42:53.010 org.apache.curator.utils.Compatibility:[61] - Using emulated InjectSessionExpiration
[INFO] 2021-07-06 18:42:53.045 org.apache.curator.framework.imps.CuratorFrameworkImpl:[308] - Starting
[INFO] 2021-07-06 18:42:53.060 org.apache.zookeeper.ZooKeeper:[100] - Client environment:zookeeper.version=3.4.14-4c25d480e66aadd371de8bd2fd8da255ac140bcf, built on 03/06/2019 16:18 GMT
[INFO] 2021-07-06 18:42:53.060 org.apache.zookeeper.ZooKeeper:[100] - Client environment:host.name=localhost
[INFO] 2021-07-06 18:42:53.060 org.apache.zookeeper.ZooKeeper:[100] - Client environment:java.version=11.0.8
[INFO] 2021-07-06 18:42:53.061 org.apache.zookeeper.ZooKeeper:[100] - Client environment:java.vendor=JetBrains s.r.o.
[INFO] 2021-07-06 18:42:53.061 org.apache.zookeeper.ZooKeeper:[100] - Client environment:java.home=/Applications/IntelliJ IDEA.app/Contents/jbr/Contents/Home
[INFO] 2021-07-06 18:42:53.061 org.apache.zookeeper.ZooKeeper:[100] - Client environment:java.class.path=/Users/kirin/Program/IDEAProjects/apache-dolphinscheduler-1.3.6-src/dolphinscheduler-server/target/classes:/Users/kirin/Program/IDEAProjects/apache-dolphinscheduler-1.3.6-src/dolphinscheduler-common/target/classes:/Users/kirin/Program/IDEAProjects/apache-dolphinscheduler-1.3.6-src/dolphinscheduler-plugin-api/target/classes:/Users/kirin/.m2/repository/commons-io/commons-io/2.4/commons-io-2.4.jar:/Users/kirin/.m2/repository/com/alibaba/fastjson/1.2.61/fastjson-1.2.61.jar:/Users/kirin/.m2/repository/commons-configuration/commons-configuration/1.10/commons-configuration-1.10.jar:/Users/kirin/.m2/repository/commons-lang/commons-lang/2.6/commons-lang-2.6.jar:/Users/kirin/.m2/repository/com/fasterxml/jackson/core/jackson-annotations/2.9.10/jackson-annotations-2.9.10.jar:/Users/kirin/.m2/repository/com/fasterxml/jackson/core/jackson-databind/2.9.10/jackson-databind-2.9.10.jar:/Users/kirin/.m2/repository/org/apache/commons/commons-collections4/4.1/commons-collections4-4.1.jar:/Users/kirin/.m2/repository/org/apache/hadoop/hadoop-common/2.7.3/hadoop-common-2.7.3.jar:/Users/kirin/.m2/repository/org/apache/hadoop/hadoop-annotations/2.7.3/hadoop-annotations-2.7.3.jar:/Users/kirin/.m2/repository/commons-cli/commons-cli/1.2/commons-cli-1.2.jar:/Users/kirin/.m2/repository/commons-collections/commons-collections/3.2.2/commons-collections-3.2.2.jar:/Users/kirin/.m2/repository/org/mortbay/jetty/jetty/6.1.26/jetty-6.1.26.jar:/Users/kirin/.m2/repository/org/mortbay/jetty/jetty-util/6.1.26/jetty-util-6.1.26.jar:/Users/kirin/.m2/repository/net/java/dev/jets3t/jets3t/0.9.0/jets3t-0.9.0.jar:/Users/kirin/.m2/repository/com/jamesmurty/utils/java-xmlbuilder/0.4/java-xmlbuilder-0.4.jar:/Users/kirin/.m2/repository/com/google/protobuf/protobuf-java/2.5.0/protobuf-java-2.5.0.jar:/Users/kirin/.m2/repository/org/apache/hadoop/hadoop-auth/2.7.3/hadoop-auth-2.7.3.jar:/Users/kirin/.m2/repository/org/apache/directory/server/apacheds-kerberos-codec/2.0.0-M15/apacheds-kerberos-codec-2.0.0-M15.jar:/Users/kirin/.m2/repository/org/apache/directory/server/apacheds-i18n/2.0.0-M15/apacheds-i18n-2.0.0-M15.jar:/Users/kirin/.m2/repository/org/apache/directory/api/api-asn1-api/1.0.0-M20/api-asn1-api-1.0.0-M20.jar:/Users/kirin/.m2/repository/org/apache/directory/api/api-util/1.0.0-M20/api-util-1.0.0-M20.jar:/Users/kirin/.m2/repository/com/jcraft/jsch/0.1.42/jsch-0.1.42.jar:/Users/kirin/.m2/repository/org/apache/htrace/htrace-core/3.1.0-incubating/htrace-core-3.1.0-incubating.jar:/Users/kirin/.m2/repository/org/apache/commons/commons-compress/1.4.1/commons-compress-1.4.1.jar:/Users/kirin/.m2/repository/org/apache/hadoop/hadoop-client/2.7.3/hadoop-client-2.7.3.jar:/Users/kirin/.m2/repository/org/apache/hadoop/hadoop-mapreduce-client-app/2.7.3/hadoop-mapreduce-client-app-2.7.3.jar:/Users/kirin/.m2/repository/org/apache/hadoop/hadoop-mapreduce-client-common/2.7.3/hadoop-mapreduce-client-common-2.7.3.jar:/Users/kirin/.m2/repository/org/apache/hadoop/hadoop-yarn-client/2.7.3/hadoop-yarn-client-2.7.3.jar:/Users/kirin/.m2/repository/org/apache/hadoop/hadoop-yarn-server-common/2.7.3/hadoop-yarn-server-common-2.7.3.jar:/Users/kirin/.m2/repository/org/apache/hadoop/hadoop-yarn-api/2.7.3/hadoop-yarn-api-2.7.3.jar:/Users/kirin/.m2/repository/org/apache/hadoop/hadoop-mapreduce-client-core/2.7.3/hadoop-mapreduce-client-core-2.7.3.jar:/Users/kirin/.m2/repository/org/apache/hadoop/hadoop-yarn-common/2.7.3/hadoop-yarn-common-2.7.3.jar:/Users/kirin/.m2/repository/org/apache/hadoop/hadoop-mapreduce-client-jobclient/2.7.3/hadoop-mapreduce-client-jobclient-2.7.3.jar:/Users/kirin/.m2/repository/org/apache/hadoop/hadoop-hdfs/2.7.3/hadoop-hdfs-2.7.3.jar:/Users/kirin/.m2/repository/commons-daemon/commons-daemon/1.0.13/commons-daemon-1.0.13.jar:/Users/kirin/.m2/repository/org/codehaus/jackson/jackson-core-asl/1.9.13/jackson-core-asl-1.9.13.jar:/Users/kirin/.m2/repository/org/codehaus/jackson/jackson-mapper-asl/1.9.13/jackson-mapper-asl-1.9.13.jar:/Users/kirin/.m2/repository/xerces/xercesImpl/2.9.1/xercesImpl-2.9.1.jar:/Users/kirin/.m2/repository/xml-apis/xml-apis/1.4.01/xml-apis-1.4.01.jar:/Users/kirin/.m2/repository/org/apache/hadoop/hadoop-aws/2.7.3/hadoop-aws-2.7.3.jar:/Users/kirin/.m2/repository/com/amazonaws/aws-java-sdk/1.7.4/aws-java-sdk-1.7.4.jar:/Users/kirin/.m2/repository/joda-time/joda-time/2.10.8/joda-time-2.10.8.jar:/Users/kirin/.m2/repository/org/postgresql/postgresql/42.1.4/postgresql-42.1.4.jar:/Users/kirin/.m2/repository/org/apache/hive/hive-jdbc/2.1.0/hive-jdbc-2.1.0.jar:/Users/kirin/.m2/repository/org/apache/hive/hive-common/2.1.0/hive-common-2.1.0.jar:/Users/kirin/.m2/repository/org/apache/hive/hive-storage-api/2.1.0/hive-storage-api-2.1.0.jar:/Users/kirin/.m2/repository/org/apache/hive/hive-orc/2.1.0/hive-orc-2.1.0.jar:/Users/kirin/.m2/repository/org/iq80/snappy/snappy/0.2/snappy-0.2.jar:/Users/kirin/.m2/repository/org/apache/logging/log4j/log4j-1.2-api/2.11.2/log4j-1.2-api-2.11.2.jar:/Users/kirin/.m2/repository/org/apache/hive/hive-service/2.1.0/hive-service-2.1.0.jar:/Users/kirin/.m2/repository/net/sf/jpam/jpam/1.1/jpam-1.1.jar:/Users/kirin/.m2/repository/org/apache/thrift/libfb303/0.9.3/libfb303-0.9.3.jar:/Users/kirin/.m2/repository/org/jamon/jamon-runtime/2.3.1/jamon-runtime-2.3.1.jar:/Users/kirin/.m2/repository/org/apache/hive/hive-serde/2.1.0/hive-serde-2.1.0.jar:/Users/kirin/.m2/repository/net/sf/opencsv/opencsv/2.3/opencsv-2.3.jar:/Users/kirin/.m2/repository/org/apache/parquet/parquet-hadoop-bundle/1.8.1/parquet-hadoop-bundle-1.8.1.jar:/Users/kirin/.m2/repository/org/apache/hive/hive-metastore/2.1.0/hive-metastore-2.1.0.jar:/Users/kirin/.m2/repository/javolution/javolution/5.5.1/javolution-5.5.1.jar:/Users/kirin/.m2/repository/com/jolbox/bonecp/0.8.0.RELEASE/bonecp-0.8.0.RELEASE.jar:/Users/kirin/.m2/repository/org/apache/derby/derby/10.14.2.0/derby-10.14.2.0.jar:/Users/kirin/.m2/repository/org/datanucleus/datanucleus-api-jdo/4.2.1/datanucleus-api-jdo-4.2.1.jar:/Users/kirin/.m2/repository/org/datanucleus/datanucleus-core/4.1.6/datanucleus-core-4.1.6.jar:/Users/kirin/.m2/repository/org/datanucleus/datanucleus-rdbms/4.1.7/datanucleus-rdbms-4.1.7.jar:/Users/kirin/.m2/repository/commons-pool/commons-pool/1.6/commons-pool-1.6.jar:/Users/kirin/.m2/repository/commons-dbcp/commons-dbcp/1.4/commons-dbcp-1.4.jar:/Users/kirin/.m2/repository/javax/jdo/jdo-api/3.0.1/jdo-api-3.0.1.jar:/Users/kirin/.m2/repository/javax/transaction/jta/1.1/jta-1.1.jar:/Users/kirin/.m2/repository/org/datanucleus/javax.jdo/3.2.0-m3/javax.jdo-3.2.0-m3.jar:/Users/kirin/.m2/repository/javax/transaction/transaction-api/1.1/transaction-api-1.1.jar:/Users/kirin/.m2/repository/co/cask/tephra/tephra-api/0.6.0/tephra-api-0.6.0.jar:/Users/kirin/.m2/repository/org/apache/hive/hive-service-rpc/2.1.0/hive-service-rpc-2.1.0.jar:/Users/kirin/.m2/repository/org/apache/thrift/libthrift/0.9.3/libthrift-0.9.3.jar:/Users/kirin/.m2/repository/ch/qos/logback/logback-classic/1.2.3/logback-classic-1.2.3.jar:/Users/kirin/.m2/repository/ch/qos/logback/logback-core/1.2.3/logback-core-1.2.3.jar:/Users/kirin/.m2/repository/com/github/oshi/oshi-core/3.9.1/oshi-core-3.9.1.jar:/Users/kirin/.m2/repository/net/java/dev/jna/jna-platform/4.5.2/jna-platform-4.5.2.jar:/Users/kirin/.m2/repository/net/java/dev/jna/jna/4.5.2/jna-4.5.2.jar:/Users/kirin/.m2/repository/ru/yandex/clickhouse/clickhouse-jdbc/0.1.52/clickhouse-jdbc-0.1.52.jar:/Users/kirin/.m2/repository/org/apache/httpcomponents/httpmime/4.5.13/httpmime-4.5.13.jar:/Users/kirin/.m2/repository/net/jpountz/lz4/lz4/1.3.0/lz4-1.3.0.jar:/Users/kirin/.m2/repository/com/microsoft/sqlserver/mssql-jdbc/6.1.0.jre8/mssql-jdbc-6.1.0.jre8.jar:/Users/kirin/.m2/repository/com/baomidou/mybatis-plus-annotation/3.2.0/mybatis-plus-annotation-3.2.0.jar:/Users/kirin/.m2/repository/org/mybatis/mybatis/3.5.2/mybatis-3.5.2.jar:/Users/kirin/.m2/repository/org/apache/skywalking/apm-toolkit-logback-1.x/8.4.0/apm-toolkit-logback-1.x-8.4.0.jar:/Users/kirin/Program/IDEAProjects/apache-dolphinscheduler-1.3.6-src/dolphinscheduler-dao/target/classes:/Users/kirin/.m2/repository/com/baomidou/mybatis-plus/3.2.0/mybatis-plus-3.2.0.jar:/Users/kirin/.m2/repository/com/baomidou/mybatis-plus-extension/3.2.0/mybatis-plus-extension-3.2.0.jar:/Users/kirin/.m2/repository/com/baomidou/mybatis-plus-core/3.2.0/mybatis-plus-core-3.2.0.jar:/Users/kirin/.m2/repository/com/github/jsqlparser/jsqlparser/2.1/jsqlparser-2.1.jar:/Users/kirin/.m2/repository/org/mybatis/mybatis-spring/2.0.2/mybatis-spring-2.0.2.jar:/Users/kirin/.m2/repository/com/baomidou/mybatis-plus-boot-starter/3.2.0/mybatis-plus-boot-starter-3.2.0.jar:/Users/kirin/.m2/repository/org/springframework/boot/spring-boot-autoconfigure/2.1.18.RELEASE/spring-boot-autoconfigure-2.1.18.RELEASE.jar:/Users/kirin/.m2/repository/org/springframework/boot/spring-boot/2.1.18.RELEASE/spring-boot-2.1.18.RELEASE.jar:/Users/kirin/.m2/repository/org/springframework/spring-context/5.1.19.RELEASE/spring-context-5.1.19.RELEASE.jar:/Users/kirin/.m2/repository/org/springframework/spring-aop/5.1.19.RELEASE/spring-aop-5.1.19.RELEASE.jar:/Users/kirin/.m2/repository/org/springframework/spring-expression/5.1.19.RELEASE/spring-expression-5.1.19.RELEASE.jar:/Users/kirin/.m2/repository/org/springframework/boot/spring-boot-starter-jdbc/2.1.18.RELEASE/spring-boot-starter-jdbc-2.1.18.RELEASE.jar:/Users/kirin/.m2/repository/org/springframework/boot/spring-boot-starter/2.1.18.RELEASE/spring-boot-starter-2.1.18.RELEASE.jar:/Users/kirin/.m2/repository/javax/annotation/javax.annotation-api/1.3.2/javax.annotation-api-1.3.2.jar:/Users/kirin/.m2/repository/com/zaxxer/HikariCP/3.2.0/HikariCP-3.2.0.jar:/Users/kirin/.m2/repository/org/springframework/spring-jdbc/5.1.19.RELEASE/spring-jdbc-5.1.19.RELEASE.jar:/Users/kirin/.m2/repository/org/springframework/spring-beans/5.1.19.RELEASE/spring-beans-5.1.19.RELEASE.jar:/Users/kirin/.m2/repository/org/springframework/spring-tx/5.1.19.RELEASE/spring-tx-5.1.19.RELEASE.jar:/Users/kirin/.m2/repository/mysql/mysql-connector-java/8.0.23/mysql-connector-java-8.0.23.jar:/Users/kirin/.m2/repository/com/h2database/h2/1.4.200/h2-1.4.200.jar:/Users/kirin/.m2/repository/com/alibaba/druid/1.1.14/druid-1.1.14.jar:/Users/kirin/.m2/repository/commons-httpclient/commons-httpclient/3.0.1/commons-httpclient-3.0.1.jar:/Users/kirin/.m2/repository/com/cronutils/cron-utils/5.0.5/cron-utils-5.0.5.jar:/Users/kirin/.m2/repository/org/yaml/snakeyaml/1.23/snakeyaml-1.23.jar:/Users/kirin/Program/IDEAProjects/apache-dolphinscheduler-1.3.6-src/dolphinscheduler-service/target/classes:/Users/kirin/Program/IDEAProjects/apache-dolphinscheduler-1.3.6-src/dolphinscheduler-remote/target/classes:/Users/kirin/.m2/repository/io/netty/netty-all/4.1.53.Final/netty-all-4.1.53.Final.jar:/Users/kirin/.m2/repository/org/apache/curator/curator-client/4.3.0/curator-client-4.3.0.jar:/Users/kirin/.m2/repository/org/quartz-scheduler/quartz/2.3.0/quartz-2.3.0.jar:/Users/kirin/.m2/repository/org/apache/logging/log4j/log4j-core/2.11.2/log4j-core-2.11.2.jar:/Users/kirin/.m2/repository/org/apache/logging/log4j/log4j-api/2.11.2/log4j-api-2.11.2.jar:/Users/kirin/.m2/repository/org/quartz-scheduler/quartz-jobs/2.3.0/quartz-jobs-2.3.0.jar:/Users/kirin/.m2/repository/org/apache/curator/curator-framework/4.3.0/curator-framework-4.3.0.jar:/Users/kirin/.m2/repository/org/apache/curator/curator-recipes/4.3.0/curator-recipes-4.3.0.jar:/Users/kirin/.m2/repository/org/apache/zookeeper/zookeeper/3.4.14/zookeeper-3.4.14.jar:/Users/kirin/.m2/repository/org/slf4j/slf4j-api/1.7.5/slf4j-api-1.7.5.jar:/Users/kirin/.m2/repository/log4j/log4j/1.2.17/log4j-1.2.17.jar:/Users/kirin/.m2/repository/jline/jline/0.9.94/jline-0.9.94.jar:/Users/kirin/.m2/repository/org/apache/yetus/audience-annotations/0.5.0/audience-annotations-0.5.0.jar:/Users/kirin/.m2/repository/org/apache/httpcomponents/httpclient/4.4.1/httpclient-4.4.1.jar:/Users/kirin/.m2/repository/commons-logging/commons-logging/1.1.1/commons-logging-1.1.1.jar:/Users/kirin/.m2/repository/commons-codec/commons-codec/1.6/commons-codec-1.6.jar:/Users/kirin/.m2/repository/org/apache/httpcomponents/httpcore/4.4.1/httpcore-4.4.1.jar:/Users/kirin/Program/IDEAProjects/apache-dolphinscheduler-1.3.6-src/dolphinscheduler-alert/target/classes:/Users/kirin/.m2/repository/org/apache/commons/commons-email/1.5/commons-email-1.5.jar:/Users/kirin/.m2/repository/com/sun/mail/javax.mail/1.6.2/javax.mail-1.6.2.jar:/Users/kirin/.m2/repository/javax/activation/activation/1.1/activation-1.1.jar:/Users/kirin/.m2/repository/com/fasterxml/jackson/core/jackson-core/2.9.10/jackson-core-2.9.10.jar:/Users/kirin/.m2/repository/com/google/guava/guava/20.0/guava-20.0.jar:/Users/kirin/.m2/repository/org/apache/poi/poi/3.17/poi-3.17.jar:/Users/kirin/.m2/repository/org/springframework/spring-core/5.1.19.RELEASE/spring-core-5.1.19.RELEASE.jar:/Users/kirin/.m2/repository/org/springframework/spring-jcl/5.1.19.RELEASE/spring-jcl-5.1.19.RELEASE.jar
[INFO] 2021-07-06 18:42:53.061 org.apache.zookeeper.ZooKeeper:[100] - Client environment:java.library.path=/Users/kirin/Library/Java/Extensions:/Library/Java/Extensions:/Network/Library/Java/Extensions:/System/Library/Java/Extensions:/usr/lib/java:.
[INFO] 2021-07-06 18:42:53.061 org.apache.zookeeper.ZooKeeper:[100] - Client environment:java.io.tmpdir=/var/folders/75/c1ln5b850l50lzyj_4x1hk7w0000gn/T/
[INFO] 2021-07-06 18:42:53.061 org.apache.zookeeper.ZooKeeper:[100] - Client environment:java.compiler=<NA>
[INFO] 2021-07-06 18:42:53.062 org.apache.zookeeper.ZooKeeper:[100] - Client environment:os.name=Mac OS X
[INFO] 2021-07-06 18:42:53.062 org.apache.zookeeper.ZooKeeper:[100] - Client environment:os.arch=x86_64
[INFO] 2021-07-06 18:42:53.062 org.apache.zookeeper.ZooKeeper:[100] - Client environment:os.version=10.15.7
[INFO] 2021-07-06 18:42:53.062 org.apache.zookeeper.ZooKeeper:[100] - Client environment:user.name=kirin
[INFO] 2021-07-06 18:42:53.062 org.apache.zookeeper.ZooKeeper:[100] - Client environment:user.home=/Users/kirin
[INFO] 2021-07-06 18:42:53.062 org.apache.zookeeper.ZooKeeper:[100] - Client environment:user.dir=/Users/kirin/Program/IDEAProjects/apache-dolphinscheduler-1.3.6-src
[INFO] 2021-07-06 18:42:53.063 org.apache.zookeeper.ZooKeeper:[442] - Initiating client connection, connectString=localhost:2181 sessionTimeout=60000 watcher=org.apache.curator.ConnectionState@3a00b15d
[INFO] 2021-07-06 18:42:53.080 org.apache.curator.framework.imps.CuratorFrameworkImpl:[356] - Default schema
[INFO] 2021-07-06 18:42:53.080 org.apache.zookeeper.ClientCnxn:[1025] - Opening socket connection to server localhost/127.0.0.1:2181. Will not attempt to authenticate using SASL (unknown error)
[INFO] 2021-07-06 18:42:53.091 org.apache.zookeeper.ClientCnxn:[879] - Socket connection established to localhost/127.0.0.1:2181, initiating session
[INFO] 2021-07-06 18:42:53.126 org.apache.zookeeper.ClientCnxn:[1299] - Session establishment complete on server localhost/127.0.0.1:2181, sessionid = 0x1001f3024340018, negotiated timeout = 40000
[INFO] 2021-07-06 18:42:53.136 org.apache.curator.framework.state.ConnectionStateManager:[251] - State change: CONNECTED
[INFO] 2021-07-06 18:42:53.147 org.apache.dolphinscheduler.service.zk.ZookeeperCachedOperator:[55] - add listener to zk path: /dolphinscheduler
[INFO] 2021-07-06 18:42:53.252 org.apache.dolphinscheduler.service.zk.ZookeeperOperator:[87] - zookeeper registry center init, server lists is: localhost:2181.
[INFO] 2021-07-06 18:42:53.253 org.apache.curator.framework.imps.CuratorFrameworkImpl:[308] - Starting
[INFO] 2021-07-06 18:42:53.254 org.apache.zookeeper.ZooKeeper:[442] - Initiating client connection, connectString=localhost:2181 sessionTimeout=60000 watcher=org.apache.curator.ConnectionState@75d366c2
[INFO] 2021-07-06 18:42:53.255 org.apache.curator.framework.imps.CuratorFrameworkImpl:[356] - Default schema
[INFO] 2021-07-06 18:42:53.255 org.apache.zookeeper.ClientCnxn:[1025] - Opening socket connection to server localhost/0:0:0:0:0:0:0:1:2181. Will not attempt to authenticate using SASL (unknown error)
[INFO] 2021-07-06 18:42:53.256 org.apache.zookeeper.ClientCnxn:[879] - Socket connection established to localhost/0:0:0:0:0:0:0:1:2181, initiating session
[INFO] 2021-07-06 18:42:53.282 org.apache.zookeeper.ClientCnxn:[1299] - Session establishment complete on server localhost/0:0:0:0:0:0:0:1:2181, sessionid = 0x1001f3024340019, negotiated timeout = 40000
[INFO] 2021-07-06 18:42:53.283 org.apache.curator.framework.state.ConnectionStateManager:[251] - State change: CONNECTED
[INFO] 2021-07-06 18:42:53.283 org.apache.dolphinscheduler.service.zk.ZookeeperCachedOperator:[55] - add listener to zk path: /dolphinscheduler
[INFO] 2021-07-06 18:42:53.474 org.apache.dolphinscheduler.remote.NettyRemotingServer:[171] - NettyRemotingServer bind success at port : 5678
[INFO] 2021-07-06 18:42:53.579 org.apache.dolphinscheduler.server.master.registry.MasterRegistry:[108] - master node : 192.168.1.100:5678 registry to ZK successfully with heartBeatInterval : 10s
[INFO] 2021-07-06 18:42:53.608 org.apache.dolphinscheduler.service.zk.RegisterOperator:[66] - master server 192.168.1.100:5678 deleted from zk dead server path success
[INFO] 2021-07-06 18:42:53.687 org.apache.dolphinscheduler.service.zk.AbstractZKClient:[315] - initialize server nodes success.
[INFO] 2021-07-06 18:42:53.691 org.apache.dolphinscheduler.server.master.zk.ZKMasterClient:[144] - MASTER node deleted : null
[INFO] 2021-07-06 18:42:53.719 org.apache.dolphinscheduler.server.master.zk.ZKMasterClient:[353] - start master failover ...
[INFO] 2021-07-06 18:42:54.185 com.alibaba.druid.pool.DruidDataSource:[991] - {dataSource-1} inited
[INFO] 2021-07-06 18:42:54.221 org.apache.dolphinscheduler.server.master.zk.ZKMasterClient:[357] - failover process list size:0 
[INFO] 2021-07-06 18:42:54.221 org.apache.dolphinscheduler.server.master.zk.ZKMasterClient:[368] - master failover end
[INFO] 2021-07-06 18:42:54.247 org.apache.dolphinscheduler.server.master.zk.ZKMasterClient:[144] - WORKER node deleted : null
[INFO] 2021-07-06 18:42:54.275 org.apache.dolphinscheduler.server.master.zk.ZKMasterClient:[319] - start worker[null] failover ...
[INFO] 2021-07-06 18:42:54.292 org.apache.dolphinscheduler.server.master.zk.ZKMasterClient:[344] - end worker[null] failover ...
[INFO] 2021-07-06 18:42:54.349 org.apache.dolphinscheduler.server.master.MasterServer:[129] - start Quartz server...
[INFO] 2021-07-06 18:42:54.350 org.apache.dolphinscheduler.server.master.runner.MasterSchedulerService:[119] - master scheduler started
[INFO] 2021-07-06 18:42:54.457 org.quartz.impl.StdSchedulerFactory:[1208] - Using default implementation for ThreadExecutor
[INFO] 2021-07-06 18:42:54.474 org.quartz.core.SchedulerSignalerImpl:[61] - Initialized Scheduler Signaller of type: class org.quartz.core.SchedulerSignalerImpl
[INFO] 2021-07-06 18:42:54.474 org.quartz.core.QuartzScheduler:[229] - Quartz Scheduler v.2.3.0 created.
[INFO] 2021-07-06 18:42:54.475 org.quartz.impl.jdbcjobstore.JobStoreTX:[672] - Using db table-based data access locking (synchronization).
[INFO] 2021-07-06 18:42:54.477 org.quartz.impl.jdbcjobstore.JobStoreTX:[59] - JobStoreTX initialized.
[INFO] 2021-07-06 18:42:54.478 org.quartz.core.QuartzScheduler:[294] - Scheduler meta-data: Quartz Scheduler (v2.3.0) 'DolphinScheduler' with instanceId 'Kirins-MacBook-Pro.local1625568174460'
  Scheduler class: 'org.quartz.core.QuartzScheduler' - running locally.
  NOT STARTED.
  Currently in standby mode.
  Number of jobs executed: 0
  Using thread pool 'org.quartz.simpl.SimpleThreadPool' - with 25 threads.
  Using job-store 'org.quartz.impl.jdbcjobstore.JobStoreTX' - which supports persistence. and is clustered.

[INFO] 2021-07-06 18:42:54.478 org.quartz.impl.StdSchedulerFactory:[1362] - Quartz scheduler 'DolphinScheduler' initialized from an externally provided properties instance.
[INFO] 2021-07-06 18:42:54.478 org.quartz.impl.StdSchedulerFactory:[1366] - Quartz scheduler version: 2.3.0
[INFO] 2021-07-06 18:42:54.498 org.quartz.impl.jdbcjobstore.JobStoreTX:[3629] - ClusterManager: detected 1 failed or restarted instances.
[INFO] 2021-07-06 18:42:54.498 org.quartz.impl.jdbcjobstore.JobStoreTX:[3488] - ClusterManager: Scanning for instance "Kirins-MacBook-Pro.local1625567869821"'s failed in-progress jobs.
[INFO] 2021-07-06 18:42:54.504 org.quartz.core.QuartzScheduler:[547] - Scheduler DolphinScheduler_$_Kirins-MacBook-Pro.local1625568174460 started.
[INFO] 2021-07-06 18:42:54.505 org.apache.dolphinscheduler.service.quartz.QuartzExecutors:[154] - Quartz service started
[INFO] 2021-07-06 18:42:54.515 org.apache.dolphinscheduler.service.zk.ZookeeperOperator:[87] - zookeeper registry center init, server lists is: localhost:2181.
[INFO] 2021-07-06 18:42:54.516 org.apache.curator.framework.imps.CuratorFrameworkImpl:[308] - Starting
[INFO] 2021-07-06 18:42:54.516 org.apache.zookeeper.ZooKeeper:[442] - Initiating client connection, connectString=localhost:2181 sessionTimeout=60000 watcher=org.apache.curator.ConnectionState@6c6379c
[INFO] 2021-07-06 18:42:54.517 org.apache.zookeeper.ClientCnxn:[1025] - Opening socket connection to server localhost/127.0.0.1:2181. Will not attempt to authenticate using SASL (unknown error)
[INFO] 2021-07-06 18:42:54.517 org.apache.curator.framework.imps.CuratorFrameworkImpl:[356] - Default schema
[INFO] 2021-07-06 18:42:54.518 org.apache.zookeeper.ClientCnxn:[879] - Socket connection established to localhost/127.0.0.1:2181, initiating session
[INFO] 2021-07-06 18:42:54.544 org.apache.zookeeper.ClientCnxn:[1299] - Session establishment complete on server localhost/127.0.0.1:2181, sessionid = 0x1001f302434001a, negotiated timeout = 40000
[INFO] 2021-07-06 18:42:54.545 org.apache.curator.framework.state.ConnectionStateManager:[251] - State change: CONNECTED
[INFO] 2021-07-06 18:42:54.545 org.apache.dolphinscheduler.service.zk.ZookeeperCachedOperator:[55] - add listener to zk path: /dolphinscheduler
[INFO] 2021-07-06 18:42:54.570 org.apache.dolphinscheduler.service.zk.ZookeeperOperator:[87] - zookeeper registry center init, server lists is: localhost:2181.
[INFO] 2021-07-06 18:42:54.571 org.apache.curator.framework.imps.CuratorFrameworkImpl:[308] - Starting
[INFO] 2021-07-06 18:42:54.571 org.apache.zookeeper.ZooKeeper:[442] - Initiating client connection, connectString=localhost:2181 sessionTimeout=60000 watcher=org.apache.curator.ConnectionState@1aac0a47
[INFO] 2021-07-06 18:42:54.572 org.apache.zookeeper.ClientCnxn:[1025] - Opening socket connection to server localhost/0:0:0:0:0:0:0:1:2181. Will not attempt to authenticate using SASL (unknown error)
[INFO] 2021-07-06 18:42:54.572 org.apache.curator.framework.imps.CuratorFrameworkImpl:[356] - Default schema
[INFO] 2021-07-06 18:42:54.572 org.apache.zookeeper.ClientCnxn:[879] - Socket connection established to localhost/0:0:0:0:0:0:0:1:2181, initiating session
[INFO] 2021-07-06 18:42:54.599 org.apache.zookeeper.ClientCnxn:[1299] - Session establishment complete on server localhost/0:0:0:0:0:0:0:1:2181, sessionid = 0x1001f302434001b, negotiated timeout = 40000
[INFO] 2021-07-06 18:42:54.599 org.apache.curator.framework.state.ConnectionStateManager:[251] - State change: CONNECTED
[INFO] 2021-07-06 18:42:54.599 org.apache.dolphinscheduler.service.zk.ZookeeperCachedOperator:[55] - add listener to zk path: /dolphinscheduler
[INFO] 2021-07-06 18:42:54.601 org.apache.dolphinscheduler.service.zk.ZookeeperOperator:[87] - zookeeper registry center init, server lists is: localhost:2181.
[INFO] 2021-07-06 18:42:54.602 org.apache.curator.framework.imps.CuratorFrameworkImpl:[308] - Starting
[INFO] 2021-07-06 18:42:54.602 org.apache.zookeeper.ZooKeeper:[442] - Initiating client connection, connectString=localhost:2181 sessionTimeout=60000 watcher=org.apache.curator.ConnectionState@54bb1194
[INFO] 2021-07-06 18:42:54.603 org.apache.zookeeper.ClientCnxn:[1025] - Opening socket connection to server localhost/127.0.0.1:2181. Will not attempt to authenticate using SASL (unknown error)
[INFO] 2021-07-06 18:42:54.603 org.apache.curator.framework.imps.CuratorFrameworkImpl:[356] - Default schema
[INFO] 2021-07-06 18:42:54.604 org.apache.zookeeper.ClientCnxn:[879] - Socket connection established to localhost/127.0.0.1:2181, initiating session
[INFO] 2021-07-06 18:42:54.629 org.apache.zookeeper.ClientCnxn:[1299] - Session establishment complete on server localhost/127.0.0.1:2181, sessionid = 0x1001f302434001c, negotiated timeout = 40000
[INFO] 2021-07-06 18:42:54.630 org.apache.curator.framework.state.ConnectionStateManager:[251] - State change: CONNECTED
[INFO] 2021-07-06 18:43:04.338 org.apache.dolphinscheduler.server.master.registry.ServerNodeManager:[215] - worker group node : /dolphinscheduler/nodes/worker/default/192.168.1.100:1234 added.
[INFO] 2021-07-06 18:43:04.338 org.apache.dolphinscheduler.server.master.zk.ZKMasterClient:[238] - worker node added : /dolphinscheduler/nodes/worker/default/192.168.1.100:1234
[INFO] 2021-07-06 18:43:04.339 org.apache.dolphinscheduler.server.master.registry.ServerNodeManager:[218] - currentNodes : [192.168.1.100:1234]
[INFO] 2021-07-06 18:46:23.182 org.apache.dolphinscheduler.server.master.MasterServer:[164] - master server is stopping ..., cause : shutdownHook
[INFO] 2021-07-06 18:46:23.695 org.apache.curator.framework.imps.CuratorFrameworkImpl:[955] - backgroundOperationsLoop exiting
[INFO] 2021-07-06 18:46:23.723 org.apache.zookeeper.ZooKeeper:[693] - Session: 0x1001f3024340018 closed
[INFO] 2021-07-06 18:46:23.723 org.apache.zookeeper.ClientCnxn:[522] - EventThread shut down for session: 0x1001f3024340018
[INFO] 2021-07-06 18:46:23.723 org.apache.dolphinscheduler.server.master.zk.ZKMasterClient:[144] - MASTER node deleted : /dolphinscheduler/nodes/master/192.168.1.100:5678
[INFO] 2021-07-06 18:46:23.725 org.apache.dolphinscheduler.server.master.processor.queue.TaskResponseService:[121] - TaskResponseWorker stopped
[INFO] 2021-07-06 18:46:23.804 org.apache.dolphinscheduler.service.zk.RegisterOperator:[115] - MASTER server dead , and /dolphinscheduler/nodes/master/192.168.1.100:5678 added to zk dead server path success
[INFO] 2021-07-06 18:46:23.805 org.apache.dolphinscheduler.server.master.zk.ZKMasterClient:[353] - start master failover ...
[INFO] 2021-07-06 18:46:23.812 org.apache.dolphinscheduler.server.master.zk.ZKMasterClient:[357] - failover process list size:0 
[INFO] 2021-07-06 18:46:23.812 org.apache.dolphinscheduler.server.master.zk.ZKMasterClient:[368] - master failover end
[INFO] 2021-07-06 18:46:26.189 org.apache.dolphinscheduler.remote.NettyRemotingClient:[403] - netty client closed
[INFO] 2021-07-06 18:46:26.190 org.apache.dolphinscheduler.server.master.runner.MasterSchedulerService:[111] - master schedule service stopped...
[INFO] 2021-07-06 18:46:26.192 org.apache.dolphinscheduler.remote.NettyRemotingServer:[237] - netty server closed
[ERROR] 2021-07-06 18:46:26.200 org.apache.dolphinscheduler.service.zk.ZookeeperOperator:[160] - isExisted key : /dolphinscheduler/nodes/master/192.168.1.100:5678
java.lang.IllegalStateException: Expected state [STARTED] was [STOPPED]
	at org.apache.curator.shaded.com.google.common.base.Preconditions.checkState(Preconditions.java:823)
	at org.apache.curator.framework.imps.CuratorFrameworkImpl.checkState(CuratorFrameworkImpl.java:432)
	at org.apache.curator.framework.imps.CuratorFrameworkImpl.checkExists(CuratorFrameworkImpl.java:459)
	at org.apache.dolphinscheduler.service.zk.ZookeeperOperator.isExisted(ZookeeperOperator.java:158)
	at org.apache.dolphinscheduler.service.zk.ZookeeperOperator.remove(ZookeeperOperator.java:224)
	at org.apache.dolphinscheduler.server.master.registry.MasterRegistry.unRegistry(MasterRegistry.java:117)
	at org.apache.dolphinscheduler.server.master.zk.ZKMasterClient.close(ZKMasterClient.java:114)
	at org.apache.dolphinscheduler.server.master.MasterServer.close(MasterServer.java:178)
	at org.apache.dolphinscheduler.server.master.MasterServer.lambda$run$0(MasterServer.java:145)
	at java.base/java.lang.Thread.run(Thread.java:834)
[INFO] 2021-07-06 18:46:26.201 org.apache.dolphinscheduler.server.master.registry.MasterRegistry:[118] - master node : 192.168.1.100:5678 unRegistry to ZK.
[INFO] 2021-07-06 18:46:26.202 org.apache.dolphinscheduler.server.master.registry.MasterRegistry:[120] - heartbeat executor shutdown
[INFO] 2021-07-06 18:46:26.707 org.apache.curator.framework.imps.CuratorFrameworkImpl:[955] - backgroundOperationsLoop exiting
[INFO] 2021-07-06 18:46:26.736 org.apache.zookeeper.ClientCnxn:[522] - EventThread shut down for session: 0x1001f3024340019
[INFO] 2021-07-06 18:46:26.736 org.apache.zookeeper.ZooKeeper:[693] - Session: 0x1001f3024340019 closed
[INFO] 2021-07-06 18:46:26.737 org.quartz.core.QuartzScheduler:[666] - Scheduler DolphinScheduler_$_Kirins-MacBook-Pro.local1625568174460 shutting down.
[INFO] 2021-07-06 18:46:26.737 org.quartz.core.QuartzScheduler:[585] - Scheduler DolphinScheduler_$_Kirins-MacBook-Pro.local1625568174460 paused.
[INFO] 2021-07-06 18:46:26.749 com.alibaba.druid.pool.DruidDataSource:[1928] - {dataSource-1} closed
[INFO] 2021-07-06 18:46:26.750 org.quartz.core.QuartzScheduler:[740] - Scheduler DolphinScheduler_$_Kirins-MacBook-Pro.local1625568174460 shutdown complete.
[INFO] 2021-07-06 18:46:26.750 org.apache.dolphinscheduler.service.quartz.QuartzExecutors:[171] - Quartz service stopped, and halt all tasks
[INFO] 2021-07-06 18:46:26.750 org.apache.dolphinscheduler.server.master.MasterServer:[182] - Quartz service stopped
